[2026-03-23T09:29:25.804+0000] {manager.py:483} INFO - Processing files using up to 2 processes at a time 
[2026-03-23T09:29:25.805+0000] {manager.py:484} INFO - Process each file at most once every 30 seconds
[2026-03-23T09:29:25.805+0000] {manager.py:485} INFO - Checking for new files in /opt/airflow/dags every 300 seconds
[2026-03-23T09:29:25.805+0000] {manager.py:821} INFO - Searching for files in /opt/airflow/dags
[2026-03-23T09:29:25.839+0000] {manager.py:824} INFO - There are 2 files in /opt/airflow/dags
[2026-03-23T09:29:25.924+0000] {manager.py:997} INFO - 
================================================================================
DAG File Processing Stats

File Path                                    PID  Runtime      # DAGs    # Errors  Last Runtime    Last Run      Last # of DB Queries
-----------------------------------------  -----  ---------  --------  ----------  --------------  ----------  ----------------------
/opt/airflow/dags/estatisticas_mongodb.py    172  0.03s             0           0                                                   0
/opt/airflow/dags/etl_alunos.py              175  0.02s             0           0                                                   0
================================================================================
[2026-03-23T09:29:56.238+0000] {manager.py:997} INFO - 
================================================================================
DAG File Processing Stats

File Path                                  PID    Runtime      # DAGs    # Errors  Last Runtime    Last Run               Last # of DB Queries
-----------------------------------------  -----  ---------  --------  ----------  --------------  -------------------  ----------------------
/opt/airflow/dags/estatisticas_mongodb.py                           1           0  1.47s           2026-03-23T09:29:27                      24
/opt/airflow/dags/etl_alunos.py                                     1           0  1.47s           2026-03-23T09:29:27                      24
================================================================================
[2026-03-23T09:30:26.436+0000] {manager.py:997} INFO - 
================================================================================
DAG File Processing Stats

File Path                                  PID    Runtime      # DAGs    # Errors  Last Runtime    Last Run               Last # of DB Queries
-----------------------------------------  -----  ---------  --------  ----------  --------------  -------------------  ----------------------
/opt/airflow/dags/estatisticas_mongodb.py                           1           0  0.51s           2026-03-23T09:29:58                      10
/opt/airflow/dags/etl_alunos.py                                     1           0  0.50s           2026-03-23T09:29:58                      10
================================================================================
[2026-03-23T09:30:57.272+0000] {manager.py:997} INFO - 
================================================================================
DAG File Processing Stats

File Path                                  PID    Runtime      # DAGs    # Errors  Last Runtime    Last Run               Last # of DB Queries
-----------------------------------------  -----  ---------  --------  ----------  --------------  -------------------  ----------------------
/opt/airflow/dags/estatisticas_mongodb.py                           1           0  0.54s           2026-03-23T09:30:29                      10
/opt/airflow/dags/etl_alunos.py                                     1           0  0.51s           2026-03-23T09:30:28                      10
================================================================================
[2026-03-23T09:31:28.037+0000] {manager.py:997} INFO - 
================================================================================
DAG File Processing Stats

File Path                                  PID    Runtime      # DAGs    # Errors  Last Runtime    Last Run               Last # of DB Queries
-----------------------------------------  -----  ---------  --------  ----------  --------------  -------------------  ----------------------
/opt/airflow/dags/estatisticas_mongodb.py                           1           0  0.47s           2026-03-23T09:30:59                      10
/opt/airflow/dags/etl_alunos.py                                     1           0  0.45s           2026-03-23T09:30:59                      10
================================================================================
[2026-03-23T09:31:58.385+0000] {manager.py:997} INFO - 
================================================================================
DAG File Processing Stats

File Path                                  PID    Runtime      # DAGs    # Errors  Last Runtime    Last Run               Last # of DB Queries
-----------------------------------------  -----  ---------  --------  ----------  --------------  -------------------  ----------------------
/opt/airflow/dags/estatisticas_mongodb.py                           1           0  0.52s           2026-03-23T09:31:30                      10
/opt/airflow/dags/etl_alunos.py                                     1           0  0.51s           2026-03-23T09:31:30                      10
================================================================================
[2026-03-23T09:32:28.744+0000] {manager.py:997} INFO - 
================================================================================
DAG File Processing Stats

File Path                                  PID    Runtime      # DAGs    # Errors  Last Runtime    Last Run               Last # of DB Queries
-----------------------------------------  -----  ---------  --------  ----------  --------------  -------------------  ----------------------
/opt/airflow/dags/estatisticas_mongodb.py                           1           0  0.55s           2026-03-23T09:32:01                      10
/opt/airflow/dags/etl_alunos.py                                     1           0  0.51s           2026-03-23T09:32:01                      10
================================================================================
[2026-03-23T09:32:59.603+0000] {manager.py:997} INFO - 
================================================================================
DAG File Processing Stats

File Path                                  PID    Runtime      # DAGs    # Errors  Last Runtime    Last Run               Last # of DB Queries
-----------------------------------------  -----  ---------  --------  ----------  --------------  -------------------  ----------------------
/opt/airflow/dags/estatisticas_mongodb.py                           1           0  0.57s           2026-03-23T09:32:32                      10
/opt/airflow/dags/etl_alunos.py                                     1           0  0.55s           2026-03-23T09:32:32                      10
================================================================================
[2026-03-23T09:33:30.359+0000] {manager.py:997} INFO - 
================================================================================
DAG File Processing Stats

File Path                                  PID    Runtime      # DAGs    # Errors  Last Runtime    Last Run               Last # of DB Queries
-----------------------------------------  -----  ---------  --------  ----------  --------------  -------------------  ----------------------
/opt/airflow/dags/estatisticas_mongodb.py                           1           0  0.50s           2026-03-23T09:33:03                      10
/opt/airflow/dags/etl_alunos.py                                     1           0  0.47s           2026-03-23T09:33:03                      10
================================================================================
[2026-03-23T09:34:01.213+0000] {manager.py:997} INFO - 
================================================================================
DAG File Processing Stats

File Path                                  PID    Runtime      # DAGs    # Errors  Last Runtime    Last Run               Last # of DB Queries
-----------------------------------------  -----  ---------  --------  ----------  --------------  -------------------  ----------------------
/opt/airflow/dags/estatisticas_mongodb.py                           1           0  0.51s           2026-03-23T09:33:33                      10
/opt/airflow/dags/etl_alunos.py                                     1           0  0.48s           2026-03-23T09:33:33                      10
================================================================================
[2026-03-23T09:34:25.947+0000] {manager.py:821} INFO - Searching for files in /opt/airflow/dags
[2026-03-23T09:34:25.979+0000] {manager.py:824} INFO - There are 2 files in /opt/airflow/dags
[2026-03-23T09:34:32.058+0000] {manager.py:997} INFO - 
================================================================================
DAG File Processing Stats

File Path                                  PID    Runtime      # DAGs    # Errors  Last Runtime    Last Run               Last # of DB Queries
-----------------------------------------  -----  ---------  --------  ----------  --------------  -------------------  ----------------------
/opt/airflow/dags/estatisticas_mongodb.py                           1           0  0.52s           2026-03-23T09:34:04                      10
/opt/airflow/dags/etl_alunos.py                                     1           0  0.49s           2026-03-23T09:34:04                      10
================================================================================
[2026-03-23T09:35:02.889+0000] {manager.py:997} INFO - 
================================================================================
DAG File Processing Stats

File Path                                  PID    Runtime      # DAGs    # Errors  Last Runtime    Last Run               Last # of DB Queries
-----------------------------------------  -----  ---------  --------  ----------  --------------  -------------------  ----------------------
/opt/airflow/dags/estatisticas_mongodb.py                           1           0  0.50s           2026-03-23T09:34:35                      10
/opt/airflow/dags/etl_alunos.py                                     1           0  0.48s           2026-03-23T09:34:35                      10
================================================================================
[2026-03-23T09:35:33.701+0000] {manager.py:997} INFO - 
================================================================================
DAG File Processing Stats

File Path                                  PID    Runtime      # DAGs    # Errors  Last Runtime    Last Run               Last # of DB Queries
-----------------------------------------  -----  ---------  --------  ----------  --------------  -------------------  ----------------------
/opt/airflow/dags/estatisticas_mongodb.py                           1           0  0.49s           2026-03-23T09:35:06                      10
/opt/airflow/dags/etl_alunos.py                                     1           0  0.46s           2026-03-23T09:35:06                      10
================================================================================
[2026-03-23T09:36:04.557+0000] {manager.py:997} INFO - 
================================================================================
DAG File Processing Stats

File Path                                  PID    Runtime      # DAGs    # Errors  Last Runtime    Last Run               Last # of DB Queries
-----------------------------------------  -----  ---------  --------  ----------  --------------  -------------------  ----------------------
/opt/airflow/dags/estatisticas_mongodb.py                           1           0  0.52s           2026-03-23T09:35:37                      10
/opt/airflow/dags/etl_alunos.py                                     1           0  0.48s           2026-03-23T09:35:37                      10
================================================================================
[2026-03-23T09:36:35.326+0000] {manager.py:997} INFO - 
================================================================================
DAG File Processing Stats

File Path                                  PID    Runtime      # DAGs    # Errors  Last Runtime    Last Run               Last # of DB Queries
-----------------------------------------  -----  ---------  --------  ----------  --------------  -------------------  ----------------------
/opt/airflow/dags/estatisticas_mongodb.py                           1           0  0.51s           2026-03-23T09:36:08                      10
/opt/airflow/dags/etl_alunos.py                                     1           0  0.46s           2026-03-23T09:36:08                      10
================================================================================
[2026-03-23T09:37:06.057+0000] {manager.py:997} INFO - 
================================================================================
DAG File Processing Stats

File Path                                  PID    Runtime      # DAGs    # Errors  Last Runtime    Last Run               Last # of DB Queries
-----------------------------------------  -----  ---------  --------  ----------  --------------  -------------------  ----------------------
/opt/airflow/dags/estatisticas_mongodb.py                           1           0  0.50s           2026-03-23T09:36:38                      10
/opt/airflow/dags/etl_alunos.py                                     1           0  0.48s           2026-03-23T09:36:38                      10
================================================================================
[2026-03-23T09:37:36.827+0000] {manager.py:997} INFO - 
================================================================================
DAG File Processing Stats

File Path                                  PID    Runtime      # DAGs    # Errors  Last Runtime    Last Run               Last # of DB Queries
-----------------------------------------  -----  ---------  --------  ----------  --------------  -------------------  ----------------------
/opt/airflow/dags/estatisticas_mongodb.py                           1           0  0.51s           2026-03-23T09:37:09                      10
/opt/airflow/dags/etl_alunos.py                                     1           0  0.48s           2026-03-23T09:37:09                      10
================================================================================
[2026-03-23T09:38:07.630+0000] {manager.py:997} INFO - 
================================================================================
DAG File Processing Stats

File Path                                  PID    Runtime      # DAGs    # Errors  Last Runtime    Last Run               Last # of DB Queries
-----------------------------------------  -----  ---------  --------  ----------  --------------  -------------------  ----------------------
/opt/airflow/dags/estatisticas_mongodb.py                           1           0  0.49s           2026-03-23T09:37:40                      10
/opt/airflow/dags/etl_alunos.py                                     1           0  0.46s           2026-03-23T09:37:40                      10
================================================================================
[2026-03-23T11:46:26.043+0000] {manager.py:483} INFO - Processing files using up to 2 processes at a time 
[2026-03-23T11:46:26.044+0000] {manager.py:484} INFO - Process each file at most once every 30 seconds
[2026-03-23T11:46:26.044+0000] {manager.py:485} INFO - Checking for new files in /opt/airflow/dags every 300 seconds
[2026-03-23T11:46:26.045+0000] {manager.py:821} INFO - Searching for files in /opt/airflow/dags
[2026-03-23T11:46:26.073+0000] {manager.py:824} INFO - There are 2 files in /opt/airflow/dags
[2026-03-23T11:46:26.242+0000] {manager.py:997} INFO - 
================================================================================
DAG File Processing Stats

File Path                                    PID  Runtime      # DAGs    # Errors  Last Runtime    Last Run      Last # of DB Queries
-----------------------------------------  -----  ---------  --------  ----------  --------------  ----------  ----------------------
/opt/airflow/dags/estatisticas_mongodb.py    171  0.04s             0           0                                                   0
/opt/airflow/dags/etl_alunos.py              168  0.05s             0           0                                                   0
================================================================================
[2026-03-23T11:46:57.055+0000] {manager.py:997} INFO - 
================================================================================
DAG File Processing Stats

File Path                                  PID    Runtime      # DAGs    # Errors  Last Runtime    Last Run               Last # of DB Queries
-----------------------------------------  -----  ---------  --------  ----------  --------------  -------------------  ----------------------
/opt/airflow/dags/estatisticas_mongodb.py                           1           0  6.56s           2026-03-23T11:46:32                      24
/opt/airflow/dags/etl_alunos.py                                     1           0  6.27s           2026-03-23T11:46:32                      24
================================================================================
[2026-03-23T11:47:27.952+0000] {manager.py:997} INFO - 
================================================================================
DAG File Processing Stats

File Path                                  PID    Runtime      # DAGs    # Errors  Last Runtime    Last Run               Last # of DB Queries
-----------------------------------------  -----  ---------  --------  ----------  --------------  -------------------  ----------------------
/opt/airflow/dags/estatisticas_mongodb.py                           1           0  2.61s           2026-03-23T11:47:05                      10
/opt/airflow/dags/etl_alunos.py                                     1           0  2.60s           2026-03-23T11:47:05                      10
================================================================================
[2026-03-23T11:47:58.347+0000] {manager.py:997} INFO - 
================================================================================
DAG File Processing Stats

File Path                                  PID    Runtime      # DAGs    # Errors  Last Runtime    Last Run               Last # of DB Queries
-----------------------------------------  -----  ---------  --------  ----------  --------------  -------------------  ----------------------
/opt/airflow/dags/estatisticas_mongodb.py                           1           0  1.15s           2026-03-23T11:47:37                      10
/opt/airflow/dags/etl_alunos.py                                     1           0  1.13s           2026-03-23T11:47:37                      10
================================================================================
[2026-03-23T11:48:28.463+0000] {manager.py:997} INFO - 
================================================================================
DAG File Processing Stats

File Path                                  PID    Runtime      # DAGs    # Errors  Last Runtime    Last Run               Last # of DB Queries
-----------------------------------------  -----  ---------  --------  ----------  --------------  -------------------  ----------------------
/opt/airflow/dags/estatisticas_mongodb.py                           1           0  0.91s           2026-03-23T11:48:08                      10
/opt/airflow/dags/etl_alunos.py                                     1           0  0.89s           2026-03-23T11:48:08                      10
================================================================================
[2026-03-23T11:48:58.604+0000] {manager.py:997} INFO - 
================================================================================
DAG File Processing Stats

File Path                                  PID    Runtime      # DAGs    # Errors  Last Runtime    Last Run               Last # of DB Queries
-----------------------------------------  -----  ---------  --------  ----------  --------------  -------------------  ----------------------
/opt/airflow/dags/etl_alunos.py                                     1           0  2.30s           2026-03-23T11:48:40                      10
/opt/airflow/dags/estatisticas_mongodb.py                           1           0  1.90s           2026-03-23T11:48:41                      10
================================================================================
[2026-03-23T11:49:29.152+0000] {manager.py:997} INFO - 
================================================================================
DAG File Processing Stats

File Path                                  PID    Runtime      # DAGs    # Errors  Last Runtime    Last Run               Last # of DB Queries
-----------------------------------------  -----  ---------  --------  ----------  --------------  -------------------  ----------------------
/opt/airflow/dags/estatisticas_mongodb.py                           1           0  0.54s           2026-03-23T11:49:12                      10
/opt/airflow/dags/etl_alunos.py                                     1           0  0.52s           2026-03-23T11:49:12                      10
================================================================================
[2026-03-23T11:49:59.223+0000] {manager.py:997} INFO - 
================================================================================
DAG File Processing Stats

File Path                                  PID    Runtime      # DAGs    # Errors  Last Runtime    Last Run               Last # of DB Queries
-----------------------------------------  -----  ---------  --------  ----------  --------------  -------------------  ----------------------
/opt/airflow/dags/etl_alunos.py                                     1           0  1.17s           2026-03-23T11:49:43                      10
/opt/airflow/dags/estatisticas_mongodb.py                           1           0  1.15s           2026-03-23T11:49:43                      10
================================================================================
[2026-03-23T11:50:29.404+0000] {manager.py:997} INFO - 
================================================================================
DAG File Processing Stats

File Path                                  PID    Runtime      # DAGs    # Errors  Last Runtime    Last Run               Last # of DB Queries
-----------------------------------------  -----  ---------  --------  ----------  --------------  -------------------  ----------------------
/opt/airflow/dags/estatisticas_mongodb.py                           1           0  1.32s           2026-03-23T11:50:15                      10
/opt/airflow/dags/etl_alunos.py                                     1           0  1.24s           2026-03-23T11:50:15                      10
================================================================================
[2026-03-23T11:51:00.268+0000] {manager.py:997} INFO - 
================================================================================
DAG File Processing Stats

File Path                                  PID    Runtime      # DAGs    # Errors  Last Runtime    Last Run               Last # of DB Queries
-----------------------------------------  -----  ---------  --------  ----------  --------------  -------------------  ----------------------
/opt/airflow/dags/estatisticas_mongodb.py                           1           0  0.76s           2026-03-23T11:50:46                      10
/opt/airflow/dags/etl_alunos.py                                     1           0  0.71s           2026-03-23T11:50:46                      10
================================================================================
[2026-03-23T11:51:26.684+0000] {manager.py:821} INFO - Searching for files in /opt/airflow/dags
[2026-03-23T11:51:26.703+0000] {manager.py:824} INFO - There are 2 files in /opt/airflow/dags
[2026-03-23T11:51:30.740+0000] {manager.py:997} INFO - 
================================================================================
DAG File Processing Stats

File Path                                  PID    Runtime      # DAGs    # Errors  Last Runtime    Last Run               Last # of DB Queries
-----------------------------------------  -----  ---------  --------  ----------  --------------  -------------------  ----------------------
/opt/airflow/dags/estatisticas_mongodb.py                           1           0  1.69s           2026-03-23T11:51:18                      10
/opt/airflow/dags/etl_alunos.py                                     1           0  1.67s           2026-03-23T11:51:18                      10
================================================================================
[2026-03-23T11:52:01.155+0000] {manager.py:997} INFO - 
================================================================================
DAG File Processing Stats

File Path                                  PID    Runtime      # DAGs    # Errors  Last Runtime    Last Run               Last # of DB Queries
-----------------------------------------  -----  ---------  --------  ----------  --------------  -------------------  ----------------------
/opt/airflow/dags/estatisticas_mongodb.py                           1           0  1.71s           2026-03-23T11:51:50                      10
/opt/airflow/dags/etl_alunos.py                                     1           0  1.70s           2026-03-23T11:51:50                      10
================================================================================
[2026-03-23T11:52:32.145+0000] {manager.py:997} INFO - 
================================================================================
DAG File Processing Stats

File Path                                  PID    Runtime      # DAGs    # Errors  Last Runtime    Last Run               Last # of DB Queries
-----------------------------------------  -----  ---------  --------  ----------  --------------  -------------------  ----------------------
/opt/airflow/dags/estatisticas_mongodb.py                           1           0  0.65s           2026-03-23T11:52:21                      10
/opt/airflow/dags/etl_alunos.py                                     1           0  0.65s           2026-03-23T11:52:21                      10
================================================================================
[2026-03-23T11:53:02.949+0000] {manager.py:997} INFO - 
================================================================================
DAG File Processing Stats

File Path                                  PID    Runtime      # DAGs    # Errors  Last Runtime    Last Run               Last # of DB Queries
-----------------------------------------  -----  ---------  --------  ----------  --------------  -------------------  ----------------------
/opt/airflow/dags/estatisticas_mongodb.py                           1           0  0.52s           2026-03-23T11:52:51                      10
/opt/airflow/dags/etl_alunos.py                                     1           0  0.52s           2026-03-23T11:52:51                      10
================================================================================
[2026-03-23T11:53:33.704+0000] {manager.py:997} INFO - 
================================================================================
DAG File Processing Stats

File Path                                  PID    Runtime      # DAGs    # Errors  Last Runtime    Last Run               Last # of DB Queries
-----------------------------------------  -----  ---------  --------  ----------  --------------  -------------------  ----------------------
/opt/airflow/dags/estatisticas_mongodb.py                           1           0  0.49s           2026-03-23T11:53:22                      10
/opt/airflow/dags/etl_alunos.py                                     1           0  0.48s           2026-03-23T11:53:22                      10
================================================================================
[2026-03-23T11:54:04.472+0000] {manager.py:997} INFO - 
================================================================================
DAG File Processing Stats

File Path                                  PID    Runtime      # DAGs    # Errors  Last Runtime    Last Run               Last # of DB Queries
-----------------------------------------  -----  ---------  --------  ----------  --------------  -------------------  ----------------------
/opt/airflow/dags/estatisticas_mongodb.py                           1           0  0.46s           2026-03-23T11:53:53                      10
/opt/airflow/dags/etl_alunos.py                                     1           0  0.45s           2026-03-23T11:53:53                      10
================================================================================
[2026-03-23T11:54:35.199+0000] {manager.py:997} INFO - 
================================================================================
DAG File Processing Stats

File Path                                  PID    Runtime      # DAGs    # Errors  Last Runtime    Last Run               Last # of DB Queries
-----------------------------------------  -----  ---------  --------  ----------  --------------  -------------------  ----------------------
/opt/airflow/dags/estatisticas_mongodb.py                           1           0  0.47s           2026-03-23T11:54:24                      10
/opt/airflow/dags/etl_alunos.py                                     1           0  0.46s           2026-03-23T11:54:24                      10
================================================================================
[2026-03-23T11:55:05.947+0000] {manager.py:997} INFO - 
================================================================================
DAG File Processing Stats

File Path                                  PID    Runtime      # DAGs    # Errors  Last Runtime    Last Run               Last # of DB Queries
-----------------------------------------  -----  ---------  --------  ----------  --------------  -------------------  ----------------------
/opt/airflow/dags/estatisticas_mongodb.py                           1           0  0.45s           2026-03-23T11:54:54                      10
/opt/airflow/dags/etl_alunos.py                                     1           0  0.44s           2026-03-23T11:54:54                      10
================================================================================
[2026-03-23T11:55:36.912+0000] {manager.py:997} INFO - 
================================================================================
DAG File Processing Stats

File Path                                  PID    Runtime      # DAGs    # Errors  Last Runtime    Last Run               Last # of DB Queries
-----------------------------------------  -----  ---------  --------  ----------  --------------  -------------------  ----------------------
/opt/airflow/dags/estatisticas_mongodb.py                           1           0  0.75s           2026-03-23T11:55:25                      10
/opt/airflow/dags/etl_alunos.py                                     1           0  0.69s           2026-03-23T11:55:25                      10
================================================================================
[2026-03-23T11:56:07.760+0000] {manager.py:997} INFO - 
================================================================================
DAG File Processing Stats

File Path                                  PID    Runtime      # DAGs    # Errors  Last Runtime    Last Run               Last # of DB Queries
-----------------------------------------  -----  ---------  --------  ----------  --------------  -------------------  ----------------------
/opt/airflow/dags/estatisticas_mongodb.py                           1           0  0.58s           2026-03-23T11:55:56                      10
/opt/airflow/dags/etl_alunos.py                                     1           0  0.56s           2026-03-23T11:55:56                      10
================================================================================
[2026-03-23T11:56:26.923+0000] {manager.py:821} INFO - Searching for files in /opt/airflow/dags
[2026-03-23T11:56:26.938+0000] {manager.py:824} INFO - There are 2 files in /opt/airflow/dags
[2026-03-23T11:56:38.542+0000] {manager.py:997} INFO - 
================================================================================
DAG File Processing Stats

File Path                                  PID    Runtime      # DAGs    # Errors  Last Runtime    Last Run               Last # of DB Queries
-----------------------------------------  -----  ---------  --------  ----------  --------------  -------------------  ----------------------
/opt/airflow/dags/estatisticas_mongodb.py                           1           0  0.49s           2026-03-23T11:56:27                      10
/opt/airflow/dags/etl_alunos.py                                     1           0  0.48s           2026-03-23T11:56:27                      10
================================================================================
[2026-03-23T11:57:09.270+0000] {manager.py:997} INFO - 
================================================================================
DAG File Processing Stats

File Path                                  PID    Runtime      # DAGs    # Errors  Last Runtime    Last Run               Last # of DB Queries
-----------------------------------------  -----  ---------  --------  ----------  --------------  -------------------  ----------------------
/opt/airflow/dags/estatisticas_mongodb.py                           1           0  0.47s           2026-03-23T11:56:58                      10
/opt/airflow/dags/etl_alunos.py                                     1           0  0.46s           2026-03-23T11:56:58                      10
================================================================================
[2026-03-23T11:57:40.056+0000] {manager.py:997} INFO - 
================================================================================
DAG File Processing Stats

File Path                                  PID    Runtime      # DAGs    # Errors  Last Runtime    Last Run               Last # of DB Queries
-----------------------------------------  -----  ---------  --------  ----------  --------------  -------------------  ----------------------
/opt/airflow/dags/estatisticas_mongodb.py                           1           0  0.47s           2026-03-23T11:57:28                      10
/opt/airflow/dags/etl_alunos.py                                     1           0  0.47s           2026-03-23T11:57:28                      10
================================================================================
[2026-03-23T11:58:10.915+0000] {manager.py:997} INFO - 
================================================================================
DAG File Processing Stats

File Path                                  PID    Runtime      # DAGs    # Errors  Last Runtime    Last Run               Last # of DB Queries
-----------------------------------------  -----  ---------  --------  ----------  --------------  -------------------  ----------------------
/opt/airflow/dags/estatisticas_mongodb.py                           1           0  0.60s           2026-03-23T11:57:59                      10
/opt/airflow/dags/etl_alunos.py                                     1           0  0.58s           2026-03-23T11:57:59                      10
================================================================================
[2026-03-23T11:58:41.814+0000] {manager.py:997} INFO - 
================================================================================
DAG File Processing Stats

File Path                                  PID    Runtime      # DAGs    # Errors  Last Runtime    Last Run               Last # of DB Queries
-----------------------------------------  -----  ---------  --------  ----------  --------------  -------------------  ----------------------
/opt/airflow/dags/estatisticas_mongodb.py                           1           0  0.62s           2026-03-23T11:58:30                      10
/opt/airflow/dags/etl_alunos.py                                     1           0  0.61s           2026-03-23T11:58:30                      10
================================================================================
[2026-03-23T11:59:12.634+0000] {manager.py:997} INFO - 
================================================================================
DAG File Processing Stats

File Path                                  PID    Runtime      # DAGs    # Errors  Last Runtime    Last Run               Last # of DB Queries
-----------------------------------------  -----  ---------  --------  ----------  --------------  -------------------  ----------------------
/opt/airflow/dags/estatisticas_mongodb.py                           1           0  0.52s           2026-03-23T11:59:01                      10
/opt/airflow/dags/etl_alunos.py                                     1           0  0.51s           2026-03-23T11:59:01                      10
================================================================================
[2026-03-23T11:59:43.401+0000] {manager.py:997} INFO - 
================================================================================
DAG File Processing Stats

File Path                                  PID    Runtime      # DAGs    # Errors  Last Runtime    Last Run               Last # of DB Queries
-----------------------------------------  -----  ---------  --------  ----------  --------------  -------------------  ----------------------
/opt/airflow/dags/estatisticas_mongodb.py                           1           0  0.56s           2026-03-23T11:59:32                      10
/opt/airflow/dags/etl_alunos.py                                     1           0  0.55s           2026-03-23T11:59:32                      10
================================================================================
[2026-03-23T12:00:14.123+0000] {manager.py:997} INFO - 
================================================================================
DAG File Processing Stats

File Path                                  PID    Runtime      # DAGs    # Errors  Last Runtime    Last Run               Last # of DB Queries
-----------------------------------------  -----  ---------  --------  ----------  --------------  -------------------  ----------------------
/opt/airflow/dags/estatisticas_mongodb.py                           1           0  0.51s           2026-03-23T12:00:03                      10
/opt/airflow/dags/etl_alunos.py                                     1           0  0.49s           2026-03-23T12:00:03                      10
================================================================================
[2026-03-23T12:00:44.358+0000] {manager.py:997} INFO - 
================================================================================
DAG File Processing Stats

File Path                                  PID    Runtime      # DAGs    # Errors  Last Runtime    Last Run               Last # of DB Queries
-----------------------------------------  -----  ---------  --------  ----------  --------------  -------------------  ----------------------
/opt/airflow/dags/etl_alunos.py                                     1           0  0.49s           2026-03-23T12:00:33                      10
/opt/airflow/dags/estatisticas_mongodb.py                           1           0  0.48s           2026-03-23T12:00:33                      10
================================================================================
[2026-03-23T12:01:14.512+0000] {manager.py:997} INFO - 
================================================================================
DAG File Processing Stats

File Path                                  PID    Runtime      # DAGs    # Errors  Last Runtime    Last Run               Last # of DB Queries
-----------------------------------------  -----  ---------  --------  ----------  --------------  -------------------  ----------------------
/opt/airflow/dags/estatisticas_mongodb.py                           1           0  0.49s           2026-03-23T12:01:04                      10
/opt/airflow/dags/etl_alunos.py                                     1           0  0.48s           2026-03-23T12:01:04                      10
================================================================================
[2026-03-23T12:01:27.581+0000] {manager.py:821} INFO - Searching for files in /opt/airflow/dags
[2026-03-23T12:01:27.604+0000] {manager.py:824} INFO - There are 2 files in /opt/airflow/dags
[2026-03-23T12:01:45.227+0000] {manager.py:997} INFO - 
================================================================================
DAG File Processing Stats

File Path                                  PID    Runtime      # DAGs    # Errors  Last Runtime    Last Run               Last # of DB Queries
-----------------------------------------  -----  ---------  --------  ----------  --------------  -------------------  ----------------------
/opt/airflow/dags/estatisticas_mongodb.py                           1           0  0.48s           2026-03-23T12:01:35                      10
/opt/airflow/dags/etl_alunos.py                                     1           0  0.46s           2026-03-23T12:01:35                      10
================================================================================
[2026-03-23T12:02:15.921+0000] {manager.py:997} INFO - 
================================================================================
DAG File Processing Stats

File Path                                  PID    Runtime      # DAGs    # Errors  Last Runtime    Last Run               Last # of DB Queries
-----------------------------------------  -----  ---------  --------  ----------  --------------  -------------------  ----------------------
/opt/airflow/dags/estatisticas_mongodb.py                           1           0  0.49s           2026-03-23T12:02:05                      10
/opt/airflow/dags/etl_alunos.py                                     1           0  0.47s           2026-03-23T12:02:05                      10
================================================================================
[2026-03-23T12:02:46.502+0000] {manager.py:997} INFO - 
================================================================================
DAG File Processing Stats

File Path                                  PID    Runtime      # DAGs    # Errors  Last Runtime    Last Run               Last # of DB Queries
-----------------------------------------  -----  ---------  --------  ----------  --------------  -------------------  ----------------------
/opt/airflow/dags/estatisticas_mongodb.py                           1           0  0.36s           2026-03-23T12:02:36                      10
/opt/airflow/dags/etl_alunos.py                                     1           0  0.36s           2026-03-23T12:02:36                      10
================================================================================
[2026-03-23T12:03:17.080+0000] {manager.py:997} INFO - 
================================================================================
DAG File Processing Stats

File Path                                  PID    Runtime      # DAGs    # Errors  Last Runtime    Last Run               Last # of DB Queries
-----------------------------------------  -----  ---------  --------  ----------  --------------  -------------------  ----------------------
/opt/airflow/dags/estatisticas_mongodb.py                           1           0  0.37s           2026-03-23T12:03:07                      10
/opt/airflow/dags/etl_alunos.py                                     1           0  0.36s           2026-03-23T12:03:06                      10
================================================================================
[2026-03-23T12:03:47.677+0000] {manager.py:997} INFO - 
================================================================================
DAG File Processing Stats

File Path                                  PID    Runtime      # DAGs    # Errors  Last Runtime    Last Run               Last # of DB Queries
-----------------------------------------  -----  ---------  --------  ----------  --------------  -------------------  ----------------------
/opt/airflow/dags/estatisticas_mongodb.py                           1           0  0.40s           2026-03-23T12:03:37                      10
/opt/airflow/dags/etl_alunos.py                                     1           0  0.38s           2026-03-23T12:03:37                      10
================================================================================
[2026-03-23T12:04:18.243+0000] {manager.py:997} INFO - 
================================================================================
DAG File Processing Stats

File Path                                  PID    Runtime      # DAGs    # Errors  Last Runtime    Last Run               Last # of DB Queries
-----------------------------------------  -----  ---------  --------  ----------  --------------  -------------------  ----------------------
/opt/airflow/dags/estatisticas_mongodb.py                           1           0  0.36s           2026-03-23T12:04:08                      10
/opt/airflow/dags/etl_alunos.py                                     1           0  0.35s           2026-03-23T12:04:08                      10
================================================================================
[2026-03-23T12:04:48.807+0000] {manager.py:997} INFO - 
================================================================================
DAG File Processing Stats

File Path                                  PID    Runtime      # DAGs    # Errors  Last Runtime    Last Run               Last # of DB Queries
-----------------------------------------  -----  ---------  --------  ----------  --------------  -------------------  ----------------------
/opt/airflow/dags/estatisticas_mongodb.py                           1           0  0.36s           2026-03-23T12:04:38                      10
/opt/airflow/dags/etl_alunos.py                                     1           0  0.35s           2026-03-23T12:04:38                      10
================================================================================
[2026-03-23T12:05:19.364+0000] {manager.py:997} INFO - 
================================================================================
DAG File Processing Stats

File Path                                  PID    Runtime      # DAGs    # Errors  Last Runtime    Last Run               Last # of DB Queries
-----------------------------------------  -----  ---------  --------  ----------  --------------  -------------------  ----------------------
/opt/airflow/dags/estatisticas_mongodb.py                           1           0  0.36s           2026-03-23T12:05:09                      10
/opt/airflow/dags/etl_alunos.py                                     1           0  0.34s           2026-03-23T12:05:09                      10
================================================================================
[2026-03-23T12:05:49.908+0000] {manager.py:997} INFO - 
================================================================================
DAG File Processing Stats

File Path                                  PID    Runtime      # DAGs    # Errors  Last Runtime    Last Run               Last # of DB Queries
-----------------------------------------  -----  ---------  --------  ----------  --------------  -------------------  ----------------------
/opt/airflow/dags/estatisticas_mongodb.py                           1           0  0.34s           2026-03-23T12:05:39                      10
/opt/airflow/dags/etl_alunos.py                                     1           0  0.33s           2026-03-23T12:05:39                      10
================================================================================
[2026-03-23T12:06:20.452+0000] {manager.py:997} INFO - 
================================================================================
DAG File Processing Stats

File Path                                  PID    Runtime      # DAGs    # Errors  Last Runtime    Last Run               Last # of DB Queries
-----------------------------------------  -----  ---------  --------  ----------  --------------  -------------------  ----------------------
/opt/airflow/dags/estatisticas_mongodb.py                           1           0  0.35s           2026-03-23T12:06:10                      10
/opt/airflow/dags/etl_alunos.py                                     1           0  0.33s           2026-03-23T12:06:10                      10
================================================================================
[2026-03-23T12:06:28.493+0000] {manager.py:821} INFO - Searching for files in /opt/airflow/dags
[2026-03-23T12:06:28.514+0000] {manager.py:824} INFO - There are 2 files in /opt/airflow/dags
[2026-03-23T12:06:51.052+0000] {manager.py:997} INFO - 
================================================================================
DAG File Processing Stats

File Path                                  PID    Runtime      # DAGs    # Errors  Last Runtime    Last Run               Last # of DB Queries
-----------------------------------------  -----  ---------  --------  ----------  --------------  -------------------  ----------------------
/opt/airflow/dags/etl_alunos.py                                     1           0  0.35s           2026-03-23T12:06:40                      10
/opt/airflow/dags/estatisticas_mongodb.py                           1           0  0.35s           2026-03-23T12:06:41                      10
================================================================================
[2026-03-23T12:07:21.649+0000] {manager.py:997} INFO - 
================================================================================
DAG File Processing Stats

File Path                                  PID    Runtime      # DAGs    # Errors  Last Runtime    Last Run               Last # of DB Queries
-----------------------------------------  -----  ---------  --------  ----------  --------------  -------------------  ----------------------
/opt/airflow/dags/estatisticas_mongodb.py                           1           0  0.38s           2026-03-23T12:07:11                      10
/opt/airflow/dags/etl_alunos.py                                     1           0  0.37s           2026-03-23T12:07:11                      10
================================================================================
[2026-03-23T12:07:52.244+0000] {manager.py:997} INFO - 
================================================================================
DAG File Processing Stats

File Path                                  PID    Runtime      # DAGs    # Errors  Last Runtime    Last Run               Last # of DB Queries
-----------------------------------------  -----  ---------  --------  ----------  --------------  -------------------  ----------------------
/opt/airflow/dags/estatisticas_mongodb.py                           1           0  0.38s           2026-03-23T12:07:42                      10
/opt/airflow/dags/etl_alunos.py                                     1           0  0.37s           2026-03-23T12:07:42                      10
================================================================================
[2026-03-23T12:08:22.813+0000] {manager.py:997} INFO - 
================================================================================
DAG File Processing Stats

File Path                                  PID    Runtime      # DAGs    # Errors  Last Runtime    Last Run               Last # of DB Queries
-----------------------------------------  -----  ---------  --------  ----------  --------------  -------------------  ----------------------
/opt/airflow/dags/estatisticas_mongodb.py                           1           0  0.37s           2026-03-23T12:08:12                      10
/opt/airflow/dags/etl_alunos.py                                     1           0  0.34s           2026-03-23T12:08:12                      10
================================================================================
[2026-03-23T12:08:53.374+0000] {manager.py:997} INFO - 
================================================================================
DAG File Processing Stats

File Path                                  PID    Runtime      # DAGs    # Errors  Last Runtime    Last Run               Last # of DB Queries
-----------------------------------------  -----  ---------  --------  ----------  --------------  -------------------  ----------------------
/opt/airflow/dags/estatisticas_mongodb.py                           1           0  0.36s           2026-03-23T12:08:43                      10
/opt/airflow/dags/etl_alunos.py                                     1           0  0.34s           2026-03-23T12:08:43                      10
================================================================================
[2026-03-23T12:09:23.916+0000] {manager.py:997} INFO - 
================================================================================
DAG File Processing Stats

File Path                                  PID    Runtime      # DAGs    # Errors  Last Runtime    Last Run               Last # of DB Queries
-----------------------------------------  -----  ---------  --------  ----------  --------------  -------------------  ----------------------
/opt/airflow/dags/estatisticas_mongodb.py                           1           0  0.35s           2026-03-23T12:09:13                      10
/opt/airflow/dags/etl_alunos.py                                     1           0  0.32s           2026-03-23T12:09:13                      10
================================================================================
[2026-03-23T12:09:54.490+0000] {manager.py:997} INFO - 
================================================================================
DAG File Processing Stats

File Path                                  PID    Runtime      # DAGs    # Errors  Last Runtime    Last Run               Last # of DB Queries
-----------------------------------------  -----  ---------  --------  ----------  --------------  -------------------  ----------------------
/opt/airflow/dags/estatisticas_mongodb.py                           1           0  0.38s           2026-03-23T12:09:44                      10
/opt/airflow/dags/etl_alunos.py                                     1           0  0.36s           2026-03-23T12:09:44                      10
================================================================================
[2026-03-23T12:10:25.071+0000] {manager.py:997} INFO - 
================================================================================
DAG File Processing Stats

File Path                                  PID    Runtime      # DAGs    # Errors  Last Runtime    Last Run               Last # of DB Queries
-----------------------------------------  -----  ---------  --------  ----------  --------------  -------------------  ----------------------
/opt/airflow/dags/estatisticas_mongodb.py                           1           0  0.38s           2026-03-23T12:10:15                      10
/opt/airflow/dags/etl_alunos.py                                     1           0  0.36s           2026-03-23T12:10:15                      10
================================================================================
[2026-03-23T12:10:55.841+0000] {manager.py:997} INFO - 
================================================================================
DAG File Processing Stats

File Path                                  PID    Runtime      # DAGs    # Errors  Last Runtime    Last Run               Last # of DB Queries
-----------------------------------------  -----  ---------  --------  ----------  --------------  -------------------  ----------------------
/opt/airflow/dags/estatisticas_mongodb.py                           1           0  0.57s           2026-03-23T12:10:45                      10
/opt/airflow/dags/etl_alunos.py                                     1           0  0.54s           2026-03-23T12:10:45                      10
================================================================================
[2026-03-23T12:11:26.411+0000] {manager.py:997} INFO - 
================================================================================
DAG File Processing Stats

File Path                                  PID    Runtime      # DAGs    # Errors  Last Runtime    Last Run               Last # of DB Queries
-----------------------------------------  -----  ---------  --------  ----------  --------------  -------------------  ----------------------
/opt/airflow/dags/estatisticas_mongodb.py                           1           0  0.32s           2026-03-23T12:11:16                      10
/opt/airflow/dags/etl_alunos.py                                     1           0  0.31s           2026-03-23T12:11:16                      10
================================================================================
[2026-03-23T12:11:29.428+0000] {manager.py:821} INFO - Searching for files in /opt/airflow/dags
[2026-03-23T12:11:29.451+0000] {manager.py:824} INFO - There are 2 files in /opt/airflow/dags
[2026-03-23T12:11:57.050+0000] {manager.py:997} INFO - 
================================================================================
DAG File Processing Stats

File Path                                  PID    Runtime      # DAGs    # Errors  Last Runtime    Last Run               Last # of DB Queries
-----------------------------------------  -----  ---------  --------  ----------  --------------  -------------------  ----------------------
/opt/airflow/dags/estatisticas_mongodb.py                           1           0  0.34s           2026-03-23T12:11:46                      10
/opt/airflow/dags/etl_alunos.py                                     1           0  0.33s           2026-03-23T12:11:46                      10
================================================================================
[2026-03-23T12:12:27.671+0000] {manager.py:997} INFO - 
================================================================================
DAG File Processing Stats

File Path                                  PID    Runtime      # DAGs    # Errors  Last Runtime    Last Run               Last # of DB Queries
-----------------------------------------  -----  ---------  --------  ----------  --------------  -------------------  ----------------------
/opt/airflow/dags/estatisticas_mongodb.py                           1           0  0.34s           2026-03-23T12:12:17                      10
/opt/airflow/dags/etl_alunos.py                                     1           0  0.33s           2026-03-23T12:12:17                      10
================================================================================
[2026-03-23T12:12:58.329+0000] {manager.py:997} INFO - 
================================================================================
DAG File Processing Stats

File Path                                  PID    Runtime      # DAGs    # Errors  Last Runtime    Last Run               Last # of DB Queries
-----------------------------------------  -----  ---------  --------  ----------  --------------  -------------------  ----------------------
/opt/airflow/dags/estatisticas_mongodb.py                           1           0  0.37s           2026-03-23T12:12:48                      10
/opt/airflow/dags/etl_alunos.py                                     1           0  0.36s           2026-03-23T12:12:48                      10
================================================================================
[2026-03-23T12:13:28.993+0000] {manager.py:997} INFO - 
================================================================================
DAG File Processing Stats

File Path                                  PID    Runtime      # DAGs    # Errors  Last Runtime    Last Run               Last # of DB Queries
-----------------------------------------  -----  ---------  --------  ----------  --------------  -------------------  ----------------------
/opt/airflow/dags/estatisticas_mongodb.py                           1           0  0.33s           2026-03-23T12:13:18                      10
/opt/airflow/dags/etl_alunos.py                                     1           0  0.32s           2026-03-23T12:13:18                      10
================================================================================
[2026-03-23T12:13:59.630+0000] {manager.py:997} INFO - 
================================================================================
DAG File Processing Stats

File Path                                  PID    Runtime      # DAGs    # Errors  Last Runtime    Last Run               Last # of DB Queries
-----------------------------------------  -----  ---------  --------  ----------  --------------  -------------------  ----------------------
/opt/airflow/dags/estatisticas_mongodb.py                           1           0  0.34s           2026-03-23T12:13:49                      10
/opt/airflow/dags/etl_alunos.py                                     1           0  0.33s           2026-03-23T12:13:49                      10
================================================================================
[2026-03-23T12:14:30.235+0000] {manager.py:997} INFO - 
================================================================================
DAG File Processing Stats

File Path                                  PID    Runtime      # DAGs    # Errors  Last Runtime    Last Run               Last # of DB Queries
-----------------------------------------  -----  ---------  --------  ----------  --------------  -------------------  ----------------------
/opt/airflow/dags/estatisticas_mongodb.py                           1           0  0.33s           2026-03-23T12:14:20                      10
/opt/airflow/dags/etl_alunos.py                                     1           0  0.32s           2026-03-23T12:14:20                      10
================================================================================
[2026-03-23T12:15:00.855+0000] {manager.py:997} INFO - 
================================================================================
DAG File Processing Stats

File Path                                  PID    Runtime      # DAGs    # Errors  Last Runtime    Last Run               Last # of DB Queries
-----------------------------------------  -----  ---------  --------  ----------  --------------  -------------------  ----------------------
/opt/airflow/dags/estatisticas_mongodb.py                           1           0  0.35s           2026-03-23T12:14:50                      10
/opt/airflow/dags/etl_alunos.py                                     1           0  0.35s           2026-03-23T12:14:50                      10
================================================================================
[2026-03-23T12:15:31.548+0000] {manager.py:997} INFO - 
================================================================================
DAG File Processing Stats

File Path                                  PID    Runtime      # DAGs    # Errors  Last Runtime    Last Run               Last # of DB Queries
-----------------------------------------  -----  ---------  --------  ----------  --------------  -------------------  ----------------------
/opt/airflow/dags/estatisticas_mongodb.py                           1           0  0.41s           2026-03-23T12:15:21                      10
/opt/airflow/dags/etl_alunos.py                                     1           0  0.39s           2026-03-23T12:15:21                      10
================================================================================
[2026-03-23T12:16:02.232+0000] {manager.py:997} INFO - 
================================================================================
DAG File Processing Stats

File Path                                  PID    Runtime      # DAGs    # Errors  Last Runtime    Last Run               Last # of DB Queries
-----------------------------------------  -----  ---------  --------  ----------  --------------  -------------------  ----------------------
/opt/airflow/dags/estatisticas_mongodb.py                           1           0  0.43s           2026-03-23T12:15:52                      10
/opt/airflow/dags/etl_alunos.py                                     1           0  0.43s           2026-03-23T12:15:52                      10
================================================================================
