[2026-03-30T17:07:38.343+0000] {processor.py:186} INFO - Started process (PID=168) to work on /opt/airflow/dags/etl_alunos.py
[2026-03-30T17:07:38.351+0000] {processor.py:914} INFO - Processing file /opt/airflow/dags/etl_alunos.py for tasks to queue
[2026-03-30T17:07:38.366+0000] {logging_mixin.py:190} INFO - [2026-03-30T17:07:38.364+0000] {dagbag.py:587} INFO - Filling up the DagBag from /opt/airflow/dags/etl_alunos.py
[2026-03-30T17:07:40.868+0000] {processor.py:925} INFO - DAG(s) 'etl_alunos' retrieved from /opt/airflow/dags/etl_alunos.py
[2026-03-30T17:07:40.930+0000] {logging_mixin.py:190} INFO - [2026-03-30T17:07:40.930+0000] {dag.py:3211} INFO - Sync 1 DAGs
[2026-03-30T17:07:40.978+0000] {logging_mixin.py:190} INFO - [2026-03-30T17:07:40.978+0000] {dag.py:4138} INFO - Setting next_dagrun for etl_alunos to None, run_after=None
[2026-03-30T17:07:41.017+0000] {processor.py:208} INFO - Processing /opt/airflow/dags/etl_alunos.py took 2.740 seconds
[2026-03-30T17:08:11.476+0000] {processor.py:186} INFO - Started process (PID=180) to work on /opt/airflow/dags/etl_alunos.py
[2026-03-30T17:08:11.478+0000] {processor.py:914} INFO - Processing file /opt/airflow/dags/etl_alunos.py for tasks to queue
[2026-03-30T17:08:11.480+0000] {logging_mixin.py:190} INFO - [2026-03-30T17:08:11.480+0000] {dagbag.py:587} INFO - Filling up the DagBag from /opt/airflow/dags/etl_alunos.py
[2026-03-30T17:08:12.267+0000] {processor.py:925} INFO - DAG(s) 'etl_alunos' retrieved from /opt/airflow/dags/etl_alunos.py
[2026-03-30T17:08:12.297+0000] {logging_mixin.py:190} INFO - [2026-03-30T17:08:12.297+0000] {dag.py:3211} INFO - Sync 1 DAGs
[2026-03-30T17:08:12.313+0000] {logging_mixin.py:190} INFO - [2026-03-30T17:08:12.313+0000] {dag.py:4138} INFO - Setting next_dagrun for etl_alunos to None, run_after=None
[2026-03-30T17:08:12.330+0000] {processor.py:208} INFO - Processing /opt/airflow/dags/etl_alunos.py took 0.859 seconds
[2026-03-30T17:08:42.643+0000] {processor.py:186} INFO - Started process (PID=192) to work on /opt/airflow/dags/etl_alunos.py
[2026-03-30T17:08:42.644+0000] {processor.py:914} INFO - Processing file /opt/airflow/dags/etl_alunos.py for tasks to queue
[2026-03-30T17:08:42.647+0000] {logging_mixin.py:190} INFO - [2026-03-30T17:08:42.646+0000] {dagbag.py:587} INFO - Filling up the DagBag from /opt/airflow/dags/etl_alunos.py
[2026-03-30T17:08:43.012+0000] {processor.py:925} INFO - DAG(s) 'etl_alunos' retrieved from /opt/airflow/dags/etl_alunos.py
[2026-03-30T17:08:43.030+0000] {logging_mixin.py:190} INFO - [2026-03-30T17:08:43.029+0000] {dag.py:3211} INFO - Sync 1 DAGs
[2026-03-30T17:08:43.042+0000] {logging_mixin.py:190} INFO - [2026-03-30T17:08:43.042+0000] {dag.py:4138} INFO - Setting next_dagrun for etl_alunos to None, run_after=None
[2026-03-30T17:08:43.056+0000] {processor.py:208} INFO - Processing /opt/airflow/dags/etl_alunos.py took 0.417 seconds
[2026-03-30T17:09:13.334+0000] {processor.py:186} INFO - Started process (PID=204) to work on /opt/airflow/dags/etl_alunos.py
[2026-03-30T17:09:13.335+0000] {processor.py:914} INFO - Processing file /opt/airflow/dags/etl_alunos.py for tasks to queue
[2026-03-30T17:09:13.337+0000] {logging_mixin.py:190} INFO - [2026-03-30T17:09:13.337+0000] {dagbag.py:587} INFO - Filling up the DagBag from /opt/airflow/dags/etl_alunos.py
[2026-03-30T17:09:13.711+0000] {processor.py:925} INFO - DAG(s) 'etl_alunos' retrieved from /opt/airflow/dags/etl_alunos.py
[2026-03-30T17:09:13.733+0000] {logging_mixin.py:190} INFO - [2026-03-30T17:09:13.733+0000] {dag.py:3211} INFO - Sync 1 DAGs
[2026-03-30T17:09:13.745+0000] {logging_mixin.py:190} INFO - [2026-03-30T17:09:13.745+0000] {dag.py:4138} INFO - Setting next_dagrun for etl_alunos to None, run_after=None
[2026-03-30T17:09:13.761+0000] {processor.py:208} INFO - Processing /opt/airflow/dags/etl_alunos.py took 0.433 seconds
[2026-03-30T17:09:44.050+0000] {processor.py:186} INFO - Started process (PID=216) to work on /opt/airflow/dags/etl_alunos.py
[2026-03-30T17:09:44.051+0000] {processor.py:914} INFO - Processing file /opt/airflow/dags/etl_alunos.py for tasks to queue
[2026-03-30T17:09:44.054+0000] {logging_mixin.py:190} INFO - [2026-03-30T17:09:44.053+0000] {dagbag.py:587} INFO - Filling up the DagBag from /opt/airflow/dags/etl_alunos.py
[2026-03-30T17:09:44.606+0000] {processor.py:925} INFO - DAG(s) 'etl_alunos' retrieved from /opt/airflow/dags/etl_alunos.py
[2026-03-30T17:09:44.636+0000] {logging_mixin.py:190} INFO - [2026-03-30T17:09:44.635+0000] {dag.py:3211} INFO - Sync 1 DAGs
[2026-03-30T17:09:44.658+0000] {logging_mixin.py:190} INFO - [2026-03-30T17:09:44.657+0000] {dag.py:4138} INFO - Setting next_dagrun for etl_alunos to None, run_after=None
[2026-03-30T17:09:44.673+0000] {processor.py:208} INFO - Processing /opt/airflow/dags/etl_alunos.py took 0.629 seconds
[2026-03-30T17:10:15.002+0000] {processor.py:186} INFO - Started process (PID=228) to work on /opt/airflow/dags/etl_alunos.py
[2026-03-30T17:10:15.003+0000] {processor.py:914} INFO - Processing file /opt/airflow/dags/etl_alunos.py for tasks to queue
[2026-03-30T17:10:15.005+0000] {logging_mixin.py:190} INFO - [2026-03-30T17:10:15.005+0000] {dagbag.py:587} INFO - Filling up the DagBag from /opt/airflow/dags/etl_alunos.py
[2026-03-30T17:10:15.394+0000] {processor.py:925} INFO - DAG(s) 'etl_alunos' retrieved from /opt/airflow/dags/etl_alunos.py
[2026-03-30T17:10:15.415+0000] {logging_mixin.py:190} INFO - [2026-03-30T17:10:15.414+0000] {dag.py:3211} INFO - Sync 1 DAGs
[2026-03-30T17:10:15.425+0000] {logging_mixin.py:190} INFO - [2026-03-30T17:10:15.424+0000] {dag.py:4138} INFO - Setting next_dagrun for etl_alunos to None, run_after=None
[2026-03-30T17:10:15.439+0000] {processor.py:208} INFO - Processing /opt/airflow/dags/etl_alunos.py took 0.442 seconds
[2026-03-30T17:10:45.733+0000] {processor.py:186} INFO - Started process (PID=240) to work on /opt/airflow/dags/etl_alunos.py
[2026-03-30T17:10:45.734+0000] {processor.py:914} INFO - Processing file /opt/airflow/dags/etl_alunos.py for tasks to queue
[2026-03-30T17:10:45.738+0000] {logging_mixin.py:190} INFO - [2026-03-30T17:10:45.737+0000] {dagbag.py:587} INFO - Filling up the DagBag from /opt/airflow/dags/etl_alunos.py
[2026-03-30T17:10:46.187+0000] {processor.py:925} INFO - DAG(s) 'etl_alunos' retrieved from /opt/airflow/dags/etl_alunos.py
[2026-03-30T17:10:46.214+0000] {logging_mixin.py:190} INFO - [2026-03-30T17:10:46.214+0000] {dag.py:3211} INFO - Sync 1 DAGs
[2026-03-30T17:10:46.232+0000] {logging_mixin.py:190} INFO - [2026-03-30T17:10:46.231+0000] {dag.py:4138} INFO - Setting next_dagrun for etl_alunos to None, run_after=None
[2026-03-30T17:10:46.273+0000] {processor.py:208} INFO - Processing /opt/airflow/dags/etl_alunos.py took 0.545 seconds
[2026-03-30T17:11:16.600+0000] {processor.py:186} INFO - Started process (PID=252) to work on /opt/airflow/dags/etl_alunos.py
[2026-03-30T17:11:16.601+0000] {processor.py:914} INFO - Processing file /opt/airflow/dags/etl_alunos.py for tasks to queue
[2026-03-30T17:11:16.604+0000] {logging_mixin.py:190} INFO - [2026-03-30T17:11:16.603+0000] {dagbag.py:587} INFO - Filling up the DagBag from /opt/airflow/dags/etl_alunos.py
[2026-03-30T17:11:17.113+0000] {processor.py:925} INFO - DAG(s) 'etl_alunos' retrieved from /opt/airflow/dags/etl_alunos.py
[2026-03-30T17:11:17.148+0000] {logging_mixin.py:190} INFO - [2026-03-30T17:11:17.148+0000] {dag.py:3211} INFO - Sync 1 DAGs
[2026-03-30T17:11:17.172+0000] {logging_mixin.py:190} INFO - [2026-03-30T17:11:17.172+0000] {dag.py:4138} INFO - Setting next_dagrun for etl_alunos to None, run_after=None
[2026-03-30T17:11:17.191+0000] {processor.py:208} INFO - Processing /opt/airflow/dags/etl_alunos.py took 0.594 seconds
[2026-03-30T17:11:47.492+0000] {processor.py:186} INFO - Started process (PID=264) to work on /opt/airflow/dags/etl_alunos.py
[2026-03-30T17:11:47.493+0000] {processor.py:914} INFO - Processing file /opt/airflow/dags/etl_alunos.py for tasks to queue
[2026-03-30T17:11:47.495+0000] {logging_mixin.py:190} INFO - [2026-03-30T17:11:47.495+0000] {dagbag.py:587} INFO - Filling up the DagBag from /opt/airflow/dags/etl_alunos.py
[2026-03-30T17:11:47.951+0000] {processor.py:925} INFO - DAG(s) 'etl_alunos' retrieved from /opt/airflow/dags/etl_alunos.py
[2026-03-30T17:11:47.983+0000] {logging_mixin.py:190} INFO - [2026-03-30T17:11:47.982+0000] {dag.py:3211} INFO - Sync 1 DAGs
[2026-03-30T17:11:48.008+0000] {logging_mixin.py:190} INFO - [2026-03-30T17:11:48.008+0000] {dag.py:4138} INFO - Setting next_dagrun for etl_alunos to None, run_after=None
[2026-03-30T17:11:48.032+0000] {processor.py:208} INFO - Processing /opt/airflow/dags/etl_alunos.py took 0.545 seconds
[2026-03-30T17:12:18.356+0000] {processor.py:186} INFO - Started process (PID=276) to work on /opt/airflow/dags/etl_alunos.py
[2026-03-30T17:12:18.357+0000] {processor.py:914} INFO - Processing file /opt/airflow/dags/etl_alunos.py for tasks to queue
[2026-03-30T17:12:18.359+0000] {logging_mixin.py:190} INFO - [2026-03-30T17:12:18.359+0000] {dagbag.py:587} INFO - Filling up the DagBag from /opt/airflow/dags/etl_alunos.py
[2026-03-30T17:12:18.785+0000] {processor.py:925} INFO - DAG(s) 'etl_alunos' retrieved from /opt/airflow/dags/etl_alunos.py
[2026-03-30T17:12:18.815+0000] {logging_mixin.py:190} INFO - [2026-03-30T17:12:18.815+0000] {dag.py:3211} INFO - Sync 1 DAGs
[2026-03-30T17:12:18.829+0000] {logging_mixin.py:190} INFO - [2026-03-30T17:12:18.829+0000] {dag.py:4138} INFO - Setting next_dagrun for etl_alunos to None, run_after=None
[2026-03-30T17:12:18.851+0000] {processor.py:208} INFO - Processing /opt/airflow/dags/etl_alunos.py took 0.501 seconds
[2026-03-30T17:12:49.205+0000] {processor.py:186} INFO - Started process (PID=288) to work on /opt/airflow/dags/etl_alunos.py
[2026-03-30T17:12:49.206+0000] {processor.py:914} INFO - Processing file /opt/airflow/dags/etl_alunos.py for tasks to queue
[2026-03-30T17:12:49.208+0000] {logging_mixin.py:190} INFO - [2026-03-30T17:12:49.208+0000] {dagbag.py:587} INFO - Filling up the DagBag from /opt/airflow/dags/etl_alunos.py
[2026-03-30T17:12:49.608+0000] {processor.py:925} INFO - DAG(s) 'etl_alunos' retrieved from /opt/airflow/dags/etl_alunos.py
[2026-03-30T17:12:49.633+0000] {logging_mixin.py:190} INFO - [2026-03-30T17:12:49.633+0000] {dag.py:3211} INFO - Sync 1 DAGs
[2026-03-30T17:12:49.662+0000] {logging_mixin.py:190} INFO - [2026-03-30T17:12:49.662+0000] {dag.py:4138} INFO - Setting next_dagrun for etl_alunos to None, run_after=None
[2026-03-30T17:12:49.679+0000] {processor.py:208} INFO - Processing /opt/airflow/dags/etl_alunos.py took 0.479 seconds
[2026-03-30T17:13:19.974+0000] {processor.py:186} INFO - Started process (PID=300) to work on /opt/airflow/dags/etl_alunos.py
[2026-03-30T17:13:19.976+0000] {processor.py:914} INFO - Processing file /opt/airflow/dags/etl_alunos.py for tasks to queue
[2026-03-30T17:13:19.978+0000] {logging_mixin.py:190} INFO - [2026-03-30T17:13:19.978+0000] {dagbag.py:587} INFO - Filling up the DagBag from /opt/airflow/dags/etl_alunos.py
[2026-03-30T17:13:20.591+0000] {processor.py:925} INFO - DAG(s) 'etl_alunos' retrieved from /opt/airflow/dags/etl_alunos.py
[2026-03-30T17:13:20.625+0000] {logging_mixin.py:190} INFO - [2026-03-30T17:13:20.625+0000] {dag.py:3211} INFO - Sync 1 DAGs
[2026-03-30T17:13:20.642+0000] {logging_mixin.py:190} INFO - [2026-03-30T17:13:20.642+0000] {dag.py:4138} INFO - Setting next_dagrun for etl_alunos to None, run_after=None
[2026-03-30T17:13:20.667+0000] {processor.py:208} INFO - Processing /opt/airflow/dags/etl_alunos.py took 0.698 seconds
[2026-03-30T17:13:50.989+0000] {processor.py:186} INFO - Started process (PID=312) to work on /opt/airflow/dags/etl_alunos.py
[2026-03-30T17:13:50.990+0000] {processor.py:914} INFO - Processing file /opt/airflow/dags/etl_alunos.py for tasks to queue
[2026-03-30T17:13:50.992+0000] {logging_mixin.py:190} INFO - [2026-03-30T17:13:50.992+0000] {dagbag.py:587} INFO - Filling up the DagBag from /opt/airflow/dags/etl_alunos.py
[2026-03-30T17:13:51.395+0000] {processor.py:925} INFO - DAG(s) 'etl_alunos' retrieved from /opt/airflow/dags/etl_alunos.py
[2026-03-30T17:13:51.417+0000] {logging_mixin.py:190} INFO - [2026-03-30T17:13:51.416+0000] {dag.py:3211} INFO - Sync 1 DAGs
[2026-03-30T17:13:51.428+0000] {logging_mixin.py:190} INFO - [2026-03-30T17:13:51.427+0000] {dag.py:4138} INFO - Setting next_dagrun for etl_alunos to None, run_after=None
[2026-03-30T17:13:51.440+0000] {processor.py:208} INFO - Processing /opt/airflow/dags/etl_alunos.py took 0.455 seconds
[2026-03-30T17:14:21.735+0000] {processor.py:186} INFO - Started process (PID=324) to work on /opt/airflow/dags/etl_alunos.py
[2026-03-30T17:14:21.736+0000] {processor.py:914} INFO - Processing file /opt/airflow/dags/etl_alunos.py for tasks to queue
[2026-03-30T17:14:21.738+0000] {logging_mixin.py:190} INFO - [2026-03-30T17:14:21.738+0000] {dagbag.py:587} INFO - Filling up the DagBag from /opt/airflow/dags/etl_alunos.py
[2026-03-30T17:14:22.189+0000] {processor.py:925} INFO - DAG(s) 'etl_alunos' retrieved from /opt/airflow/dags/etl_alunos.py
[2026-03-30T17:14:22.218+0000] {logging_mixin.py:190} INFO - [2026-03-30T17:14:22.218+0000] {dag.py:3211} INFO - Sync 1 DAGs
[2026-03-30T17:14:22.233+0000] {logging_mixin.py:190} INFO - [2026-03-30T17:14:22.233+0000] {dag.py:4138} INFO - Setting next_dagrun for etl_alunos to None, run_after=None
[2026-03-30T17:14:22.255+0000] {processor.py:208} INFO - Processing /opt/airflow/dags/etl_alunos.py took 0.525 seconds
[2026-03-30T17:14:52.570+0000] {processor.py:186} INFO - Started process (PID=336) to work on /opt/airflow/dags/etl_alunos.py
[2026-03-30T17:14:52.571+0000] {processor.py:914} INFO - Processing file /opt/airflow/dags/etl_alunos.py for tasks to queue
[2026-03-30T17:14:52.574+0000] {logging_mixin.py:190} INFO - [2026-03-30T17:14:52.573+0000] {dagbag.py:587} INFO - Filling up the DagBag from /opt/airflow/dags/etl_alunos.py
[2026-03-30T17:14:52.970+0000] {processor.py:925} INFO - DAG(s) 'etl_alunos' retrieved from /opt/airflow/dags/etl_alunos.py
[2026-03-30T17:14:52.992+0000] {logging_mixin.py:190} INFO - [2026-03-30T17:14:52.992+0000] {dag.py:3211} INFO - Sync 1 DAGs
[2026-03-30T17:14:53.003+0000] {logging_mixin.py:190} INFO - [2026-03-30T17:14:53.003+0000] {dag.py:4138} INFO - Setting next_dagrun for etl_alunos to None, run_after=None
[2026-03-30T17:14:53.018+0000] {processor.py:208} INFO - Processing /opt/airflow/dags/etl_alunos.py took 0.452 seconds
[2026-03-30T17:15:23.335+0000] {processor.py:186} INFO - Started process (PID=348) to work on /opt/airflow/dags/etl_alunos.py
[2026-03-30T17:15:23.336+0000] {processor.py:914} INFO - Processing file /opt/airflow/dags/etl_alunos.py for tasks to queue
[2026-03-30T17:15:23.338+0000] {logging_mixin.py:190} INFO - [2026-03-30T17:15:23.338+0000] {dagbag.py:587} INFO - Filling up the DagBag from /opt/airflow/dags/etl_alunos.py
[2026-03-30T17:15:23.743+0000] {processor.py:925} INFO - DAG(s) 'etl_alunos' retrieved from /opt/airflow/dags/etl_alunos.py
[2026-03-30T17:15:23.772+0000] {logging_mixin.py:190} INFO - [2026-03-30T17:15:23.771+0000] {dag.py:3211} INFO - Sync 1 DAGs
[2026-03-30T17:15:23.782+0000] {logging_mixin.py:190} INFO - [2026-03-30T17:15:23.782+0000] {dag.py:4138} INFO - Setting next_dagrun for etl_alunos to None, run_after=None
[2026-03-30T17:15:23.799+0000] {processor.py:208} INFO - Processing /opt/airflow/dags/etl_alunos.py took 0.469 seconds
[2026-03-30T17:15:54.115+0000] {processor.py:186} INFO - Started process (PID=360) to work on /opt/airflow/dags/etl_alunos.py
[2026-03-30T17:15:54.116+0000] {processor.py:914} INFO - Processing file /opt/airflow/dags/etl_alunos.py for tasks to queue
[2026-03-30T17:15:54.119+0000] {logging_mixin.py:190} INFO - [2026-03-30T17:15:54.118+0000] {dagbag.py:587} INFO - Filling up the DagBag from /opt/airflow/dags/etl_alunos.py
[2026-03-30T17:15:54.542+0000] {processor.py:925} INFO - DAG(s) 'etl_alunos' retrieved from /opt/airflow/dags/etl_alunos.py
[2026-03-30T17:15:54.567+0000] {logging_mixin.py:190} INFO - [2026-03-30T17:15:54.566+0000] {dag.py:3211} INFO - Sync 1 DAGs
[2026-03-30T17:15:54.577+0000] {logging_mixin.py:190} INFO - [2026-03-30T17:15:54.577+0000] {dag.py:4138} INFO - Setting next_dagrun for etl_alunos to None, run_after=None
[2026-03-30T17:15:54.590+0000] {processor.py:208} INFO - Processing /opt/airflow/dags/etl_alunos.py took 0.482 seconds
[2026-03-30T17:16:24.910+0000] {processor.py:186} INFO - Started process (PID=372) to work on /opt/airflow/dags/etl_alunos.py
[2026-03-30T17:16:24.910+0000] {processor.py:914} INFO - Processing file /opt/airflow/dags/etl_alunos.py for tasks to queue
[2026-03-30T17:16:24.912+0000] {logging_mixin.py:190} INFO - [2026-03-30T17:16:24.912+0000] {dagbag.py:587} INFO - Filling up the DagBag from /opt/airflow/dags/etl_alunos.py
[2026-03-30T17:16:25.301+0000] {processor.py:925} INFO - DAG(s) 'etl_alunos' retrieved from /opt/airflow/dags/etl_alunos.py
[2026-03-30T17:16:25.322+0000] {logging_mixin.py:190} INFO - [2026-03-30T17:16:25.322+0000] {dag.py:3211} INFO - Sync 1 DAGs
[2026-03-30T17:16:25.339+0000] {logging_mixin.py:190} INFO - [2026-03-30T17:16:25.339+0000] {dag.py:4138} INFO - Setting next_dagrun for etl_alunos to None, run_after=None
[2026-03-30T17:16:25.362+0000] {processor.py:208} INFO - Processing /opt/airflow/dags/etl_alunos.py took 0.457 seconds
[2026-03-30T17:16:55.667+0000] {processor.py:186} INFO - Started process (PID=384) to work on /opt/airflow/dags/etl_alunos.py
[2026-03-30T17:16:55.668+0000] {processor.py:914} INFO - Processing file /opt/airflow/dags/etl_alunos.py for tasks to queue
[2026-03-30T17:16:55.670+0000] {logging_mixin.py:190} INFO - [2026-03-30T17:16:55.669+0000] {dagbag.py:587} INFO - Filling up the DagBag from /opt/airflow/dags/etl_alunos.py
[2026-03-30T17:16:56.108+0000] {processor.py:925} INFO - DAG(s) 'etl_alunos' retrieved from /opt/airflow/dags/etl_alunos.py
[2026-03-30T17:16:56.130+0000] {logging_mixin.py:190} INFO - [2026-03-30T17:16:56.130+0000] {dag.py:3211} INFO - Sync 1 DAGs
[2026-03-30T17:16:56.142+0000] {logging_mixin.py:190} INFO - [2026-03-30T17:16:56.142+0000] {dag.py:4138} INFO - Setting next_dagrun for etl_alunos to None, run_after=None
[2026-03-30T17:16:56.158+0000] {processor.py:208} INFO - Processing /opt/airflow/dags/etl_alunos.py took 0.495 seconds
[2026-03-30T17:17:26.497+0000] {processor.py:186} INFO - Started process (PID=396) to work on /opt/airflow/dags/etl_alunos.py
[2026-03-30T17:17:26.498+0000] {processor.py:914} INFO - Processing file /opt/airflow/dags/etl_alunos.py for tasks to queue
[2026-03-30T17:17:26.500+0000] {logging_mixin.py:190} INFO - [2026-03-30T17:17:26.500+0000] {dagbag.py:587} INFO - Filling up the DagBag from /opt/airflow/dags/etl_alunos.py
[2026-03-30T17:17:26.860+0000] {processor.py:925} INFO - DAG(s) 'etl_alunos' retrieved from /opt/airflow/dags/etl_alunos.py
[2026-03-30T17:17:26.880+0000] {logging_mixin.py:190} INFO - [2026-03-30T17:17:26.879+0000] {dag.py:3211} INFO - Sync 1 DAGs
[2026-03-30T17:17:26.888+0000] {logging_mixin.py:190} INFO - [2026-03-30T17:17:26.888+0000] {dag.py:4138} INFO - Setting next_dagrun for etl_alunos to None, run_after=None
[2026-03-30T17:17:26.903+0000] {processor.py:208} INFO - Processing /opt/airflow/dags/etl_alunos.py took 0.410 seconds
[2026-03-30T17:17:57.259+0000] {processor.py:186} INFO - Started process (PID=408) to work on /opt/airflow/dags/etl_alunos.py
[2026-03-30T17:17:57.260+0000] {processor.py:914} INFO - Processing file /opt/airflow/dags/etl_alunos.py for tasks to queue
[2026-03-30T17:17:57.262+0000] {logging_mixin.py:190} INFO - [2026-03-30T17:17:57.262+0000] {dagbag.py:587} INFO - Filling up the DagBag from /opt/airflow/dags/etl_alunos.py
[2026-03-30T17:17:57.622+0000] {processor.py:925} INFO - DAG(s) 'etl_alunos' retrieved from /opt/airflow/dags/etl_alunos.py
[2026-03-30T17:17:57.642+0000] {logging_mixin.py:190} INFO - [2026-03-30T17:17:57.642+0000] {dag.py:3211} INFO - Sync 1 DAGs
[2026-03-30T17:17:57.653+0000] {logging_mixin.py:190} INFO - [2026-03-30T17:17:57.653+0000] {dag.py:4138} INFO - Setting next_dagrun for etl_alunos to None, run_after=None
[2026-03-30T17:17:57.668+0000] {processor.py:208} INFO - Processing /opt/airflow/dags/etl_alunos.py took 0.415 seconds
[2026-03-30T17:18:28.027+0000] {processor.py:186} INFO - Started process (PID=420) to work on /opt/airflow/dags/etl_alunos.py
[2026-03-30T17:18:28.028+0000] {processor.py:914} INFO - Processing file /opt/airflow/dags/etl_alunos.py for tasks to queue
[2026-03-30T17:18:28.031+0000] {logging_mixin.py:190} INFO - [2026-03-30T17:18:28.030+0000] {dagbag.py:587} INFO - Filling up the DagBag from /opt/airflow/dags/etl_alunos.py
[2026-03-30T17:18:28.437+0000] {processor.py:925} INFO - DAG(s) 'etl_alunos' retrieved from /opt/airflow/dags/etl_alunos.py
[2026-03-30T17:18:28.465+0000] {logging_mixin.py:190} INFO - [2026-03-30T17:18:28.464+0000] {dag.py:3211} INFO - Sync 1 DAGs
[2026-03-30T17:18:28.485+0000] {logging_mixin.py:190} INFO - [2026-03-30T17:18:28.485+0000] {dag.py:4138} INFO - Setting next_dagrun for etl_alunos to None, run_after=None
[2026-03-30T17:18:28.505+0000] {processor.py:208} INFO - Processing /opt/airflow/dags/etl_alunos.py took 0.483 seconds
[2026-03-30T17:18:58.764+0000] {processor.py:186} INFO - Started process (PID=432) to work on /opt/airflow/dags/etl_alunos.py
[2026-03-30T17:18:58.766+0000] {processor.py:914} INFO - Processing file /opt/airflow/dags/etl_alunos.py for tasks to queue
[2026-03-30T17:18:58.769+0000] {logging_mixin.py:190} INFO - [2026-03-30T17:18:58.769+0000] {dagbag.py:587} INFO - Filling up the DagBag from /opt/airflow/dags/etl_alunos.py
[2026-03-30T17:18:59.295+0000] {processor.py:925} INFO - DAG(s) 'etl_alunos' retrieved from /opt/airflow/dags/etl_alunos.py
[2026-03-30T17:18:59.317+0000] {logging_mixin.py:190} INFO - [2026-03-30T17:18:59.316+0000] {dag.py:3211} INFO - Sync 1 DAGs
[2026-03-30T17:18:59.327+0000] {logging_mixin.py:190} INFO - [2026-03-30T17:18:59.327+0000] {dag.py:4138} INFO - Setting next_dagrun for etl_alunos to None, run_after=None
[2026-03-30T17:18:59.348+0000] {processor.py:208} INFO - Processing /opt/airflow/dags/etl_alunos.py took 0.590 seconds
[2026-03-30T17:19:29.663+0000] {processor.py:186} INFO - Started process (PID=444) to work on /opt/airflow/dags/etl_alunos.py
[2026-03-30T17:19:29.664+0000] {processor.py:914} INFO - Processing file /opt/airflow/dags/etl_alunos.py for tasks to queue
[2026-03-30T17:19:29.666+0000] {logging_mixin.py:190} INFO - [2026-03-30T17:19:29.666+0000] {dagbag.py:587} INFO - Filling up the DagBag from /opt/airflow/dags/etl_alunos.py
[2026-03-30T17:19:30.049+0000] {processor.py:925} INFO - DAG(s) 'etl_alunos' retrieved from /opt/airflow/dags/etl_alunos.py
[2026-03-30T17:19:30.071+0000] {logging_mixin.py:190} INFO - [2026-03-30T17:19:30.071+0000] {dag.py:3211} INFO - Sync 1 DAGs
[2026-03-30T17:19:30.081+0000] {logging_mixin.py:190} INFO - [2026-03-30T17:19:30.080+0000] {dag.py:4138} INFO - Setting next_dagrun for etl_alunos to None, run_after=None
[2026-03-30T17:19:30.093+0000] {processor.py:208} INFO - Processing /opt/airflow/dags/etl_alunos.py took 0.436 seconds
[2026-03-30T17:20:00.402+0000] {processor.py:186} INFO - Started process (PID=456) to work on /opt/airflow/dags/etl_alunos.py
[2026-03-30T17:20:00.403+0000] {processor.py:914} INFO - Processing file /opt/airflow/dags/etl_alunos.py for tasks to queue
[2026-03-30T17:20:00.406+0000] {logging_mixin.py:190} INFO - [2026-03-30T17:20:00.405+0000] {dagbag.py:587} INFO - Filling up the DagBag from /opt/airflow/dags/etl_alunos.py
[2026-03-30T17:20:00.882+0000] {processor.py:925} INFO - DAG(s) 'etl_alunos' retrieved from /opt/airflow/dags/etl_alunos.py
[2026-03-30T17:20:00.911+0000] {logging_mixin.py:190} INFO - [2026-03-30T17:20:00.910+0000] {dag.py:3211} INFO - Sync 1 DAGs
[2026-03-30T17:20:00.923+0000] {logging_mixin.py:190} INFO - [2026-03-30T17:20:00.923+0000] {dag.py:4138} INFO - Setting next_dagrun for etl_alunos to None, run_after=None
[2026-03-30T17:20:00.940+0000] {processor.py:208} INFO - Processing /opt/airflow/dags/etl_alunos.py took 0.544 seconds
[2026-03-30T17:20:31.234+0000] {processor.py:186} INFO - Started process (PID=468) to work on /opt/airflow/dags/etl_alunos.py
[2026-03-30T17:20:31.235+0000] {processor.py:914} INFO - Processing file /opt/airflow/dags/etl_alunos.py for tasks to queue
[2026-03-30T17:20:31.238+0000] {logging_mixin.py:190} INFO - [2026-03-30T17:20:31.238+0000] {dagbag.py:587} INFO - Filling up the DagBag from /opt/airflow/dags/etl_alunos.py
[2026-03-30T17:20:31.668+0000] {processor.py:925} INFO - DAG(s) 'etl_alunos' retrieved from /opt/airflow/dags/etl_alunos.py
[2026-03-30T17:20:31.694+0000] {logging_mixin.py:190} INFO - [2026-03-30T17:20:31.694+0000] {dag.py:3211} INFO - Sync 1 DAGs
[2026-03-30T17:20:31.706+0000] {logging_mixin.py:190} INFO - [2026-03-30T17:20:31.706+0000] {dag.py:4138} INFO - Setting next_dagrun for etl_alunos to None, run_after=None
[2026-03-30T17:20:31.720+0000] {processor.py:208} INFO - Processing /opt/airflow/dags/etl_alunos.py took 0.492 seconds
[2026-03-30T17:21:02.045+0000] {processor.py:186} INFO - Started process (PID=480) to work on /opt/airflow/dags/etl_alunos.py
[2026-03-30T17:21:02.046+0000] {processor.py:914} INFO - Processing file /opt/airflow/dags/etl_alunos.py for tasks to queue
[2026-03-30T17:21:02.049+0000] {logging_mixin.py:190} INFO - [2026-03-30T17:21:02.048+0000] {dagbag.py:587} INFO - Filling up the DagBag from /opt/airflow/dags/etl_alunos.py
[2026-03-30T17:21:02.466+0000] {processor.py:925} INFO - DAG(s) 'etl_alunos' retrieved from /opt/airflow/dags/etl_alunos.py
[2026-03-30T17:21:02.487+0000] {logging_mixin.py:190} INFO - [2026-03-30T17:21:02.487+0000] {dag.py:3211} INFO - Sync 1 DAGs
[2026-03-30T17:21:02.496+0000] {logging_mixin.py:190} INFO - [2026-03-30T17:21:02.496+0000] {dag.py:4138} INFO - Setting next_dagrun for etl_alunos to None, run_after=None
[2026-03-30T17:21:02.513+0000] {processor.py:208} INFO - Processing /opt/airflow/dags/etl_alunos.py took 0.473 seconds
[2026-03-30T17:21:32.813+0000] {processor.py:186} INFO - Started process (PID=492) to work on /opt/airflow/dags/etl_alunos.py
[2026-03-30T17:21:32.815+0000] {processor.py:914} INFO - Processing file /opt/airflow/dags/etl_alunos.py for tasks to queue
[2026-03-30T17:21:32.819+0000] {logging_mixin.py:190} INFO - [2026-03-30T17:21:32.818+0000] {dagbag.py:587} INFO - Filling up the DagBag from /opt/airflow/dags/etl_alunos.py
[2026-03-30T17:21:33.400+0000] {processor.py:925} INFO - DAG(s) 'etl_alunos' retrieved from /opt/airflow/dags/etl_alunos.py
[2026-03-30T17:21:33.429+0000] {logging_mixin.py:190} INFO - [2026-03-30T17:21:33.428+0000] {dag.py:3211} INFO - Sync 1 DAGs
[2026-03-30T17:21:33.448+0000] {logging_mixin.py:190} INFO - [2026-03-30T17:21:33.448+0000] {dag.py:4138} INFO - Setting next_dagrun for etl_alunos to None, run_after=None
[2026-03-30T17:21:33.480+0000] {processor.py:208} INFO - Processing /opt/airflow/dags/etl_alunos.py took 0.673 seconds
[2026-03-30T17:22:03.772+0000] {processor.py:186} INFO - Started process (PID=504) to work on /opt/airflow/dags/etl_alunos.py
[2026-03-30T17:22:03.774+0000] {processor.py:914} INFO - Processing file /opt/airflow/dags/etl_alunos.py for tasks to queue
[2026-03-30T17:22:03.776+0000] {logging_mixin.py:190} INFO - [2026-03-30T17:22:03.775+0000] {dagbag.py:587} INFO - Filling up the DagBag from /opt/airflow/dags/etl_alunos.py
[2026-03-30T17:22:04.175+0000] {processor.py:925} INFO - DAG(s) 'etl_alunos' retrieved from /opt/airflow/dags/etl_alunos.py
[2026-03-30T17:22:04.195+0000] {logging_mixin.py:190} INFO - [2026-03-30T17:22:04.194+0000] {dag.py:3211} INFO - Sync 1 DAGs
[2026-03-30T17:22:04.205+0000] {logging_mixin.py:190} INFO - [2026-03-30T17:22:04.205+0000] {dag.py:4138} INFO - Setting next_dagrun for etl_alunos to None, run_after=None
[2026-03-30T17:22:04.219+0000] {processor.py:208} INFO - Processing /opt/airflow/dags/etl_alunos.py took 0.451 seconds
[2026-03-30T17:22:34.486+0000] {processor.py:186} INFO - Started process (PID=516) to work on /opt/airflow/dags/etl_alunos.py
[2026-03-30T17:22:34.488+0000] {processor.py:914} INFO - Processing file /opt/airflow/dags/etl_alunos.py for tasks to queue
[2026-03-30T17:22:34.490+0000] {logging_mixin.py:190} INFO - [2026-03-30T17:22:34.490+0000] {dagbag.py:587} INFO - Filling up the DagBag from /opt/airflow/dags/etl_alunos.py
[2026-03-30T17:22:34.907+0000] {processor.py:925} INFO - DAG(s) 'etl_alunos' retrieved from /opt/airflow/dags/etl_alunos.py
[2026-03-30T17:22:34.928+0000] {logging_mixin.py:190} INFO - [2026-03-30T17:22:34.928+0000] {dag.py:3211} INFO - Sync 1 DAGs
[2026-03-30T17:22:34.937+0000] {logging_mixin.py:190} INFO - [2026-03-30T17:22:34.937+0000] {dag.py:4138} INFO - Setting next_dagrun for etl_alunos to None, run_after=None
[2026-03-30T17:22:34.950+0000] {processor.py:208} INFO - Processing /opt/airflow/dags/etl_alunos.py took 0.469 seconds
[2026-03-30T17:23:05.297+0000] {processor.py:186} INFO - Started process (PID=528) to work on /opt/airflow/dags/etl_alunos.py
[2026-03-30T17:23:05.298+0000] {processor.py:914} INFO - Processing file /opt/airflow/dags/etl_alunos.py for tasks to queue
[2026-03-30T17:23:05.300+0000] {logging_mixin.py:190} INFO - [2026-03-30T17:23:05.300+0000] {dagbag.py:587} INFO - Filling up the DagBag from /opt/airflow/dags/etl_alunos.py
[2026-03-30T17:23:05.665+0000] {processor.py:925} INFO - DAG(s) 'etl_alunos' retrieved from /opt/airflow/dags/etl_alunos.py
[2026-03-30T17:23:05.684+0000] {logging_mixin.py:190} INFO - [2026-03-30T17:23:05.684+0000] {dag.py:3211} INFO - Sync 1 DAGs
[2026-03-30T17:23:05.694+0000] {logging_mixin.py:190} INFO - [2026-03-30T17:23:05.694+0000] {dag.py:4138} INFO - Setting next_dagrun for etl_alunos to None, run_after=None
[2026-03-30T17:23:05.708+0000] {processor.py:208} INFO - Processing /opt/airflow/dags/etl_alunos.py took 0.418 seconds
[2026-03-30T17:25:47.576+0000] {processor.py:186} INFO - Started process (PID=168) to work on /opt/airflow/dags/etl_alunos.py
[2026-03-30T17:25:47.579+0000] {processor.py:914} INFO - Processing file /opt/airflow/dags/etl_alunos.py for tasks to queue
[2026-03-30T17:25:47.589+0000] {logging_mixin.py:190} INFO - [2026-03-30T17:25:47.588+0000] {dagbag.py:587} INFO - Filling up the DagBag from /opt/airflow/dags/etl_alunos.py
[2026-03-30T17:25:52.633+0000] {processor.py:925} INFO - DAG(s) 'etl_alunos' retrieved from /opt/airflow/dags/etl_alunos.py
[2026-03-30T17:25:52.706+0000] {logging_mixin.py:190} INFO - [2026-03-30T17:25:52.706+0000] {dag.py:3211} INFO - Sync 1 DAGs
[2026-03-30T17:25:52.730+0000] {logging_mixin.py:190} INFO - [2026-03-30T17:25:52.729+0000] {dag.py:4138} INFO - Setting next_dagrun for etl_alunos to None, run_after=None
[2026-03-30T17:25:52.760+0000] {processor.py:208} INFO - Processing /opt/airflow/dags/etl_alunos.py took 5.216 seconds
[2026-03-30T17:26:23.115+0000] {processor.py:186} INFO - Started process (PID=180) to work on /opt/airflow/dags/etl_alunos.py
[2026-03-30T17:26:23.116+0000] {processor.py:914} INFO - Processing file /opt/airflow/dags/etl_alunos.py for tasks to queue
[2026-03-30T17:26:23.120+0000] {logging_mixin.py:190} INFO - [2026-03-30T17:26:23.119+0000] {dagbag.py:587} INFO - Filling up the DagBag from /opt/airflow/dags/etl_alunos.py
[2026-03-30T17:26:23.975+0000] {processor.py:925} INFO - DAG(s) 'etl_alunos' retrieved from /opt/airflow/dags/etl_alunos.py
[2026-03-30T17:26:24.022+0000] {logging_mixin.py:190} INFO - [2026-03-30T17:26:24.021+0000] {dag.py:3211} INFO - Sync 1 DAGs
[2026-03-30T17:26:24.047+0000] {logging_mixin.py:190} INFO - [2026-03-30T17:26:24.046+0000] {dag.py:4138} INFO - Setting next_dagrun for etl_alunos to None, run_after=None
[2026-03-30T17:26:24.069+0000] {processor.py:208} INFO - Processing /opt/airflow/dags/etl_alunos.py took 0.959 seconds
[2026-03-30T17:26:54.401+0000] {processor.py:186} INFO - Started process (PID=192) to work on /opt/airflow/dags/etl_alunos.py
[2026-03-30T17:26:54.403+0000] {processor.py:914} INFO - Processing file /opt/airflow/dags/etl_alunos.py for tasks to queue
[2026-03-30T17:26:54.407+0000] {logging_mixin.py:190} INFO - [2026-03-30T17:26:54.406+0000] {dagbag.py:587} INFO - Filling up the DagBag from /opt/airflow/dags/etl_alunos.py
[2026-03-30T17:26:54.809+0000] {processor.py:925} INFO - DAG(s) 'etl_alunos' retrieved from /opt/airflow/dags/etl_alunos.py
[2026-03-30T17:26:54.832+0000] {logging_mixin.py:190} INFO - [2026-03-30T17:26:54.831+0000] {dag.py:3211} INFO - Sync 1 DAGs
[2026-03-30T17:26:54.850+0000] {logging_mixin.py:190} INFO - [2026-03-30T17:26:54.850+0000] {dag.py:4138} INFO - Setting next_dagrun for etl_alunos to None, run_after=None
[2026-03-30T17:26:54.872+0000] {processor.py:208} INFO - Processing /opt/airflow/dags/etl_alunos.py took 0.478 seconds
[2026-03-30T17:27:25.173+0000] {processor.py:186} INFO - Started process (PID=204) to work on /opt/airflow/dags/etl_alunos.py
[2026-03-30T17:27:25.175+0000] {processor.py:914} INFO - Processing file /opt/airflow/dags/etl_alunos.py for tasks to queue
[2026-03-30T17:27:25.177+0000] {logging_mixin.py:190} INFO - [2026-03-30T17:27:25.177+0000] {dagbag.py:587} INFO - Filling up the DagBag from /opt/airflow/dags/etl_alunos.py
[2026-03-30T17:27:25.562+0000] {processor.py:925} INFO - DAG(s) 'etl_alunos' retrieved from /opt/airflow/dags/etl_alunos.py
[2026-03-30T17:27:25.580+0000] {logging_mixin.py:190} INFO - [2026-03-30T17:27:25.580+0000] {dag.py:3211} INFO - Sync 1 DAGs
[2026-03-30T17:27:25.589+0000] {logging_mixin.py:190} INFO - [2026-03-30T17:27:25.589+0000] {dag.py:4138} INFO - Setting next_dagrun for etl_alunos to None, run_after=None
[2026-03-30T17:27:25.614+0000] {processor.py:208} INFO - Processing /opt/airflow/dags/etl_alunos.py took 0.448 seconds
[2026-03-30T17:27:55.879+0000] {processor.py:186} INFO - Started process (PID=216) to work on /opt/airflow/dags/etl_alunos.py
[2026-03-30T17:27:55.880+0000] {processor.py:914} INFO - Processing file /opt/airflow/dags/etl_alunos.py for tasks to queue
[2026-03-30T17:27:55.884+0000] {logging_mixin.py:190} INFO - [2026-03-30T17:27:55.884+0000] {dagbag.py:587} INFO - Filling up the DagBag from /opt/airflow/dags/etl_alunos.py
[2026-03-30T17:27:56.298+0000] {processor.py:925} INFO - DAG(s) 'etl_alunos' retrieved from /opt/airflow/dags/etl_alunos.py
[2026-03-30T17:27:56.335+0000] {logging_mixin.py:190} INFO - [2026-03-30T17:27:56.335+0000] {dag.py:3211} INFO - Sync 1 DAGs
[2026-03-30T17:27:56.357+0000] {logging_mixin.py:190} INFO - [2026-03-30T17:27:56.357+0000] {dag.py:4138} INFO - Setting next_dagrun for etl_alunos to None, run_after=None
[2026-03-30T17:27:56.377+0000] {processor.py:208} INFO - Processing /opt/airflow/dags/etl_alunos.py took 0.504 seconds
[2026-03-30T17:28:26.659+0000] {processor.py:186} INFO - Started process (PID=228) to work on /opt/airflow/dags/etl_alunos.py
[2026-03-30T17:28:26.661+0000] {processor.py:914} INFO - Processing file /opt/airflow/dags/etl_alunos.py for tasks to queue
[2026-03-30T17:28:26.664+0000] {logging_mixin.py:190} INFO - [2026-03-30T17:28:26.663+0000] {dagbag.py:587} INFO - Filling up the DagBag from /opt/airflow/dags/etl_alunos.py
[2026-03-30T17:28:27.156+0000] {processor.py:925} INFO - DAG(s) 'etl_alunos' retrieved from /opt/airflow/dags/etl_alunos.py
[2026-03-30T17:28:27.182+0000] {logging_mixin.py:190} INFO - [2026-03-30T17:28:27.182+0000] {dag.py:3211} INFO - Sync 1 DAGs
[2026-03-30T17:28:27.196+0000] {logging_mixin.py:190} INFO - [2026-03-30T17:28:27.196+0000] {dag.py:4138} INFO - Setting next_dagrun for etl_alunos to None, run_after=None
[2026-03-30T17:28:27.213+0000] {processor.py:208} INFO - Processing /opt/airflow/dags/etl_alunos.py took 0.565 seconds
[2026-03-30T17:28:57.494+0000] {processor.py:186} INFO - Started process (PID=240) to work on /opt/airflow/dags/etl_alunos.py
[2026-03-30T17:28:57.495+0000] {processor.py:914} INFO - Processing file /opt/airflow/dags/etl_alunos.py for tasks to queue
[2026-03-30T17:28:57.497+0000] {logging_mixin.py:190} INFO - [2026-03-30T17:28:57.497+0000] {dagbag.py:587} INFO - Filling up the DagBag from /opt/airflow/dags/etl_alunos.py
[2026-03-30T17:28:58.232+0000] {processor.py:925} INFO - DAG(s) 'etl_alunos' retrieved from /opt/airflow/dags/etl_alunos.py
[2026-03-30T17:28:58.270+0000] {logging_mixin.py:190} INFO - [2026-03-30T17:28:58.270+0000] {dag.py:3211} INFO - Sync 1 DAGs
[2026-03-30T17:28:58.285+0000] {logging_mixin.py:190} INFO - [2026-03-30T17:28:58.284+0000] {dag.py:4138} INFO - Setting next_dagrun for etl_alunos to None, run_after=None
[2026-03-30T17:28:58.301+0000] {processor.py:208} INFO - Processing /opt/airflow/dags/etl_alunos.py took 0.813 seconds
[2026-03-30T17:29:28.594+0000] {processor.py:186} INFO - Started process (PID=252) to work on /opt/airflow/dags/etl_alunos.py
[2026-03-30T17:29:28.594+0000] {processor.py:914} INFO - Processing file /opt/airflow/dags/etl_alunos.py for tasks to queue
[2026-03-30T17:29:28.597+0000] {logging_mixin.py:190} INFO - [2026-03-30T17:29:28.596+0000] {dagbag.py:587} INFO - Filling up the DagBag from /opt/airflow/dags/etl_alunos.py
[2026-03-30T17:29:29.156+0000] {processor.py:925} INFO - DAG(s) 'etl_alunos' retrieved from /opt/airflow/dags/etl_alunos.py
[2026-03-30T17:29:29.195+0000] {logging_mixin.py:190} INFO - [2026-03-30T17:29:29.194+0000] {dag.py:3211} INFO - Sync 1 DAGs
[2026-03-30T17:29:29.227+0000] {logging_mixin.py:190} INFO - [2026-03-30T17:29:29.226+0000] {dag.py:4138} INFO - Setting next_dagrun for etl_alunos to None, run_after=None
[2026-03-30T17:29:29.264+0000] {processor.py:208} INFO - Processing /opt/airflow/dags/etl_alunos.py took 0.675 seconds
[2026-03-30T17:29:59.355+0000] {processor.py:186} INFO - Started process (PID=264) to work on /opt/airflow/dags/etl_alunos.py
[2026-03-30T17:29:59.357+0000] {processor.py:914} INFO - Processing file /opt/airflow/dags/etl_alunos.py for tasks to queue
[2026-03-30T17:29:59.358+0000] {logging_mixin.py:190} INFO - [2026-03-30T17:29:59.358+0000] {dagbag.py:587} INFO - Filling up the DagBag from /opt/airflow/dags/etl_alunos.py
[2026-03-30T17:29:59.913+0000] {processor.py:925} INFO - DAG(s) 'etl_alunos' retrieved from /opt/airflow/dags/etl_alunos.py
[2026-03-30T17:29:59.937+0000] {logging_mixin.py:190} INFO - [2026-03-30T17:29:59.936+0000] {dag.py:3211} INFO - Sync 1 DAGs
[2026-03-30T17:29:59.947+0000] {logging_mixin.py:190} INFO - [2026-03-30T17:29:59.947+0000] {dag.py:4138} INFO - Setting next_dagrun for etl_alunos to None, run_after=None
[2026-03-30T17:29:59.960+0000] {processor.py:208} INFO - Processing /opt/airflow/dags/etl_alunos.py took 0.610 seconds
[2026-03-30T17:30:30.327+0000] {processor.py:186} INFO - Started process (PID=276) to work on /opt/airflow/dags/etl_alunos.py
[2026-03-30T17:30:30.328+0000] {processor.py:914} INFO - Processing file /opt/airflow/dags/etl_alunos.py for tasks to queue
[2026-03-30T17:30:30.331+0000] {logging_mixin.py:190} INFO - [2026-03-30T17:30:30.331+0000] {dagbag.py:587} INFO - Filling up the DagBag from /opt/airflow/dags/etl_alunos.py
[2026-03-30T17:30:30.852+0000] {processor.py:925} INFO - DAG(s) 'etl_alunos' retrieved from /opt/airflow/dags/etl_alunos.py
[2026-03-30T17:30:30.870+0000] {logging_mixin.py:190} INFO - [2026-03-30T17:30:30.870+0000] {dag.py:3211} INFO - Sync 1 DAGs
[2026-03-30T17:30:30.879+0000] {logging_mixin.py:190} INFO - [2026-03-30T17:30:30.879+0000] {dag.py:4138} INFO - Setting next_dagrun for etl_alunos to None, run_after=None
[2026-03-30T17:30:30.892+0000] {processor.py:208} INFO - Processing /opt/airflow/dags/etl_alunos.py took 0.571 seconds
[2026-03-30T17:31:01.247+0000] {processor.py:186} INFO - Started process (PID=288) to work on /opt/airflow/dags/etl_alunos.py
[2026-03-30T17:31:01.249+0000] {processor.py:914} INFO - Processing file /opt/airflow/dags/etl_alunos.py for tasks to queue
[2026-03-30T17:31:01.252+0000] {logging_mixin.py:190} INFO - [2026-03-30T17:31:01.251+0000] {dagbag.py:587} INFO - Filling up the DagBag from /opt/airflow/dags/etl_alunos.py
[2026-03-30T17:31:01.708+0000] {processor.py:925} INFO - DAG(s) 'etl_alunos' retrieved from /opt/airflow/dags/etl_alunos.py
[2026-03-30T17:31:01.732+0000] {logging_mixin.py:190} INFO - [2026-03-30T17:31:01.731+0000] {dag.py:3211} INFO - Sync 1 DAGs
[2026-03-30T17:31:01.747+0000] {logging_mixin.py:190} INFO - [2026-03-30T17:31:01.746+0000] {dag.py:4138} INFO - Setting next_dagrun for etl_alunos to None, run_after=None
[2026-03-30T17:31:01.766+0000] {processor.py:208} INFO - Processing /opt/airflow/dags/etl_alunos.py took 0.524 seconds
[2026-03-30T17:31:32.066+0000] {processor.py:186} INFO - Started process (PID=300) to work on /opt/airflow/dags/etl_alunos.py
[2026-03-30T17:31:32.067+0000] {processor.py:914} INFO - Processing file /opt/airflow/dags/etl_alunos.py for tasks to queue
[2026-03-30T17:31:32.069+0000] {logging_mixin.py:190} INFO - [2026-03-30T17:31:32.069+0000] {dagbag.py:587} INFO - Filling up the DagBag from /opt/airflow/dags/etl_alunos.py
[2026-03-30T17:31:32.540+0000] {processor.py:925} INFO - DAG(s) 'etl_alunos' retrieved from /opt/airflow/dags/etl_alunos.py
[2026-03-30T17:31:32.558+0000] {logging_mixin.py:190} INFO - [2026-03-30T17:31:32.558+0000] {dag.py:3211} INFO - Sync 1 DAGs
[2026-03-30T17:31:32.567+0000] {logging_mixin.py:190} INFO - [2026-03-30T17:31:32.567+0000] {dag.py:4138} INFO - Setting next_dagrun for etl_alunos to None, run_after=None
[2026-03-30T17:31:32.579+0000] {processor.py:208} INFO - Processing /opt/airflow/dags/etl_alunos.py took 0.519 seconds
[2026-03-30T17:32:02.878+0000] {processor.py:186} INFO - Started process (PID=312) to work on /opt/airflow/dags/etl_alunos.py
[2026-03-30T17:32:02.880+0000] {processor.py:914} INFO - Processing file /opt/airflow/dags/etl_alunos.py for tasks to queue
[2026-03-30T17:32:02.883+0000] {logging_mixin.py:190} INFO - [2026-03-30T17:32:02.882+0000] {dagbag.py:587} INFO - Filling up the DagBag from /opt/airflow/dags/etl_alunos.py
[2026-03-30T17:32:03.339+0000] {processor.py:925} INFO - DAG(s) 'etl_alunos' retrieved from /opt/airflow/dags/etl_alunos.py
[2026-03-30T17:32:03.383+0000] {logging_mixin.py:190} INFO - [2026-03-30T17:32:03.382+0000] {dag.py:3211} INFO - Sync 1 DAGs
[2026-03-30T17:32:03.402+0000] {logging_mixin.py:190} INFO - [2026-03-30T17:32:03.401+0000] {dag.py:4138} INFO - Setting next_dagrun for etl_alunos to None, run_after=None
[2026-03-30T17:32:03.421+0000] {processor.py:208} INFO - Processing /opt/airflow/dags/etl_alunos.py took 0.550 seconds
[2026-03-30T17:32:33.889+0000] {processor.py:186} INFO - Started process (PID=324) to work on /opt/airflow/dags/etl_alunos.py
[2026-03-30T17:32:33.890+0000] {processor.py:914} INFO - Processing file /opt/airflow/dags/etl_alunos.py for tasks to queue
[2026-03-30T17:32:33.892+0000] {logging_mixin.py:190} INFO - [2026-03-30T17:32:33.892+0000] {dagbag.py:587} INFO - Filling up the DagBag from /opt/airflow/dags/etl_alunos.py
[2026-03-30T17:32:34.304+0000] {processor.py:925} INFO - DAG(s) 'etl_alunos' retrieved from /opt/airflow/dags/etl_alunos.py
[2026-03-30T17:32:34.328+0000] {logging_mixin.py:190} INFO - [2026-03-30T17:32:34.327+0000] {dag.py:3211} INFO - Sync 1 DAGs
[2026-03-30T17:32:34.338+0000] {logging_mixin.py:190} INFO - [2026-03-30T17:32:34.338+0000] {dag.py:4138} INFO - Setting next_dagrun for etl_alunos to None, run_after=None
[2026-03-30T17:32:34.356+0000] {processor.py:208} INFO - Processing /opt/airflow/dags/etl_alunos.py took 0.473 seconds
[2026-03-30T17:33:04.637+0000] {processor.py:186} INFO - Started process (PID=336) to work on /opt/airflow/dags/etl_alunos.py
[2026-03-30T17:33:04.639+0000] {processor.py:914} INFO - Processing file /opt/airflow/dags/etl_alunos.py for tasks to queue
[2026-03-30T17:33:04.641+0000] {logging_mixin.py:190} INFO - [2026-03-30T17:33:04.641+0000] {dagbag.py:587} INFO - Filling up the DagBag from /opt/airflow/dags/etl_alunos.py
[2026-03-30T17:33:05.027+0000] {processor.py:925} INFO - DAG(s) 'etl_alunos' retrieved from /opt/airflow/dags/etl_alunos.py
[2026-03-30T17:33:05.048+0000] {logging_mixin.py:190} INFO - [2026-03-30T17:33:05.047+0000] {dag.py:3211} INFO - Sync 1 DAGs
[2026-03-30T17:33:05.058+0000] {logging_mixin.py:190} INFO - [2026-03-30T17:33:05.057+0000] {dag.py:4138} INFO - Setting next_dagrun for etl_alunos to None, run_after=None
[2026-03-30T17:33:05.070+0000] {processor.py:208} INFO - Processing /opt/airflow/dags/etl_alunos.py took 0.440 seconds
[2026-03-30T17:33:35.335+0000] {processor.py:186} INFO - Started process (PID=348) to work on /opt/airflow/dags/etl_alunos.py
[2026-03-30T17:33:35.336+0000] {processor.py:914} INFO - Processing file /opt/airflow/dags/etl_alunos.py for tasks to queue
[2026-03-30T17:33:35.338+0000] {logging_mixin.py:190} INFO - [2026-03-30T17:33:35.338+0000] {dagbag.py:587} INFO - Filling up the DagBag from /opt/airflow/dags/etl_alunos.py
[2026-03-30T17:33:35.775+0000] {processor.py:925} INFO - DAG(s) 'etl_alunos' retrieved from /opt/airflow/dags/etl_alunos.py
[2026-03-30T17:33:35.798+0000] {logging_mixin.py:190} INFO - [2026-03-30T17:33:35.797+0000] {dag.py:3211} INFO - Sync 1 DAGs
[2026-03-30T17:33:35.808+0000] {logging_mixin.py:190} INFO - [2026-03-30T17:33:35.808+0000] {dag.py:4138} INFO - Setting next_dagrun for etl_alunos to None, run_after=None
[2026-03-30T17:33:35.824+0000] {processor.py:208} INFO - Processing /opt/airflow/dags/etl_alunos.py took 0.494 seconds
[2026-03-30T17:34:06.099+0000] {processor.py:186} INFO - Started process (PID=360) to work on /opt/airflow/dags/etl_alunos.py
[2026-03-30T17:34:06.100+0000] {processor.py:914} INFO - Processing file /opt/airflow/dags/etl_alunos.py for tasks to queue
[2026-03-30T17:34:06.102+0000] {logging_mixin.py:190} INFO - [2026-03-30T17:34:06.102+0000] {dagbag.py:587} INFO - Filling up the DagBag from /opt/airflow/dags/etl_alunos.py
[2026-03-30T17:34:06.517+0000] {processor.py:925} INFO - DAG(s) 'etl_alunos' retrieved from /opt/airflow/dags/etl_alunos.py
[2026-03-30T17:34:06.548+0000] {logging_mixin.py:190} INFO - [2026-03-30T17:34:06.548+0000] {dag.py:3211} INFO - Sync 1 DAGs
[2026-03-30T17:34:06.560+0000] {logging_mixin.py:190} INFO - [2026-03-30T17:34:06.560+0000] {dag.py:4138} INFO - Setting next_dagrun for etl_alunos to None, run_after=None
[2026-03-30T17:34:06.574+0000] {processor.py:208} INFO - Processing /opt/airflow/dags/etl_alunos.py took 0.482 seconds
[2026-03-30T17:34:37.398+0000] {processor.py:186} INFO - Started process (PID=372) to work on /opt/airflow/dags/etl_alunos.py
[2026-03-30T17:34:37.400+0000] {processor.py:914} INFO - Processing file /opt/airflow/dags/etl_alunos.py for tasks to queue
[2026-03-30T17:34:37.402+0000] {logging_mixin.py:190} INFO - [2026-03-30T17:34:37.401+0000] {dagbag.py:587} INFO - Filling up the DagBag from /opt/airflow/dags/etl_alunos.py
[2026-03-30T17:34:37.782+0000] {processor.py:925} INFO - DAG(s) 'etl_alunos' retrieved from /opt/airflow/dags/etl_alunos.py
[2026-03-30T17:34:37.806+0000] {logging_mixin.py:190} INFO - [2026-03-30T17:34:37.806+0000] {dag.py:3211} INFO - Sync 1 DAGs
[2026-03-30T17:34:37.818+0000] {logging_mixin.py:190} INFO - [2026-03-30T17:34:37.818+0000] {dag.py:4138} INFO - Setting next_dagrun for etl_alunos to None, run_after=None
[2026-03-30T17:34:37.834+0000] {processor.py:208} INFO - Processing /opt/airflow/dags/etl_alunos.py took 0.441 seconds
[2026-03-30T17:35:08.131+0000] {processor.py:186} INFO - Started process (PID=384) to work on /opt/airflow/dags/etl_alunos.py
[2026-03-30T17:35:08.132+0000] {processor.py:914} INFO - Processing file /opt/airflow/dags/etl_alunos.py for tasks to queue
[2026-03-30T17:35:08.135+0000] {logging_mixin.py:190} INFO - [2026-03-30T17:35:08.134+0000] {dagbag.py:587} INFO - Filling up the DagBag from /opt/airflow/dags/etl_alunos.py
[2026-03-30T17:35:08.603+0000] {processor.py:925} INFO - DAG(s) 'etl_alunos' retrieved from /opt/airflow/dags/etl_alunos.py
[2026-03-30T17:35:08.626+0000] {logging_mixin.py:190} INFO - [2026-03-30T17:35:08.625+0000] {dag.py:3211} INFO - Sync 1 DAGs
[2026-03-30T17:35:08.636+0000] {logging_mixin.py:190} INFO - [2026-03-30T17:35:08.636+0000] {dag.py:4138} INFO - Setting next_dagrun for etl_alunos to None, run_after=None
[2026-03-30T17:35:08.653+0000] {processor.py:208} INFO - Processing /opt/airflow/dags/etl_alunos.py took 0.529 seconds
[2026-03-30T17:35:38.976+0000] {processor.py:186} INFO - Started process (PID=396) to work on /opt/airflow/dags/etl_alunos.py
[2026-03-30T17:35:38.977+0000] {processor.py:914} INFO - Processing file /opt/airflow/dags/etl_alunos.py for tasks to queue
[2026-03-30T17:35:38.982+0000] {logging_mixin.py:190} INFO - [2026-03-30T17:35:38.981+0000] {dagbag.py:587} INFO - Filling up the DagBag from /opt/airflow/dags/etl_alunos.py
[2026-03-30T17:35:39.924+0000] {processor.py:925} INFO - DAG(s) 'etl_alunos' retrieved from /opt/airflow/dags/etl_alunos.py
[2026-03-30T17:35:39.994+0000] {logging_mixin.py:190} INFO - [2026-03-30T17:35:39.993+0000] {dag.py:3211} INFO - Sync 1 DAGs
[2026-03-30T17:35:40.007+0000] {logging_mixin.py:190} INFO - [2026-03-30T17:35:40.006+0000] {dag.py:4138} INFO - Setting next_dagrun for etl_alunos to None, run_after=None
[2026-03-30T17:35:40.027+0000] {processor.py:208} INFO - Processing /opt/airflow/dags/etl_alunos.py took 1.061 seconds
[2026-03-30T17:36:10.721+0000] {processor.py:186} INFO - Started process (PID=408) to work on /opt/airflow/dags/etl_alunos.py
[2026-03-30T17:36:10.724+0000] {processor.py:914} INFO - Processing file /opt/airflow/dags/etl_alunos.py for tasks to queue
[2026-03-30T17:36:10.731+0000] {logging_mixin.py:190} INFO - [2026-03-30T17:36:10.730+0000] {dagbag.py:587} INFO - Filling up the DagBag from /opt/airflow/dags/etl_alunos.py
[2026-03-30T17:36:11.224+0000] {processor.py:925} INFO - DAG(s) 'etl_alunos' retrieved from /opt/airflow/dags/etl_alunos.py
[2026-03-30T17:36:11.245+0000] {logging_mixin.py:190} INFO - [2026-03-30T17:36:11.245+0000] {dag.py:3211} INFO - Sync 1 DAGs
[2026-03-30T17:36:11.255+0000] {logging_mixin.py:190} INFO - [2026-03-30T17:36:11.255+0000] {dag.py:4138} INFO - Setting next_dagrun for etl_alunos to None, run_after=None
[2026-03-30T17:36:11.272+0000] {processor.py:208} INFO - Processing /opt/airflow/dags/etl_alunos.py took 0.571 seconds
[2026-03-30T17:36:41.633+0000] {processor.py:186} INFO - Started process (PID=420) to work on /opt/airflow/dags/etl_alunos.py
[2026-03-30T17:36:41.634+0000] {processor.py:914} INFO - Processing file /opt/airflow/dags/etl_alunos.py for tasks to queue
[2026-03-30T17:36:41.637+0000] {logging_mixin.py:190} INFO - [2026-03-30T17:36:41.637+0000] {dagbag.py:587} INFO - Filling up the DagBag from /opt/airflow/dags/etl_alunos.py
[2026-03-30T17:36:42.169+0000] {processor.py:925} INFO - DAG(s) 'etl_alunos' retrieved from /opt/airflow/dags/etl_alunos.py
[2026-03-30T17:36:42.225+0000] {logging_mixin.py:190} INFO - [2026-03-30T17:36:42.225+0000] {dag.py:3211} INFO - Sync 1 DAGs
[2026-03-30T17:36:42.244+0000] {logging_mixin.py:190} INFO - [2026-03-30T17:36:42.243+0000] {dag.py:4138} INFO - Setting next_dagrun for etl_alunos to None, run_after=None
[2026-03-30T17:36:42.270+0000] {processor.py:208} INFO - Processing /opt/airflow/dags/etl_alunos.py took 0.642 seconds
[2026-03-30T17:37:12.580+0000] {processor.py:186} INFO - Started process (PID=432) to work on /opt/airflow/dags/etl_alunos.py
[2026-03-30T17:37:12.583+0000] {processor.py:914} INFO - Processing file /opt/airflow/dags/etl_alunos.py for tasks to queue
[2026-03-30T17:37:12.589+0000] {logging_mixin.py:190} INFO - [2026-03-30T17:37:12.589+0000] {dagbag.py:587} INFO - Filling up the DagBag from /opt/airflow/dags/etl_alunos.py
[2026-03-30T17:37:13.731+0000] {processor.py:925} INFO - DAG(s) 'etl_alunos' retrieved from /opt/airflow/dags/etl_alunos.py
[2026-03-30T17:37:13.793+0000] {logging_mixin.py:190} INFO - [2026-03-30T17:37:13.793+0000] {dag.py:3211} INFO - Sync 1 DAGs
[2026-03-30T17:37:13.809+0000] {logging_mixin.py:190} INFO - [2026-03-30T17:37:13.809+0000] {dag.py:4138} INFO - Setting next_dagrun for etl_alunos to None, run_after=None
[2026-03-30T17:37:13.834+0000] {processor.py:208} INFO - Processing /opt/airflow/dags/etl_alunos.py took 1.211 seconds
[2026-03-30T17:37:44.453+0000] {processor.py:186} INFO - Started process (PID=444) to work on /opt/airflow/dags/etl_alunos.py
[2026-03-30T17:37:44.457+0000] {processor.py:914} INFO - Processing file /opt/airflow/dags/etl_alunos.py for tasks to queue
[2026-03-30T17:37:44.464+0000] {logging_mixin.py:190} INFO - [2026-03-30T17:37:44.463+0000] {dagbag.py:587} INFO - Filling up the DagBag from /opt/airflow/dags/etl_alunos.py
[2026-03-30T17:37:45.057+0000] {processor.py:925} INFO - DAG(s) 'etl_alunos' retrieved from /opt/airflow/dags/etl_alunos.py
[2026-03-30T17:37:45.079+0000] {logging_mixin.py:190} INFO - [2026-03-30T17:37:45.079+0000] {dag.py:3211} INFO - Sync 1 DAGs
[2026-03-30T17:37:45.089+0000] {logging_mixin.py:190} INFO - [2026-03-30T17:37:45.089+0000] {dag.py:4138} INFO - Setting next_dagrun for etl_alunos to None, run_after=None
[2026-03-30T17:37:45.102+0000] {processor.py:208} INFO - Processing /opt/airflow/dags/etl_alunos.py took 0.673 seconds
[2026-03-30T17:38:15.411+0000] {processor.py:186} INFO - Started process (PID=456) to work on /opt/airflow/dags/etl_alunos.py
[2026-03-30T17:38:15.412+0000] {processor.py:914} INFO - Processing file /opt/airflow/dags/etl_alunos.py for tasks to queue
[2026-03-30T17:38:15.415+0000] {logging_mixin.py:190} INFO - [2026-03-30T17:38:15.415+0000] {dagbag.py:587} INFO - Filling up the DagBag from /opt/airflow/dags/etl_alunos.py
[2026-03-30T17:38:15.889+0000] {processor.py:925} INFO - DAG(s) 'etl_alunos' retrieved from /opt/airflow/dags/etl_alunos.py
[2026-03-30T17:38:15.914+0000] {logging_mixin.py:190} INFO - [2026-03-30T17:38:15.913+0000] {dag.py:3211} INFO - Sync 1 DAGs
[2026-03-30T17:38:15.924+0000] {logging_mixin.py:190} INFO - [2026-03-30T17:38:15.924+0000] {dag.py:4138} INFO - Setting next_dagrun for etl_alunos to None, run_after=None
[2026-03-30T17:38:15.939+0000] {processor.py:208} INFO - Processing /opt/airflow/dags/etl_alunos.py took 0.534 seconds
[2026-03-30T17:38:46.238+0000] {processor.py:186} INFO - Started process (PID=468) to work on /opt/airflow/dags/etl_alunos.py
[2026-03-30T17:38:46.240+0000] {processor.py:914} INFO - Processing file /opt/airflow/dags/etl_alunos.py for tasks to queue
[2026-03-30T17:38:46.242+0000] {logging_mixin.py:190} INFO - [2026-03-30T17:38:46.241+0000] {dagbag.py:587} INFO - Filling up the DagBag from /opt/airflow/dags/etl_alunos.py
[2026-03-30T17:38:46.782+0000] {processor.py:925} INFO - DAG(s) 'etl_alunos' retrieved from /opt/airflow/dags/etl_alunos.py
[2026-03-30T17:38:46.809+0000] {logging_mixin.py:190} INFO - [2026-03-30T17:38:46.809+0000] {dag.py:3211} INFO - Sync 1 DAGs
[2026-03-30T17:38:46.821+0000] {logging_mixin.py:190} INFO - [2026-03-30T17:38:46.820+0000] {dag.py:4138} INFO - Setting next_dagrun for etl_alunos to None, run_after=None
[2026-03-30T17:38:46.836+0000] {processor.py:208} INFO - Processing /opt/airflow/dags/etl_alunos.py took 0.603 seconds
[2026-03-30T17:39:17.197+0000] {processor.py:186} INFO - Started process (PID=480) to work on /opt/airflow/dags/etl_alunos.py
[2026-03-30T17:39:17.198+0000] {processor.py:914} INFO - Processing file /opt/airflow/dags/etl_alunos.py for tasks to queue
[2026-03-30T17:39:17.201+0000] {logging_mixin.py:190} INFO - [2026-03-30T17:39:17.200+0000] {dagbag.py:587} INFO - Filling up the DagBag from /opt/airflow/dags/etl_alunos.py
[2026-03-30T17:39:17.652+0000] {processor.py:925} INFO - DAG(s) 'etl_alunos' retrieved from /opt/airflow/dags/etl_alunos.py
[2026-03-30T17:39:17.676+0000] {logging_mixin.py:190} INFO - [2026-03-30T17:39:17.676+0000] {dag.py:3211} INFO - Sync 1 DAGs
[2026-03-30T17:39:17.686+0000] {logging_mixin.py:190} INFO - [2026-03-30T17:39:17.686+0000] {dag.py:4138} INFO - Setting next_dagrun for etl_alunos to None, run_after=None
[2026-03-30T17:39:17.700+0000] {processor.py:208} INFO - Processing /opt/airflow/dags/etl_alunos.py took 0.516 seconds
[2026-03-30T17:39:48.053+0000] {processor.py:186} INFO - Started process (PID=492) to work on /opt/airflow/dags/etl_alunos.py
[2026-03-30T17:39:48.054+0000] {processor.py:914} INFO - Processing file /opt/airflow/dags/etl_alunos.py for tasks to queue
[2026-03-30T17:39:48.057+0000] {logging_mixin.py:190} INFO - [2026-03-30T17:39:48.057+0000] {dagbag.py:587} INFO - Filling up the DagBag from /opt/airflow/dags/etl_alunos.py
[2026-03-30T17:39:48.520+0000] {processor.py:925} INFO - DAG(s) 'etl_alunos' retrieved from /opt/airflow/dags/etl_alunos.py
[2026-03-30T17:39:48.546+0000] {logging_mixin.py:190} INFO - [2026-03-30T17:39:48.546+0000] {dag.py:3211} INFO - Sync 1 DAGs
[2026-03-30T17:39:48.557+0000] {logging_mixin.py:190} INFO - [2026-03-30T17:39:48.557+0000] {dag.py:4138} INFO - Setting next_dagrun for etl_alunos to None, run_after=None
[2026-03-30T17:39:48.574+0000] {processor.py:208} INFO - Processing /opt/airflow/dags/etl_alunos.py took 0.525 seconds
[2026-03-30T17:40:18.931+0000] {processor.py:186} INFO - Started process (PID=504) to work on /opt/airflow/dags/etl_alunos.py
[2026-03-30T17:40:18.932+0000] {processor.py:914} INFO - Processing file /opt/airflow/dags/etl_alunos.py for tasks to queue
[2026-03-30T17:40:18.935+0000] {logging_mixin.py:190} INFO - [2026-03-30T17:40:18.934+0000] {dagbag.py:587} INFO - Filling up the DagBag from /opt/airflow/dags/etl_alunos.py
[2026-03-30T17:40:19.576+0000] {processor.py:925} INFO - DAG(s) 'etl_alunos' retrieved from /opt/airflow/dags/etl_alunos.py
[2026-03-30T17:40:19.610+0000] {logging_mixin.py:190} INFO - [2026-03-30T17:40:19.610+0000] {dag.py:3211} INFO - Sync 1 DAGs
[2026-03-30T17:40:19.642+0000] {logging_mixin.py:190} INFO - [2026-03-30T17:40:19.642+0000] {dag.py:4138} INFO - Setting next_dagrun for etl_alunos to None, run_after=None
[2026-03-30T17:40:19.668+0000] {processor.py:208} INFO - Processing /opt/airflow/dags/etl_alunos.py took 0.743 seconds
[2026-03-30T17:40:50.208+0000] {processor.py:186} INFO - Started process (PID=516) to work on /opt/airflow/dags/etl_alunos.py
[2026-03-30T17:40:50.209+0000] {processor.py:914} INFO - Processing file /opt/airflow/dags/etl_alunos.py for tasks to queue
[2026-03-30T17:40:50.212+0000] {logging_mixin.py:190} INFO - [2026-03-30T17:40:50.212+0000] {dagbag.py:587} INFO - Filling up the DagBag from /opt/airflow/dags/etl_alunos.py
[2026-03-30T17:40:50.793+0000] {processor.py:925} INFO - DAG(s) 'etl_alunos' retrieved from /opt/airflow/dags/etl_alunos.py
[2026-03-30T17:40:50.834+0000] {logging_mixin.py:190} INFO - [2026-03-30T17:40:50.834+0000] {dag.py:3211} INFO - Sync 1 DAGs
[2026-03-30T17:40:50.865+0000] {logging_mixin.py:190} INFO - [2026-03-30T17:40:50.865+0000] {dag.py:4138} INFO - Setting next_dagrun for etl_alunos to None, run_after=None
[2026-03-30T17:40:50.887+0000] {processor.py:208} INFO - Processing /opt/airflow/dags/etl_alunos.py took 0.684 seconds
[2026-03-30T17:41:21.218+0000] {processor.py:186} INFO - Started process (PID=528) to work on /opt/airflow/dags/etl_alunos.py
[2026-03-30T17:41:21.219+0000] {processor.py:914} INFO - Processing file /opt/airflow/dags/etl_alunos.py for tasks to queue
[2026-03-30T17:41:21.221+0000] {logging_mixin.py:190} INFO - [2026-03-30T17:41:21.221+0000] {dagbag.py:587} INFO - Filling up the DagBag from /opt/airflow/dags/etl_alunos.py
[2026-03-30T17:41:21.730+0000] {processor.py:925} INFO - DAG(s) 'etl_alunos' retrieved from /opt/airflow/dags/etl_alunos.py
[2026-03-30T17:41:21.755+0000] {logging_mixin.py:190} INFO - [2026-03-30T17:41:21.755+0000] {dag.py:3211} INFO - Sync 1 DAGs
[2026-03-30T17:41:21.767+0000] {logging_mixin.py:190} INFO - [2026-03-30T17:41:21.766+0000] {dag.py:4138} INFO - Setting next_dagrun for etl_alunos to None, run_after=None
[2026-03-30T17:41:21.781+0000] {processor.py:208} INFO - Processing /opt/airflow/dags/etl_alunos.py took 0.569 seconds
[2026-03-30T17:41:52.097+0000] {processor.py:186} INFO - Started process (PID=540) to work on /opt/airflow/dags/etl_alunos.py
[2026-03-30T17:41:52.098+0000] {processor.py:914} INFO - Processing file /opt/airflow/dags/etl_alunos.py for tasks to queue
[2026-03-30T17:41:52.100+0000] {logging_mixin.py:190} INFO - [2026-03-30T17:41:52.100+0000] {dagbag.py:587} INFO - Filling up the DagBag from /opt/airflow/dags/etl_alunos.py
[2026-03-30T17:41:52.459+0000] {processor.py:925} INFO - DAG(s) 'etl_alunos' retrieved from /opt/airflow/dags/etl_alunos.py
[2026-03-30T17:41:52.481+0000] {logging_mixin.py:190} INFO - [2026-03-30T17:41:52.480+0000] {dag.py:3211} INFO - Sync 1 DAGs
[2026-03-30T17:41:52.490+0000] {logging_mixin.py:190} INFO - [2026-03-30T17:41:52.490+0000] {dag.py:4138} INFO - Setting next_dagrun for etl_alunos to None, run_after=None
[2026-03-30T17:41:52.504+0000] {processor.py:208} INFO - Processing /opt/airflow/dags/etl_alunos.py took 0.413 seconds
[2026-03-30T17:42:22.842+0000] {processor.py:186} INFO - Started process (PID=552) to work on /opt/airflow/dags/etl_alunos.py
[2026-03-30T17:42:22.843+0000] {processor.py:914} INFO - Processing file /opt/airflow/dags/etl_alunos.py for tasks to queue
[2026-03-30T17:42:22.845+0000] {logging_mixin.py:190} INFO - [2026-03-30T17:42:22.845+0000] {dagbag.py:587} INFO - Filling up the DagBag from /opt/airflow/dags/etl_alunos.py
[2026-03-30T17:42:23.198+0000] {processor.py:925} INFO - DAG(s) 'etl_alunos' retrieved from /opt/airflow/dags/etl_alunos.py
[2026-03-30T17:42:23.218+0000] {logging_mixin.py:190} INFO - [2026-03-30T17:42:23.217+0000] {dag.py:3211} INFO - Sync 1 DAGs
[2026-03-30T17:42:23.228+0000] {logging_mixin.py:190} INFO - [2026-03-30T17:42:23.228+0000] {dag.py:4138} INFO - Setting next_dagrun for etl_alunos to None, run_after=None
[2026-03-30T17:42:23.244+0000] {processor.py:208} INFO - Processing /opt/airflow/dags/etl_alunos.py took 0.409 seconds
[2026-03-30T17:42:53.602+0000] {processor.py:186} INFO - Started process (PID=564) to work on /opt/airflow/dags/etl_alunos.py
[2026-03-30T17:42:53.603+0000] {processor.py:914} INFO - Processing file /opt/airflow/dags/etl_alunos.py for tasks to queue
[2026-03-30T17:42:53.605+0000] {logging_mixin.py:190} INFO - [2026-03-30T17:42:53.605+0000] {dagbag.py:587} INFO - Filling up the DagBag from /opt/airflow/dags/etl_alunos.py
[2026-03-30T17:42:54.066+0000] {processor.py:925} INFO - DAG(s) 'etl_alunos' retrieved from /opt/airflow/dags/etl_alunos.py
[2026-03-30T17:42:54.092+0000] {logging_mixin.py:190} INFO - [2026-03-30T17:42:54.091+0000] {dag.py:3211} INFO - Sync 1 DAGs
[2026-03-30T17:42:54.106+0000] {logging_mixin.py:190} INFO - [2026-03-30T17:42:54.106+0000] {dag.py:4138} INFO - Setting next_dagrun for etl_alunos to None, run_after=None
[2026-03-30T17:42:54.122+0000] {processor.py:208} INFO - Processing /opt/airflow/dags/etl_alunos.py took 0.525 seconds
[2026-03-30T17:43:24.411+0000] {processor.py:186} INFO - Started process (PID=576) to work on /opt/airflow/dags/etl_alunos.py
[2026-03-30T17:43:24.412+0000] {processor.py:914} INFO - Processing file /opt/airflow/dags/etl_alunos.py for tasks to queue
[2026-03-30T17:43:24.414+0000] {logging_mixin.py:190} INFO - [2026-03-30T17:43:24.414+0000] {dagbag.py:587} INFO - Filling up the DagBag from /opt/airflow/dags/etl_alunos.py
[2026-03-30T17:43:24.893+0000] {processor.py:925} INFO - DAG(s) 'etl_alunos' retrieved from /opt/airflow/dags/etl_alunos.py
[2026-03-30T17:43:24.932+0000] {logging_mixin.py:190} INFO - [2026-03-30T17:43:24.931+0000] {dag.py:3211} INFO - Sync 1 DAGs
[2026-03-30T17:43:24.951+0000] {logging_mixin.py:190} INFO - [2026-03-30T17:43:24.951+0000] {dag.py:4138} INFO - Setting next_dagrun for etl_alunos to None, run_after=None
[2026-03-30T17:43:24.969+0000] {processor.py:208} INFO - Processing /opt/airflow/dags/etl_alunos.py took 0.565 seconds
[2026-03-30T17:43:55.270+0000] {processor.py:186} INFO - Started process (PID=588) to work on /opt/airflow/dags/etl_alunos.py
[2026-03-30T17:43:55.272+0000] {processor.py:914} INFO - Processing file /opt/airflow/dags/etl_alunos.py for tasks to queue
[2026-03-30T17:43:55.276+0000] {logging_mixin.py:190} INFO - [2026-03-30T17:43:55.276+0000] {dagbag.py:587} INFO - Filling up the DagBag from /opt/airflow/dags/etl_alunos.py
[2026-03-30T17:43:55.887+0000] {processor.py:925} INFO - DAG(s) 'etl_alunos' retrieved from /opt/airflow/dags/etl_alunos.py
[2026-03-30T17:43:55.942+0000] {logging_mixin.py:190} INFO - [2026-03-30T17:43:55.941+0000] {dag.py:3211} INFO - Sync 1 DAGs
[2026-03-30T17:43:55.979+0000] {logging_mixin.py:190} INFO - [2026-03-30T17:43:55.979+0000] {dag.py:4138} INFO - Setting next_dagrun for etl_alunos to None, run_after=None
[2026-03-30T17:43:55.999+0000] {processor.py:208} INFO - Processing /opt/airflow/dags/etl_alunos.py took 0.741 seconds
[2026-03-30T17:44:26.335+0000] {processor.py:186} INFO - Started process (PID=600) to work on /opt/airflow/dags/etl_alunos.py
[2026-03-30T17:44:26.336+0000] {processor.py:914} INFO - Processing file /opt/airflow/dags/etl_alunos.py for tasks to queue
[2026-03-30T17:44:26.338+0000] {logging_mixin.py:190} INFO - [2026-03-30T17:44:26.338+0000] {dagbag.py:587} INFO - Filling up the DagBag from /opt/airflow/dags/etl_alunos.py
[2026-03-30T17:44:26.870+0000] {processor.py:925} INFO - DAG(s) 'etl_alunos' retrieved from /opt/airflow/dags/etl_alunos.py
[2026-03-30T17:44:26.894+0000] {logging_mixin.py:190} INFO - [2026-03-30T17:44:26.893+0000] {dag.py:3211} INFO - Sync 1 DAGs
[2026-03-30T17:44:26.907+0000] {logging_mixin.py:190} INFO - [2026-03-30T17:44:26.907+0000] {dag.py:4138} INFO - Setting next_dagrun for etl_alunos to None, run_after=None
[2026-03-30T17:44:26.924+0000] {processor.py:208} INFO - Processing /opt/airflow/dags/etl_alunos.py took 0.596 seconds
[2026-03-30T17:44:57.274+0000] {processor.py:186} INFO - Started process (PID=612) to work on /opt/airflow/dags/etl_alunos.py
[2026-03-30T17:44:57.275+0000] {processor.py:914} INFO - Processing file /opt/airflow/dags/etl_alunos.py for tasks to queue
[2026-03-30T17:44:57.277+0000] {logging_mixin.py:190} INFO - [2026-03-30T17:44:57.277+0000] {dagbag.py:587} INFO - Filling up the DagBag from /opt/airflow/dags/etl_alunos.py
[2026-03-30T17:44:57.700+0000] {processor.py:925} INFO - DAG(s) 'etl_alunos' retrieved from /opt/airflow/dags/etl_alunos.py
[2026-03-30T17:44:57.721+0000] {logging_mixin.py:190} INFO - [2026-03-30T17:44:57.721+0000] {dag.py:3211} INFO - Sync 1 DAGs
[2026-03-30T17:44:57.731+0000] {logging_mixin.py:190} INFO - [2026-03-30T17:44:57.731+0000] {dag.py:4138} INFO - Setting next_dagrun for etl_alunos to None, run_after=None
[2026-03-30T17:44:57.744+0000] {processor.py:208} INFO - Processing /opt/airflow/dags/etl_alunos.py took 0.476 seconds
[2026-03-30T17:45:28.043+0000] {processor.py:186} INFO - Started process (PID=624) to work on /opt/airflow/dags/etl_alunos.py
[2026-03-30T17:45:28.044+0000] {processor.py:914} INFO - Processing file /opt/airflow/dags/etl_alunos.py for tasks to queue
[2026-03-30T17:45:28.046+0000] {logging_mixin.py:190} INFO - [2026-03-30T17:45:28.046+0000] {dagbag.py:587} INFO - Filling up the DagBag from /opt/airflow/dags/etl_alunos.py
[2026-03-30T17:45:28.441+0000] {processor.py:925} INFO - DAG(s) 'etl_alunos' retrieved from /opt/airflow/dags/etl_alunos.py
[2026-03-30T17:45:28.460+0000] {logging_mixin.py:190} INFO - [2026-03-30T17:45:28.460+0000] {dag.py:3211} INFO - Sync 1 DAGs
[2026-03-30T17:45:28.469+0000] {logging_mixin.py:190} INFO - [2026-03-30T17:45:28.469+0000] {dag.py:4138} INFO - Setting next_dagrun for etl_alunos to None, run_after=None
[2026-03-30T17:45:28.483+0000] {processor.py:208} INFO - Processing /opt/airflow/dags/etl_alunos.py took 0.446 seconds
[2026-03-30T17:45:58.797+0000] {processor.py:186} INFO - Started process (PID=636) to work on /opt/airflow/dags/etl_alunos.py
[2026-03-30T17:45:58.799+0000] {processor.py:914} INFO - Processing file /opt/airflow/dags/etl_alunos.py for tasks to queue
[2026-03-30T17:45:58.801+0000] {logging_mixin.py:190} INFO - [2026-03-30T17:45:58.800+0000] {dagbag.py:587} INFO - Filling up the DagBag from /opt/airflow/dags/etl_alunos.py
[2026-03-30T17:45:59.223+0000] {processor.py:925} INFO - DAG(s) 'etl_alunos' retrieved from /opt/airflow/dags/etl_alunos.py
[2026-03-30T17:45:59.253+0000] {logging_mixin.py:190} INFO - [2026-03-30T17:45:59.252+0000] {dag.py:3211} INFO - Sync 1 DAGs
[2026-03-30T17:45:59.263+0000] {logging_mixin.py:190} INFO - [2026-03-30T17:45:59.262+0000] {dag.py:4138} INFO - Setting next_dagrun for etl_alunos to None, run_after=None
[2026-03-30T17:45:59.276+0000] {processor.py:208} INFO - Processing /opt/airflow/dags/etl_alunos.py took 0.483 seconds
[2026-03-30T17:46:29.575+0000] {processor.py:186} INFO - Started process (PID=648) to work on /opt/airflow/dags/etl_alunos.py
[2026-03-30T17:46:29.576+0000] {processor.py:914} INFO - Processing file /opt/airflow/dags/etl_alunos.py for tasks to queue
[2026-03-30T17:46:29.578+0000] {logging_mixin.py:190} INFO - [2026-03-30T17:46:29.578+0000] {dagbag.py:587} INFO - Filling up the DagBag from /opt/airflow/dags/etl_alunos.py
[2026-03-30T17:46:30.023+0000] {processor.py:925} INFO - DAG(s) 'etl_alunos' retrieved from /opt/airflow/dags/etl_alunos.py
[2026-03-30T17:46:30.046+0000] {logging_mixin.py:190} INFO - [2026-03-30T17:46:30.045+0000] {dag.py:3211} INFO - Sync 1 DAGs
[2026-03-30T17:46:30.055+0000] {logging_mixin.py:190} INFO - [2026-03-30T17:46:30.055+0000] {dag.py:4138} INFO - Setting next_dagrun for etl_alunos to None, run_after=None
[2026-03-30T17:46:30.070+0000] {processor.py:208} INFO - Processing /opt/airflow/dags/etl_alunos.py took 0.501 seconds
[2026-03-30T17:47:00.261+0000] {processor.py:186} INFO - Started process (PID=660) to work on /opt/airflow/dags/etl_alunos.py
[2026-03-30T17:47:00.263+0000] {processor.py:914} INFO - Processing file /opt/airflow/dags/etl_alunos.py for tasks to queue
[2026-03-30T17:47:00.265+0000] {logging_mixin.py:190} INFO - [2026-03-30T17:47:00.265+0000] {dagbag.py:587} INFO - Filling up the DagBag from /opt/airflow/dags/etl_alunos.py
[2026-03-30T17:47:00.736+0000] {processor.py:925} INFO - DAG(s) 'etl_alunos' retrieved from /opt/airflow/dags/etl_alunos.py
[2026-03-30T17:47:00.755+0000] {logging_mixin.py:190} INFO - [2026-03-30T17:47:00.755+0000] {dag.py:3211} INFO - Sync 1 DAGs
[2026-03-30T17:47:00.766+0000] {logging_mixin.py:190} INFO - [2026-03-30T17:47:00.766+0000] {dag.py:4138} INFO - Setting next_dagrun for etl_alunos to None, run_after=None
[2026-03-30T17:47:00.781+0000] {processor.py:208} INFO - Processing /opt/airflow/dags/etl_alunos.py took 0.525 seconds
[2026-03-30T17:47:31.076+0000] {processor.py:186} INFO - Started process (PID=672) to work on /opt/airflow/dags/etl_alunos.py
[2026-03-30T17:47:31.077+0000] {processor.py:914} INFO - Processing file /opt/airflow/dags/etl_alunos.py for tasks to queue
[2026-03-30T17:47:31.079+0000] {logging_mixin.py:190} INFO - [2026-03-30T17:47:31.079+0000] {dagbag.py:587} INFO - Filling up the DagBag from /opt/airflow/dags/etl_alunos.py
[2026-03-30T17:47:31.449+0000] {processor.py:925} INFO - DAG(s) 'etl_alunos' retrieved from /opt/airflow/dags/etl_alunos.py
[2026-03-30T17:47:31.468+0000] {logging_mixin.py:190} INFO - [2026-03-30T17:47:31.468+0000] {dag.py:3211} INFO - Sync 1 DAGs
[2026-03-30T17:47:31.477+0000] {logging_mixin.py:190} INFO - [2026-03-30T17:47:31.477+0000] {dag.py:4138} INFO - Setting next_dagrun for etl_alunos to None, run_after=None
[2026-03-30T17:47:31.491+0000] {processor.py:208} INFO - Processing /opt/airflow/dags/etl_alunos.py took 0.421 seconds
[2026-03-30T17:48:01.818+0000] {processor.py:186} INFO - Started process (PID=684) to work on /opt/airflow/dags/etl_alunos.py
[2026-03-30T17:48:01.819+0000] {processor.py:914} INFO - Processing file /opt/airflow/dags/etl_alunos.py for tasks to queue
[2026-03-30T17:48:01.821+0000] {logging_mixin.py:190} INFO - [2026-03-30T17:48:01.821+0000] {dagbag.py:587} INFO - Filling up the DagBag from /opt/airflow/dags/etl_alunos.py
[2026-03-30T17:48:02.250+0000] {processor.py:925} INFO - DAG(s) 'etl_alunos' retrieved from /opt/airflow/dags/etl_alunos.py
[2026-03-30T17:48:02.279+0000] {logging_mixin.py:190} INFO - [2026-03-30T17:48:02.279+0000] {dag.py:3211} INFO - Sync 1 DAGs
[2026-03-30T17:48:02.296+0000] {logging_mixin.py:190} INFO - [2026-03-30T17:48:02.295+0000] {dag.py:4138} INFO - Setting next_dagrun for etl_alunos to None, run_after=None
[2026-03-30T17:48:02.314+0000] {processor.py:208} INFO - Processing /opt/airflow/dags/etl_alunos.py took 0.501 seconds
[2026-03-30T17:48:32.635+0000] {processor.py:186} INFO - Started process (PID=696) to work on /opt/airflow/dags/etl_alunos.py
[2026-03-30T17:48:32.636+0000] {processor.py:914} INFO - Processing file /opt/airflow/dags/etl_alunos.py for tasks to queue
[2026-03-30T17:48:32.639+0000] {logging_mixin.py:190} INFO - [2026-03-30T17:48:32.639+0000] {dagbag.py:587} INFO - Filling up the DagBag from /opt/airflow/dags/etl_alunos.py
[2026-03-30T17:48:33.026+0000] {processor.py:925} INFO - DAG(s) 'etl_alunos' retrieved from /opt/airflow/dags/etl_alunos.py
[2026-03-30T17:48:33.045+0000] {logging_mixin.py:190} INFO - [2026-03-30T17:48:33.045+0000] {dag.py:3211} INFO - Sync 1 DAGs
[2026-03-30T17:48:33.054+0000] {logging_mixin.py:190} INFO - [2026-03-30T17:48:33.054+0000] {dag.py:4138} INFO - Setting next_dagrun for etl_alunos to None, run_after=None
[2026-03-30T17:48:33.067+0000] {processor.py:208} INFO - Processing /opt/airflow/dags/etl_alunos.py took 0.438 seconds
[2026-03-30T17:49:03.388+0000] {processor.py:186} INFO - Started process (PID=708) to work on /opt/airflow/dags/etl_alunos.py
[2026-03-30T17:49:03.390+0000] {processor.py:914} INFO - Processing file /opt/airflow/dags/etl_alunos.py for tasks to queue
[2026-03-30T17:49:03.392+0000] {logging_mixin.py:190} INFO - [2026-03-30T17:49:03.392+0000] {dagbag.py:587} INFO - Filling up the DagBag from /opt/airflow/dags/etl_alunos.py
[2026-03-30T17:49:03.775+0000] {processor.py:925} INFO - DAG(s) 'etl_alunos' retrieved from /opt/airflow/dags/etl_alunos.py
[2026-03-30T17:49:03.796+0000] {logging_mixin.py:190} INFO - [2026-03-30T17:49:03.796+0000] {dag.py:3211} INFO - Sync 1 DAGs
[2026-03-30T17:49:03.807+0000] {logging_mixin.py:190} INFO - [2026-03-30T17:49:03.807+0000] {dag.py:4138} INFO - Setting next_dagrun for etl_alunos to None, run_after=None
[2026-03-30T17:49:03.820+0000] {processor.py:208} INFO - Processing /opt/airflow/dags/etl_alunos.py took 0.438 seconds
[2026-03-30T17:49:34.374+0000] {processor.py:186} INFO - Started process (PID=720) to work on /opt/airflow/dags/etl_alunos.py
[2026-03-30T17:49:34.376+0000] {processor.py:914} INFO - Processing file /opt/airflow/dags/etl_alunos.py for tasks to queue
[2026-03-30T17:49:34.380+0000] {logging_mixin.py:190} INFO - [2026-03-30T17:49:34.379+0000] {dagbag.py:587} INFO - Filling up the DagBag from /opt/airflow/dags/etl_alunos.py
[2026-03-30T17:49:34.787+0000] {processor.py:925} INFO - DAG(s) 'etl_alunos' retrieved from /opt/airflow/dags/etl_alunos.py
[2026-03-30T17:49:34.812+0000] {logging_mixin.py:190} INFO - [2026-03-30T17:49:34.812+0000] {dag.py:3211} INFO - Sync 1 DAGs
[2026-03-30T17:49:34.824+0000] {logging_mixin.py:190} INFO - [2026-03-30T17:49:34.824+0000] {dag.py:4138} INFO - Setting next_dagrun for etl_alunos to None, run_after=None
[2026-03-30T17:49:34.840+0000] {processor.py:208} INFO - Processing /opt/airflow/dags/etl_alunos.py took 0.473 seconds
[2026-03-30T17:50:05.118+0000] {processor.py:186} INFO - Started process (PID=732) to work on /opt/airflow/dags/etl_alunos.py
[2026-03-30T17:50:05.120+0000] {processor.py:914} INFO - Processing file /opt/airflow/dags/etl_alunos.py for tasks to queue
[2026-03-30T17:50:05.122+0000] {logging_mixin.py:190} INFO - [2026-03-30T17:50:05.122+0000] {dagbag.py:587} INFO - Filling up the DagBag from /opt/airflow/dags/etl_alunos.py
[2026-03-30T17:50:05.623+0000] {processor.py:925} INFO - DAG(s) 'etl_alunos' retrieved from /opt/airflow/dags/etl_alunos.py
[2026-03-30T17:50:05.647+0000] {logging_mixin.py:190} INFO - [2026-03-30T17:50:05.647+0000] {dag.py:3211} INFO - Sync 1 DAGs
[2026-03-30T17:50:05.659+0000] {logging_mixin.py:190} INFO - [2026-03-30T17:50:05.658+0000] {dag.py:4138} INFO - Setting next_dagrun for etl_alunos to None, run_after=None
[2026-03-30T17:50:05.676+0000] {processor.py:208} INFO - Processing /opt/airflow/dags/etl_alunos.py took 0.563 seconds
[2026-03-30T17:50:35.967+0000] {processor.py:186} INFO - Started process (PID=744) to work on /opt/airflow/dags/etl_alunos.py
[2026-03-30T17:50:35.968+0000] {processor.py:914} INFO - Processing file /opt/airflow/dags/etl_alunos.py for tasks to queue
[2026-03-30T17:50:35.970+0000] {logging_mixin.py:190} INFO - [2026-03-30T17:50:35.970+0000] {dagbag.py:587} INFO - Filling up the DagBag from /opt/airflow/dags/etl_alunos.py
[2026-03-30T17:50:36.459+0000] {processor.py:925} INFO - DAG(s) 'etl_alunos' retrieved from /opt/airflow/dags/etl_alunos.py
[2026-03-30T17:50:36.483+0000] {logging_mixin.py:190} INFO - [2026-03-30T17:50:36.483+0000] {dag.py:3211} INFO - Sync 1 DAGs
[2026-03-30T17:50:36.496+0000] {logging_mixin.py:190} INFO - [2026-03-30T17:50:36.496+0000] {dag.py:4138} INFO - Setting next_dagrun for etl_alunos to None, run_after=None
[2026-03-30T17:50:36.513+0000] {processor.py:208} INFO - Processing /opt/airflow/dags/etl_alunos.py took 0.552 seconds
[2026-03-30T17:51:06.901+0000] {processor.py:186} INFO - Started process (PID=756) to work on /opt/airflow/dags/etl_alunos.py
[2026-03-30T17:51:06.902+0000] {processor.py:914} INFO - Processing file /opt/airflow/dags/etl_alunos.py for tasks to queue
[2026-03-30T17:51:06.904+0000] {logging_mixin.py:190} INFO - [2026-03-30T17:51:06.904+0000] {dagbag.py:587} INFO - Filling up the DagBag from /opt/airflow/dags/etl_alunos.py
[2026-03-30T17:51:07.275+0000] {processor.py:925} INFO - DAG(s) 'etl_alunos' retrieved from /opt/airflow/dags/etl_alunos.py
[2026-03-30T17:51:07.294+0000] {logging_mixin.py:190} INFO - [2026-03-30T17:51:07.294+0000] {dag.py:3211} INFO - Sync 1 DAGs
[2026-03-30T17:51:07.304+0000] {logging_mixin.py:190} INFO - [2026-03-30T17:51:07.303+0000] {dag.py:4138} INFO - Setting next_dagrun for etl_alunos to None, run_after=None
[2026-03-30T17:51:07.318+0000] {processor.py:208} INFO - Processing /opt/airflow/dags/etl_alunos.py took 0.423 seconds
[2026-03-30T17:51:37.626+0000] {processor.py:186} INFO - Started process (PID=768) to work on /opt/airflow/dags/etl_alunos.py
[2026-03-30T17:51:37.627+0000] {processor.py:914} INFO - Processing file /opt/airflow/dags/etl_alunos.py for tasks to queue
[2026-03-30T17:51:37.630+0000] {logging_mixin.py:190} INFO - [2026-03-30T17:51:37.629+0000] {dagbag.py:587} INFO - Filling up the DagBag from /opt/airflow/dags/etl_alunos.py
[2026-03-30T17:51:38.052+0000] {processor.py:925} INFO - DAG(s) 'etl_alunos' retrieved from /opt/airflow/dags/etl_alunos.py
[2026-03-30T17:51:38.071+0000] {logging_mixin.py:190} INFO - [2026-03-30T17:51:38.070+0000] {dag.py:3211} INFO - Sync 1 DAGs
[2026-03-30T17:51:38.082+0000] {logging_mixin.py:190} INFO - [2026-03-30T17:51:38.081+0000] {dag.py:4138} INFO - Setting next_dagrun for etl_alunos to None, run_after=None
[2026-03-30T17:51:38.094+0000] {processor.py:208} INFO - Processing /opt/airflow/dags/etl_alunos.py took 0.473 seconds
[2026-03-30T17:52:08.437+0000] {processor.py:186} INFO - Started process (PID=780) to work on /opt/airflow/dags/etl_alunos.py
[2026-03-30T17:52:08.438+0000] {processor.py:914} INFO - Processing file /opt/airflow/dags/etl_alunos.py for tasks to queue
[2026-03-30T17:52:08.441+0000] {logging_mixin.py:190} INFO - [2026-03-30T17:52:08.441+0000] {dagbag.py:587} INFO - Filling up the DagBag from /opt/airflow/dags/etl_alunos.py
[2026-03-30T17:52:08.996+0000] {processor.py:925} INFO - DAG(s) 'etl_alunos' retrieved from /opt/airflow/dags/etl_alunos.py
[2026-03-30T17:52:09.024+0000] {logging_mixin.py:190} INFO - [2026-03-30T17:52:09.023+0000] {dag.py:3211} INFO - Sync 1 DAGs
[2026-03-30T17:52:09.038+0000] {logging_mixin.py:190} INFO - [2026-03-30T17:52:09.038+0000] {dag.py:4138} INFO - Setting next_dagrun for etl_alunos to None, run_after=None
[2026-03-30T17:52:09.071+0000] {processor.py:208} INFO - Processing /opt/airflow/dags/etl_alunos.py took 0.641 seconds
[2026-03-30T17:52:39.757+0000] {processor.py:186} INFO - Started process (PID=792) to work on /opt/airflow/dags/etl_alunos.py
[2026-03-30T17:52:39.759+0000] {processor.py:914} INFO - Processing file /opt/airflow/dags/etl_alunos.py for tasks to queue
[2026-03-30T17:52:39.763+0000] {logging_mixin.py:190} INFO - [2026-03-30T17:52:39.763+0000] {dagbag.py:587} INFO - Filling up the DagBag from /opt/airflow/dags/etl_alunos.py
[2026-03-30T17:52:41.119+0000] {processor.py:925} INFO - DAG(s) 'etl_alunos' retrieved from /opt/airflow/dags/etl_alunos.py
[2026-03-30T17:52:41.144+0000] {logging_mixin.py:190} INFO - [2026-03-30T17:52:41.144+0000] {dag.py:3211} INFO - Sync 1 DAGs
[2026-03-30T17:52:41.156+0000] {logging_mixin.py:190} INFO - [2026-03-30T17:52:41.156+0000] {dag.py:4138} INFO - Setting next_dagrun for etl_alunos to None, run_after=None
[2026-03-30T17:52:41.480+0000] {processor.py:208} INFO - Processing /opt/airflow/dags/etl_alunos.py took 1.729 seconds
[2026-03-30T17:53:11.776+0000] {processor.py:186} INFO - Started process (PID=804) to work on /opt/airflow/dags/etl_alunos.py
[2026-03-30T17:53:11.777+0000] {processor.py:914} INFO - Processing file /opt/airflow/dags/etl_alunos.py for tasks to queue
[2026-03-30T17:53:11.779+0000] {logging_mixin.py:190} INFO - [2026-03-30T17:53:11.779+0000] {dagbag.py:587} INFO - Filling up the DagBag from /opt/airflow/dags/etl_alunos.py
[2026-03-30T17:53:12.158+0000] {processor.py:925} INFO - DAG(s) 'etl_alunos' retrieved from /opt/airflow/dags/etl_alunos.py
[2026-03-30T17:53:12.179+0000] {logging_mixin.py:190} INFO - [2026-03-30T17:53:12.178+0000] {dag.py:3211} INFO - Sync 1 DAGs
[2026-03-30T17:53:12.201+0000] {logging_mixin.py:190} INFO - [2026-03-30T17:53:12.201+0000] {dag.py:4138} INFO - Setting next_dagrun for etl_alunos to None, run_after=None
[2026-03-30T17:53:12.221+0000] {processor.py:208} INFO - Processing /opt/airflow/dags/etl_alunos.py took 0.449 seconds
[2026-03-30T17:53:42.546+0000] {processor.py:186} INFO - Started process (PID=816) to work on /opt/airflow/dags/etl_alunos.py
[2026-03-30T17:53:42.547+0000] {processor.py:914} INFO - Processing file /opt/airflow/dags/etl_alunos.py for tasks to queue
[2026-03-30T17:53:42.549+0000] {logging_mixin.py:190} INFO - [2026-03-30T17:53:42.549+0000] {dagbag.py:587} INFO - Filling up the DagBag from /opt/airflow/dags/etl_alunos.py
[2026-03-30T17:53:43.102+0000] {processor.py:925} INFO - DAG(s) 'etl_alunos' retrieved from /opt/airflow/dags/etl_alunos.py
[2026-03-30T17:53:43.149+0000] {logging_mixin.py:190} INFO - [2026-03-30T17:53:43.148+0000] {dag.py:3211} INFO - Sync 1 DAGs
[2026-03-30T17:53:43.167+0000] {logging_mixin.py:190} INFO - [2026-03-30T17:53:43.167+0000] {dag.py:4138} INFO - Setting next_dagrun for etl_alunos to None, run_after=None
[2026-03-30T17:53:43.182+0000] {processor.py:208} INFO - Processing /opt/airflow/dags/etl_alunos.py took 0.642 seconds
[2026-03-30T17:54:13.525+0000] {processor.py:186} INFO - Started process (PID=828) to work on /opt/airflow/dags/etl_alunos.py
[2026-03-30T17:54:13.526+0000] {processor.py:914} INFO - Processing file /opt/airflow/dags/etl_alunos.py for tasks to queue
[2026-03-30T17:54:13.528+0000] {logging_mixin.py:190} INFO - [2026-03-30T17:54:13.528+0000] {dagbag.py:587} INFO - Filling up the DagBag from /opt/airflow/dags/etl_alunos.py
[2026-03-30T17:54:13.926+0000] {processor.py:925} INFO - DAG(s) 'etl_alunos' retrieved from /opt/airflow/dags/etl_alunos.py
[2026-03-30T17:54:13.945+0000] {logging_mixin.py:190} INFO - [2026-03-30T17:54:13.944+0000] {dag.py:3211} INFO - Sync 1 DAGs
[2026-03-30T17:54:13.977+0000] {logging_mixin.py:190} INFO - [2026-03-30T17:54:13.977+0000] {dag.py:4138} INFO - Setting next_dagrun for etl_alunos to None, run_after=None
[2026-03-30T17:54:14.002+0000] {processor.py:208} INFO - Processing /opt/airflow/dags/etl_alunos.py took 0.483 seconds
[2026-03-30T17:54:44.329+0000] {processor.py:186} INFO - Started process (PID=840) to work on /opt/airflow/dags/etl_alunos.py
[2026-03-30T17:54:44.330+0000] {processor.py:914} INFO - Processing file /opt/airflow/dags/etl_alunos.py for tasks to queue
[2026-03-30T17:54:44.333+0000] {logging_mixin.py:190} INFO - [2026-03-30T17:54:44.333+0000] {dagbag.py:587} INFO - Filling up the DagBag from /opt/airflow/dags/etl_alunos.py
[2026-03-30T17:54:44.794+0000] {processor.py:925} INFO - DAG(s) 'etl_alunos' retrieved from /opt/airflow/dags/etl_alunos.py
[2026-03-30T17:54:44.814+0000] {logging_mixin.py:190} INFO - [2026-03-30T17:54:44.814+0000] {dag.py:3211} INFO - Sync 1 DAGs
[2026-03-30T17:54:44.824+0000] {logging_mixin.py:190} INFO - [2026-03-30T17:54:44.824+0000] {dag.py:4138} INFO - Setting next_dagrun for etl_alunos to None, run_after=None
[2026-03-30T17:54:44.841+0000] {processor.py:208} INFO - Processing /opt/airflow/dags/etl_alunos.py took 0.517 seconds
[2026-03-30T17:55:15.160+0000] {processor.py:186} INFO - Started process (PID=852) to work on /opt/airflow/dags/etl_alunos.py
[2026-03-30T17:55:15.161+0000] {processor.py:914} INFO - Processing file /opt/airflow/dags/etl_alunos.py for tasks to queue
[2026-03-30T17:55:15.164+0000] {logging_mixin.py:190} INFO - [2026-03-30T17:55:15.164+0000] {dagbag.py:587} INFO - Filling up the DagBag from /opt/airflow/dags/etl_alunos.py
[2026-03-30T17:55:15.589+0000] {processor.py:925} INFO - DAG(s) 'etl_alunos' retrieved from /opt/airflow/dags/etl_alunos.py
[2026-03-30T17:55:15.609+0000] {logging_mixin.py:190} INFO - [2026-03-30T17:55:15.608+0000] {dag.py:3211} INFO - Sync 1 DAGs
[2026-03-30T17:55:15.619+0000] {logging_mixin.py:190} INFO - [2026-03-30T17:55:15.619+0000] {dag.py:4138} INFO - Setting next_dagrun for etl_alunos to None, run_after=None
[2026-03-30T17:55:15.631+0000] {processor.py:208} INFO - Processing /opt/airflow/dags/etl_alunos.py took 0.413 seconds
[2026-03-30T17:55:45.967+0000] {processor.py:186} INFO - Started process (PID=864) to work on /opt/airflow/dags/etl_alunos.py
[2026-03-30T17:55:45.969+0000] {processor.py:914} INFO - Processing file /opt/airflow/dags/etl_alunos.py for tasks to queue
[2026-03-30T17:55:45.972+0000] {logging_mixin.py:190} INFO - [2026-03-30T17:55:45.972+0000] {dagbag.py:587} INFO - Filling up the DagBag from /opt/airflow/dags/etl_alunos.py
[2026-03-30T17:55:46.418+0000] {processor.py:925} INFO - DAG(s) 'etl_alunos' retrieved from /opt/airflow/dags/etl_alunos.py
[2026-03-30T17:55:46.444+0000] {logging_mixin.py:190} INFO - [2026-03-30T17:55:46.444+0000] {dag.py:3211} INFO - Sync 1 DAGs
[2026-03-30T17:55:46.459+0000] {logging_mixin.py:190} INFO - [2026-03-30T17:55:46.458+0000] {dag.py:4138} INFO - Setting next_dagrun for etl_alunos to None, run_after=None
[2026-03-30T17:55:46.475+0000] {processor.py:208} INFO - Processing /opt/airflow/dags/etl_alunos.py took 0.513 seconds
