[2026-03-23T09:29:25.914+0000] {processor.py:186} INFO - Started process (PID=172) to work on /opt/airflow/dags/estatisticas_mongodb.py
[2026-03-23T09:29:25.915+0000] {processor.py:914} INFO - Processing file /opt/airflow/dags/estatisticas_mongodb.py for tasks to queue
[2026-03-23T09:29:25.918+0000] {logging_mixin.py:190} INFO - [2026-03-23T09:29:25.918+0000] {dagbag.py:587} INFO - Filling up the DagBag from /opt/airflow/dags/estatisticas_mongodb.py
[2026-03-23T09:29:27.133+0000] {processor.py:925} INFO - DAG(s) 'estatisticas_mongodb' retrieved from /opt/airflow/dags/estatisticas_mongodb.py
[2026-03-23T09:29:27.305+0000] {logging_mixin.py:190} INFO - [2026-03-23T09:29:27.304+0000] {override.py:1858} INFO - Created Permission View: can edit on DAG:estatisticas_mongodb
[2026-03-23T09:29:27.315+0000] {logging_mixin.py:190} INFO - [2026-03-23T09:29:27.315+0000] {override.py:1858} INFO - Created Permission View: can delete on DAG:estatisticas_mongodb
[2026-03-23T09:29:27.320+0000] {logging_mixin.py:190} INFO - [2026-03-23T09:29:27.320+0000] {override.py:1858} INFO - Created Permission View: can read on DAG:estatisticas_mongodb
[2026-03-23T09:29:27.321+0000] {logging_mixin.py:190} INFO - [2026-03-23T09:29:27.321+0000] {dag.py:3211} INFO - Sync 1 DAGs
[2026-03-23T09:29:27.332+0000] {logging_mixin.py:190} INFO - [2026-03-23T09:29:27.331+0000] {dag.py:3234} INFO - Creating ORM DAG for estatisticas_mongodb
[2026-03-23T09:29:27.333+0000] {logging_mixin.py:190} INFO - [2026-03-23T09:29:27.332+0000] {dag.py:4138} INFO - Setting next_dagrun for estatisticas_mongodb to None, run_after=None
[2026-03-23T09:29:27.351+0000] {processor.py:208} INFO - Processing /opt/airflow/dags/estatisticas_mongodb.py took 1.443 seconds
[2026-03-23T09:29:57.693+0000] {processor.py:186} INFO - Started process (PID=184) to work on /opt/airflow/dags/estatisticas_mongodb.py
[2026-03-23T09:29:57.694+0000] {processor.py:914} INFO - Processing file /opt/airflow/dags/estatisticas_mongodb.py for tasks to queue
[2026-03-23T09:29:57.696+0000] {logging_mixin.py:190} INFO - [2026-03-23T09:29:57.696+0000] {dagbag.py:587} INFO - Filling up the DagBag from /opt/airflow/dags/estatisticas_mongodb.py
[2026-03-23T09:29:58.120+0000] {processor.py:925} INFO - DAG(s) 'estatisticas_mongodb' retrieved from /opt/airflow/dags/estatisticas_mongodb.py
[2026-03-23T09:29:58.147+0000] {logging_mixin.py:190} INFO - [2026-03-23T09:29:58.147+0000] {dag.py:3211} INFO - Sync 1 DAGs
[2026-03-23T09:29:58.156+0000] {logging_mixin.py:190} INFO - [2026-03-23T09:29:58.156+0000] {dag.py:4138} INFO - Setting next_dagrun for estatisticas_mongodb to None, run_after=None
[2026-03-23T09:29:58.173+0000] {processor.py:208} INFO - Processing /opt/airflow/dags/estatisticas_mongodb.py took 0.484 seconds
[2026-03-23T09:30:28.497+0000] {processor.py:186} INFO - Started process (PID=196) to work on /opt/airflow/dags/estatisticas_mongodb.py
[2026-03-23T09:30:28.497+0000] {processor.py:914} INFO - Processing file /opt/airflow/dags/estatisticas_mongodb.py for tasks to queue
[2026-03-23T09:30:28.499+0000] {logging_mixin.py:190} INFO - [2026-03-23T09:30:28.499+0000] {dagbag.py:587} INFO - Filling up the DagBag from /opt/airflow/dags/estatisticas_mongodb.py
[2026-03-23T09:30:28.954+0000] {processor.py:925} INFO - DAG(s) 'estatisticas_mongodb' retrieved from /opt/airflow/dags/estatisticas_mongodb.py
[2026-03-23T09:30:28.977+0000] {logging_mixin.py:190} INFO - [2026-03-23T09:30:28.977+0000] {dag.py:3211} INFO - Sync 1 DAGs
[2026-03-23T09:30:28.987+0000] {logging_mixin.py:190} INFO - [2026-03-23T09:30:28.987+0000] {dag.py:4138} INFO - Setting next_dagrun for estatisticas_mongodb to None, run_after=None
[2026-03-23T09:30:29.003+0000] {processor.py:208} INFO - Processing /opt/airflow/dags/estatisticas_mongodb.py took 0.511 seconds
[2026-03-23T09:30:59.331+0000] {processor.py:186} INFO - Started process (PID=208) to work on /opt/airflow/dags/estatisticas_mongodb.py
[2026-03-23T09:30:59.332+0000] {processor.py:914} INFO - Processing file /opt/airflow/dags/estatisticas_mongodb.py for tasks to queue
[2026-03-23T09:30:59.334+0000] {logging_mixin.py:190} INFO - [2026-03-23T09:30:59.334+0000] {dagbag.py:587} INFO - Filling up the DagBag from /opt/airflow/dags/estatisticas_mongodb.py
[2026-03-23T09:30:59.730+0000] {processor.py:925} INFO - DAG(s) 'estatisticas_mongodb' retrieved from /opt/airflow/dags/estatisticas_mongodb.py
[2026-03-23T09:30:59.752+0000] {logging_mixin.py:190} INFO - [2026-03-23T09:30:59.752+0000] {dag.py:3211} INFO - Sync 1 DAGs
[2026-03-23T09:30:59.761+0000] {logging_mixin.py:190} INFO - [2026-03-23T09:30:59.761+0000] {dag.py:4138} INFO - Setting next_dagrun for estatisticas_mongodb to None, run_after=None
[2026-03-23T09:30:59.775+0000] {processor.py:208} INFO - Processing /opt/airflow/dags/estatisticas_mongodb.py took 0.447 seconds
[2026-03-23T09:31:30.077+0000] {processor.py:186} INFO - Started process (PID=220) to work on /opt/airflow/dags/estatisticas_mongodb.py
[2026-03-23T09:31:30.078+0000] {processor.py:914} INFO - Processing file /opt/airflow/dags/estatisticas_mongodb.py for tasks to queue
[2026-03-23T09:31:30.080+0000] {logging_mixin.py:190} INFO - [2026-03-23T09:31:30.080+0000] {dagbag.py:587} INFO - Filling up the DagBag from /opt/airflow/dags/estatisticas_mongodb.py
[2026-03-23T09:31:30.526+0000] {processor.py:925} INFO - DAG(s) 'estatisticas_mongodb' retrieved from /opt/airflow/dags/estatisticas_mongodb.py
[2026-03-23T09:31:30.543+0000] {logging_mixin.py:190} INFO - [2026-03-23T09:31:30.543+0000] {dag.py:3211} INFO - Sync 1 DAGs
[2026-03-23T09:31:30.553+0000] {logging_mixin.py:190} INFO - [2026-03-23T09:31:30.553+0000] {dag.py:4138} INFO - Setting next_dagrun for estatisticas_mongodb to None, run_after=None
[2026-03-23T09:31:30.569+0000] {processor.py:208} INFO - Processing /opt/airflow/dags/estatisticas_mongodb.py took 0.497 seconds
[2026-03-23T09:32:00.965+0000] {processor.py:186} INFO - Started process (PID=232) to work on /opt/airflow/dags/estatisticas_mongodb.py
[2026-03-23T09:32:00.966+0000] {processor.py:914} INFO - Processing file /opt/airflow/dags/estatisticas_mongodb.py for tasks to queue
[2026-03-23T09:32:00.968+0000] {logging_mixin.py:190} INFO - [2026-03-23T09:32:00.968+0000] {dagbag.py:587} INFO - Filling up the DagBag from /opt/airflow/dags/estatisticas_mongodb.py
[2026-03-23T09:32:01.405+0000] {processor.py:925} INFO - DAG(s) 'estatisticas_mongodb' retrieved from /opt/airflow/dags/estatisticas_mongodb.py
[2026-03-23T09:32:01.443+0000] {logging_mixin.py:190} INFO - [2026-03-23T09:32:01.442+0000] {dag.py:3211} INFO - Sync 1 DAGs
[2026-03-23T09:32:01.458+0000] {logging_mixin.py:190} INFO - [2026-03-23T09:32:01.457+0000] {dag.py:4138} INFO - Setting next_dagrun for estatisticas_mongodb to None, run_after=None
[2026-03-23T09:32:01.478+0000] {processor.py:208} INFO - Processing /opt/airflow/dags/estatisticas_mongodb.py took 0.517 seconds
[2026-03-23T09:32:31.809+0000] {processor.py:186} INFO - Started process (PID=244) to work on /opt/airflow/dags/estatisticas_mongodb.py
[2026-03-23T09:32:31.811+0000] {processor.py:914} INFO - Processing file /opt/airflow/dags/estatisticas_mongodb.py for tasks to queue
[2026-03-23T09:32:31.813+0000] {logging_mixin.py:190} INFO - [2026-03-23T09:32:31.813+0000] {dagbag.py:587} INFO - Filling up the DagBag from /opt/airflow/dags/estatisticas_mongodb.py
[2026-03-23T09:32:32.298+0000] {processor.py:925} INFO - DAG(s) 'estatisticas_mongodb' retrieved from /opt/airflow/dags/estatisticas_mongodb.py
[2026-03-23T09:32:32.323+0000] {logging_mixin.py:190} INFO - [2026-03-23T09:32:32.322+0000] {dag.py:3211} INFO - Sync 1 DAGs
[2026-03-23T09:32:32.332+0000] {logging_mixin.py:190} INFO - [2026-03-23T09:32:32.332+0000] {dag.py:4138} INFO - Setting next_dagrun for estatisticas_mongodb to None, run_after=None
[2026-03-23T09:32:32.349+0000] {processor.py:208} INFO - Processing /opt/airflow/dags/estatisticas_mongodb.py took 0.547 seconds
[2026-03-23T09:33:02.658+0000] {processor.py:186} INFO - Started process (PID=256) to work on /opt/airflow/dags/estatisticas_mongodb.py
[2026-03-23T09:33:02.659+0000] {processor.py:914} INFO - Processing file /opt/airflow/dags/estatisticas_mongodb.py for tasks to queue
[2026-03-23T09:33:02.661+0000] {logging_mixin.py:190} INFO - [2026-03-23T09:33:02.660+0000] {dagbag.py:587} INFO - Filling up the DagBag from /opt/airflow/dags/estatisticas_mongodb.py
[2026-03-23T09:33:03.077+0000] {processor.py:925} INFO - DAG(s) 'estatisticas_mongodb' retrieved from /opt/airflow/dags/estatisticas_mongodb.py
[2026-03-23T09:33:03.100+0000] {logging_mixin.py:190} INFO - [2026-03-23T09:33:03.100+0000] {dag.py:3211} INFO - Sync 1 DAGs
[2026-03-23T09:33:03.111+0000] {logging_mixin.py:190} INFO - [2026-03-23T09:33:03.111+0000] {dag.py:4138} INFO - Setting next_dagrun for estatisticas_mongodb to None, run_after=None
[2026-03-23T09:33:03.128+0000] {processor.py:208} INFO - Processing /opt/airflow/dags/estatisticas_mongodb.py took 0.474 seconds
[2026-03-23T09:33:33.444+0000] {processor.py:186} INFO - Started process (PID=268) to work on /opt/airflow/dags/estatisticas_mongodb.py
[2026-03-23T09:33:33.445+0000] {processor.py:914} INFO - Processing file /opt/airflow/dags/estatisticas_mongodb.py for tasks to queue
[2026-03-23T09:33:33.448+0000] {logging_mixin.py:190} INFO - [2026-03-23T09:33:33.448+0000] {dagbag.py:587} INFO - Filling up the DagBag from /opt/airflow/dags/estatisticas_mongodb.py
[2026-03-23T09:33:33.876+0000] {processor.py:925} INFO - DAG(s) 'estatisticas_mongodb' retrieved from /opt/airflow/dags/estatisticas_mongodb.py
[2026-03-23T09:33:33.895+0000] {logging_mixin.py:190} INFO - [2026-03-23T09:33:33.895+0000] {dag.py:3211} INFO - Sync 1 DAGs
[2026-03-23T09:33:33.905+0000] {logging_mixin.py:190} INFO - [2026-03-23T09:33:33.905+0000] {dag.py:4138} INFO - Setting next_dagrun for estatisticas_mongodb to None, run_after=None
[2026-03-23T09:33:33.919+0000] {processor.py:208} INFO - Processing /opt/airflow/dags/estatisticas_mongodb.py took 0.482 seconds
[2026-03-23T09:34:04.272+0000] {processor.py:186} INFO - Started process (PID=280) to work on /opt/airflow/dags/estatisticas_mongodb.py
[2026-03-23T09:34:04.273+0000] {processor.py:914} INFO - Processing file /opt/airflow/dags/estatisticas_mongodb.py for tasks to queue
[2026-03-23T09:34:04.275+0000] {logging_mixin.py:190} INFO - [2026-03-23T09:34:04.275+0000] {dagbag.py:587} INFO - Filling up the DagBag from /opt/airflow/dags/estatisticas_mongodb.py
[2026-03-23T09:34:04.711+0000] {processor.py:925} INFO - DAG(s) 'estatisticas_mongodb' retrieved from /opt/airflow/dags/estatisticas_mongodb.py
[2026-03-23T09:34:04.732+0000] {logging_mixin.py:190} INFO - [2026-03-23T09:34:04.732+0000] {dag.py:3211} INFO - Sync 1 DAGs
[2026-03-23T09:34:04.742+0000] {logging_mixin.py:190} INFO - [2026-03-23T09:34:04.742+0000] {dag.py:4138} INFO - Setting next_dagrun for estatisticas_mongodb to None, run_after=None
[2026-03-23T09:34:04.761+0000] {processor.py:208} INFO - Processing /opt/airflow/dags/estatisticas_mongodb.py took 0.494 seconds
[2026-03-23T09:34:35.120+0000] {processor.py:186} INFO - Started process (PID=292) to work on /opt/airflow/dags/estatisticas_mongodb.py
[2026-03-23T09:34:35.121+0000] {processor.py:914} INFO - Processing file /opt/airflow/dags/estatisticas_mongodb.py for tasks to queue
[2026-03-23T09:34:35.124+0000] {logging_mixin.py:190} INFO - [2026-03-23T09:34:35.123+0000] {dagbag.py:587} INFO - Filling up the DagBag from /opt/airflow/dags/estatisticas_mongodb.py
[2026-03-23T09:34:35.537+0000] {processor.py:925} INFO - DAG(s) 'estatisticas_mongodb' retrieved from /opt/airflow/dags/estatisticas_mongodb.py
[2026-03-23T09:34:35.559+0000] {logging_mixin.py:190} INFO - [2026-03-23T09:34:35.559+0000] {dag.py:3211} INFO - Sync 1 DAGs
[2026-03-23T09:34:35.569+0000] {logging_mixin.py:190} INFO - [2026-03-23T09:34:35.569+0000] {dag.py:4138} INFO - Setting next_dagrun for estatisticas_mongodb to None, run_after=None
[2026-03-23T09:34:35.588+0000] {processor.py:208} INFO - Processing /opt/airflow/dags/estatisticas_mongodb.py took 0.473 seconds
[2026-03-23T09:35:05.951+0000] {processor.py:186} INFO - Started process (PID=304) to work on /opt/airflow/dags/estatisticas_mongodb.py
[2026-03-23T09:35:05.952+0000] {processor.py:914} INFO - Processing file /opt/airflow/dags/estatisticas_mongodb.py for tasks to queue
[2026-03-23T09:35:05.954+0000] {logging_mixin.py:190} INFO - [2026-03-23T09:35:05.953+0000] {dagbag.py:587} INFO - Filling up the DagBag from /opt/airflow/dags/estatisticas_mongodb.py
[2026-03-23T09:35:06.359+0000] {processor.py:925} INFO - DAG(s) 'estatisticas_mongodb' retrieved from /opt/airflow/dags/estatisticas_mongodb.py
[2026-03-23T09:35:06.380+0000] {logging_mixin.py:190} INFO - [2026-03-23T09:35:06.380+0000] {dag.py:3211} INFO - Sync 1 DAGs
[2026-03-23T09:35:06.389+0000] {logging_mixin.py:190} INFO - [2026-03-23T09:35:06.389+0000] {dag.py:4138} INFO - Setting next_dagrun for estatisticas_mongodb to None, run_after=None
[2026-03-23T09:35:06.408+0000] {processor.py:208} INFO - Processing /opt/airflow/dags/estatisticas_mongodb.py took 0.461 seconds
[2026-03-23T09:35:36.764+0000] {processor.py:186} INFO - Started process (PID=316) to work on /opt/airflow/dags/estatisticas_mongodb.py
[2026-03-23T09:35:36.765+0000] {processor.py:914} INFO - Processing file /opt/airflow/dags/estatisticas_mongodb.py for tasks to queue
[2026-03-23T09:35:36.767+0000] {logging_mixin.py:190} INFO - [2026-03-23T09:35:36.766+0000] {dagbag.py:587} INFO - Filling up the DagBag from /opt/airflow/dags/estatisticas_mongodb.py
[2026-03-23T09:35:37.209+0000] {processor.py:925} INFO - DAG(s) 'estatisticas_mongodb' retrieved from /opt/airflow/dags/estatisticas_mongodb.py
[2026-03-23T09:35:37.227+0000] {logging_mixin.py:190} INFO - [2026-03-23T09:35:37.226+0000] {dag.py:3211} INFO - Sync 1 DAGs
[2026-03-23T09:35:37.236+0000] {logging_mixin.py:190} INFO - [2026-03-23T09:35:37.235+0000] {dag.py:4138} INFO - Setting next_dagrun for estatisticas_mongodb to None, run_after=None
[2026-03-23T09:35:37.250+0000] {processor.py:208} INFO - Processing /opt/airflow/dags/estatisticas_mongodb.py took 0.491 seconds
[2026-03-23T09:36:07.632+0000] {processor.py:186} INFO - Started process (PID=328) to work on /opt/airflow/dags/estatisticas_mongodb.py
[2026-03-23T09:36:07.632+0000] {processor.py:914} INFO - Processing file /opt/airflow/dags/estatisticas_mongodb.py for tasks to queue
[2026-03-23T09:36:07.635+0000] {logging_mixin.py:190} INFO - [2026-03-23T09:36:07.635+0000] {dagbag.py:587} INFO - Filling up the DagBag from /opt/airflow/dags/estatisticas_mongodb.py
[2026-03-23T09:36:08.063+0000] {processor.py:925} INFO - DAG(s) 'estatisticas_mongodb' retrieved from /opt/airflow/dags/estatisticas_mongodb.py
[2026-03-23T09:36:08.086+0000] {logging_mixin.py:190} INFO - [2026-03-23T09:36:08.086+0000] {dag.py:3211} INFO - Sync 1 DAGs
[2026-03-23T09:36:08.095+0000] {logging_mixin.py:190} INFO - [2026-03-23T09:36:08.095+0000] {dag.py:4138} INFO - Setting next_dagrun for estatisticas_mongodb to None, run_after=None
[2026-03-23T09:36:08.111+0000] {processor.py:208} INFO - Processing /opt/airflow/dags/estatisticas_mongodb.py took 0.484 seconds
[2026-03-23T09:36:38.377+0000] {processor.py:186} INFO - Started process (PID=340) to work on /opt/airflow/dags/estatisticas_mongodb.py
[2026-03-23T09:36:38.377+0000] {processor.py:914} INFO - Processing file /opt/airflow/dags/estatisticas_mongodb.py for tasks to queue
[2026-03-23T09:36:38.380+0000] {logging_mixin.py:190} INFO - [2026-03-23T09:36:38.380+0000] {dagbag.py:587} INFO - Filling up the DagBag from /opt/airflow/dags/estatisticas_mongodb.py
[2026-03-23T09:36:38.802+0000] {processor.py:925} INFO - DAG(s) 'estatisticas_mongodb' retrieved from /opt/airflow/dags/estatisticas_mongodb.py
[2026-03-23T09:36:38.824+0000] {logging_mixin.py:190} INFO - [2026-03-23T09:36:38.824+0000] {dag.py:3211} INFO - Sync 1 DAGs
[2026-03-23T09:36:38.838+0000] {logging_mixin.py:190} INFO - [2026-03-23T09:36:38.837+0000] {dag.py:4138} INFO - Setting next_dagrun for estatisticas_mongodb to None, run_after=None
[2026-03-23T09:36:38.852+0000] {processor.py:208} INFO - Processing /opt/airflow/dags/estatisticas_mongodb.py took 0.480 seconds
[2026-03-23T09:37:09.111+0000] {processor.py:186} INFO - Started process (PID=352) to work on /opt/airflow/dags/estatisticas_mongodb.py
[2026-03-23T09:37:09.112+0000] {processor.py:914} INFO - Processing file /opt/airflow/dags/estatisticas_mongodb.py for tasks to queue
[2026-03-23T09:37:09.114+0000] {logging_mixin.py:190} INFO - [2026-03-23T09:37:09.114+0000] {dagbag.py:587} INFO - Filling up the DagBag from /opt/airflow/dags/estatisticas_mongodb.py
[2026-03-23T09:37:09.539+0000] {processor.py:925} INFO - DAG(s) 'estatisticas_mongodb' retrieved from /opt/airflow/dags/estatisticas_mongodb.py
[2026-03-23T09:37:09.557+0000] {logging_mixin.py:190} INFO - [2026-03-23T09:37:09.557+0000] {dag.py:3211} INFO - Sync 1 DAGs
[2026-03-23T09:37:09.568+0000] {logging_mixin.py:190} INFO - [2026-03-23T09:37:09.568+0000] {dag.py:4138} INFO - Setting next_dagrun for estatisticas_mongodb to None, run_after=None
[2026-03-23T09:37:09.586+0000] {processor.py:208} INFO - Processing /opt/airflow/dags/estatisticas_mongodb.py took 0.479 seconds
[2026-03-23T09:37:39.887+0000] {processor.py:186} INFO - Started process (PID=364) to work on /opt/airflow/dags/estatisticas_mongodb.py
[2026-03-23T09:37:39.889+0000] {processor.py:914} INFO - Processing file /opt/airflow/dags/estatisticas_mongodb.py for tasks to queue
[2026-03-23T09:37:39.891+0000] {logging_mixin.py:190} INFO - [2026-03-23T09:37:39.890+0000] {dagbag.py:587} INFO - Filling up the DagBag from /opt/airflow/dags/estatisticas_mongodb.py
[2026-03-23T09:37:40.300+0000] {processor.py:925} INFO - DAG(s) 'estatisticas_mongodb' retrieved from /opt/airflow/dags/estatisticas_mongodb.py
[2026-03-23T09:37:40.321+0000] {logging_mixin.py:190} INFO - [2026-03-23T09:37:40.321+0000] {dag.py:3211} INFO - Sync 1 DAGs
[2026-03-23T09:37:40.334+0000] {logging_mixin.py:190} INFO - [2026-03-23T09:37:40.333+0000] {dag.py:4138} INFO - Setting next_dagrun for estatisticas_mongodb to None, run_after=None
[2026-03-23T09:37:40.351+0000] {processor.py:208} INFO - Processing /opt/airflow/dags/estatisticas_mongodb.py took 0.468 seconds
[2026-03-23T09:38:10.688+0000] {processor.py:186} INFO - Started process (PID=376) to work on /opt/airflow/dags/estatisticas_mongodb.py
[2026-03-23T09:38:10.689+0000] {processor.py:914} INFO - Processing file /opt/airflow/dags/estatisticas_mongodb.py for tasks to queue
[2026-03-23T09:38:10.691+0000] {logging_mixin.py:190} INFO - [2026-03-23T09:38:10.691+0000] {dagbag.py:587} INFO - Filling up the DagBag from /opt/airflow/dags/estatisticas_mongodb.py
[2026-03-23T09:38:11.117+0000] {processor.py:925} INFO - DAG(s) 'estatisticas_mongodb' retrieved from /opt/airflow/dags/estatisticas_mongodb.py
[2026-03-23T09:38:11.137+0000] {logging_mixin.py:190} INFO - [2026-03-23T09:38:11.137+0000] {dag.py:3211} INFO - Sync 1 DAGs
[2026-03-23T09:38:11.147+0000] {logging_mixin.py:190} INFO - [2026-03-23T09:38:11.147+0000] {dag.py:4138} INFO - Setting next_dagrun for estatisticas_mongodb to None, run_after=None
[2026-03-23T09:38:11.162+0000] {processor.py:208} INFO - Processing /opt/airflow/dags/estatisticas_mongodb.py took 0.479 seconds
