[2026-03-23T09:29:25.921+0000] {processor.py:186} INFO - Started process (PID=175) to work on /opt/airflow/dags/etl_alunos.py
[2026-03-23T09:29:25.922+0000] {processor.py:914} INFO - Processing file /opt/airflow/dags/etl_alunos.py for tasks to queue
[2026-03-23T09:29:25.924+0000] {logging_mixin.py:190} INFO - [2026-03-23T09:29:25.924+0000] {dagbag.py:587} INFO - Filling up the DagBag from /opt/airflow/dags/etl_alunos.py
[2026-03-23T09:29:27.112+0000] {processor.py:925} INFO - DAG(s) 'etl_alunos' retrieved from /opt/airflow/dags/etl_alunos.py
[2026-03-23T09:29:27.306+0000] {logging_mixin.py:190} INFO - [2026-03-23T09:29:27.305+0000] {override.py:1858} INFO - Created Permission View: can edit on DAG:etl_alunos
[2026-03-23T09:29:27.316+0000] {logging_mixin.py:190} INFO - [2026-03-23T09:29:27.316+0000] {override.py:1858} INFO - Created Permission View: can delete on DAG:etl_alunos
[2026-03-23T09:29:27.321+0000] {logging_mixin.py:190} INFO - [2026-03-23T09:29:27.321+0000] {override.py:1858} INFO - Created Permission View: can read on DAG:etl_alunos
[2026-03-23T09:29:27.322+0000] {logging_mixin.py:190} INFO - [2026-03-23T09:29:27.322+0000] {dag.py:3211} INFO - Sync 1 DAGs
[2026-03-23T09:29:27.332+0000] {logging_mixin.py:190} INFO - [2026-03-23T09:29:27.331+0000] {dag.py:3234} INFO - Creating ORM DAG for etl_alunos
[2026-03-23T09:29:27.333+0000] {logging_mixin.py:190} INFO - [2026-03-23T09:29:27.332+0000] {dag.py:4138} INFO - Setting next_dagrun for etl_alunos to None, run_after=None
[2026-03-23T09:29:27.351+0000] {processor.py:208} INFO - Processing /opt/airflow/dags/etl_alunos.py took 1.436 seconds
[2026-03-23T09:29:57.700+0000] {processor.py:186} INFO - Started process (PID=187) to work on /opt/airflow/dags/etl_alunos.py
[2026-03-23T09:29:57.701+0000] {processor.py:914} INFO - Processing file /opt/airflow/dags/etl_alunos.py for tasks to queue
[2026-03-23T09:29:57.703+0000] {logging_mixin.py:190} INFO - [2026-03-23T09:29:57.703+0000] {dagbag.py:587} INFO - Filling up the DagBag from /opt/airflow/dags/etl_alunos.py
[2026-03-23T09:29:58.113+0000] {processor.py:925} INFO - DAG(s) 'etl_alunos' retrieved from /opt/airflow/dags/etl_alunos.py
[2026-03-23T09:29:58.143+0000] {logging_mixin.py:190} INFO - [2026-03-23T09:29:58.142+0000] {dag.py:3211} INFO - Sync 1 DAGs
[2026-03-23T09:29:58.152+0000] {logging_mixin.py:190} INFO - [2026-03-23T09:29:58.152+0000] {dag.py:4138} INFO - Setting next_dagrun for etl_alunos to None, run_after=None
[2026-03-23T09:29:58.170+0000] {processor.py:208} INFO - Processing /opt/airflow/dags/etl_alunos.py took 0.474 seconds
[2026-03-23T09:30:28.505+0000] {processor.py:186} INFO - Started process (PID=199) to work on /opt/airflow/dags/etl_alunos.py
[2026-03-23T09:30:28.506+0000] {processor.py:914} INFO - Processing file /opt/airflow/dags/etl_alunos.py for tasks to queue
[2026-03-23T09:30:28.509+0000] {logging_mixin.py:190} INFO - [2026-03-23T09:30:28.508+0000] {dagbag.py:587} INFO - Filling up the DagBag from /opt/airflow/dags/etl_alunos.py
[2026-03-23T09:30:28.932+0000] {processor.py:925} INFO - DAG(s) 'etl_alunos' retrieved from /opt/airflow/dags/etl_alunos.py
[2026-03-23T09:30:28.956+0000] {logging_mixin.py:190} INFO - [2026-03-23T09:30:28.956+0000] {dag.py:3211} INFO - Sync 1 DAGs
[2026-03-23T09:30:28.966+0000] {logging_mixin.py:190} INFO - [2026-03-23T09:30:28.966+0000] {dag.py:4138} INFO - Setting next_dagrun for etl_alunos to None, run_after=None
[2026-03-23T09:30:28.986+0000] {processor.py:208} INFO - Processing /opt/airflow/dags/etl_alunos.py took 0.486 seconds
[2026-03-23T09:30:59.339+0000] {processor.py:186} INFO - Started process (PID=211) to work on /opt/airflow/dags/etl_alunos.py
[2026-03-23T09:30:59.340+0000] {processor.py:914} INFO - Processing file /opt/airflow/dags/etl_alunos.py for tasks to queue
[2026-03-23T09:30:59.342+0000] {logging_mixin.py:190} INFO - [2026-03-23T09:30:59.341+0000] {dagbag.py:587} INFO - Filling up the DagBag from /opt/airflow/dags/etl_alunos.py
[2026-03-23T09:30:59.718+0000] {processor.py:925} INFO - DAG(s) 'etl_alunos' retrieved from /opt/airflow/dags/etl_alunos.py
[2026-03-23T09:30:59.742+0000] {logging_mixin.py:190} INFO - [2026-03-23T09:30:59.742+0000] {dag.py:3211} INFO - Sync 1 DAGs
[2026-03-23T09:30:59.751+0000] {logging_mixin.py:190} INFO - [2026-03-23T09:30:59.751+0000] {dag.py:4138} INFO - Setting next_dagrun for etl_alunos to None, run_after=None
[2026-03-23T09:30:59.766+0000] {processor.py:208} INFO - Processing /opt/airflow/dags/etl_alunos.py took 0.432 seconds
[2026-03-23T09:31:30.084+0000] {processor.py:186} INFO - Started process (PID=223) to work on /opt/airflow/dags/etl_alunos.py
[2026-03-23T09:31:30.085+0000] {processor.py:914} INFO - Processing file /opt/airflow/dags/etl_alunos.py for tasks to queue
[2026-03-23T09:31:30.087+0000] {logging_mixin.py:190} INFO - [2026-03-23T09:31:30.087+0000] {dagbag.py:587} INFO - Filling up the DagBag from /opt/airflow/dags/etl_alunos.py
[2026-03-23T09:31:30.521+0000] {processor.py:925} INFO - DAG(s) 'etl_alunos' retrieved from /opt/airflow/dags/etl_alunos.py
[2026-03-23T09:31:30.542+0000] {logging_mixin.py:190} INFO - [2026-03-23T09:31:30.541+0000] {dag.py:3211} INFO - Sync 1 DAGs
[2026-03-23T09:31:30.552+0000] {logging_mixin.py:190} INFO - [2026-03-23T09:31:30.552+0000] {dag.py:4138} INFO - Setting next_dagrun for etl_alunos to None, run_after=None
[2026-03-23T09:31:30.567+0000] {processor.py:208} INFO - Processing /opt/airflow/dags/etl_alunos.py took 0.489 seconds
[2026-03-23T09:32:00.974+0000] {processor.py:186} INFO - Started process (PID=235) to work on /opt/airflow/dags/etl_alunos.py
[2026-03-23T09:32:00.975+0000] {processor.py:914} INFO - Processing file /opt/airflow/dags/etl_alunos.py for tasks to queue
[2026-03-23T09:32:00.977+0000] {logging_mixin.py:190} INFO - [2026-03-23T09:32:00.977+0000] {dagbag.py:587} INFO - Filling up the DagBag from /opt/airflow/dags/etl_alunos.py
[2026-03-23T09:32:01.384+0000] {processor.py:925} INFO - DAG(s) 'etl_alunos' retrieved from /opt/airflow/dags/etl_alunos.py
[2026-03-23T09:32:01.418+0000] {logging_mixin.py:190} INFO - [2026-03-23T09:32:01.418+0000] {dag.py:3211} INFO - Sync 1 DAGs
[2026-03-23T09:32:01.432+0000] {logging_mixin.py:190} INFO - [2026-03-23T09:32:01.432+0000] {dag.py:4138} INFO - Setting next_dagrun for etl_alunos to None, run_after=None
[2026-03-23T09:32:01.455+0000] {processor.py:208} INFO - Processing /opt/airflow/dags/etl_alunos.py took 0.487 seconds
[2026-03-23T09:32:31.817+0000] {processor.py:186} INFO - Started process (PID=247) to work on /opt/airflow/dags/etl_alunos.py
[2026-03-23T09:32:31.818+0000] {processor.py:914} INFO - Processing file /opt/airflow/dags/etl_alunos.py for tasks to queue
[2026-03-23T09:32:31.820+0000] {logging_mixin.py:190} INFO - [2026-03-23T09:32:31.820+0000] {dagbag.py:587} INFO - Filling up the DagBag from /opt/airflow/dags/etl_alunos.py
[2026-03-23T09:32:32.282+0000] {processor.py:925} INFO - DAG(s) 'etl_alunos' retrieved from /opt/airflow/dags/etl_alunos.py
[2026-03-23T09:32:32.304+0000] {logging_mixin.py:190} INFO - [2026-03-23T09:32:32.304+0000] {dag.py:3211} INFO - Sync 1 DAGs
[2026-03-23T09:32:32.314+0000] {logging_mixin.py:190} INFO - [2026-03-23T09:32:32.314+0000] {dag.py:4138} INFO - Setting next_dagrun for etl_alunos to None, run_after=None
[2026-03-23T09:32:32.335+0000] {processor.py:208} INFO - Processing /opt/airflow/dags/etl_alunos.py took 0.524 seconds
[2026-03-23T09:33:02.665+0000] {processor.py:186} INFO - Started process (PID=259) to work on /opt/airflow/dags/etl_alunos.py
[2026-03-23T09:33:02.667+0000] {processor.py:914} INFO - Processing file /opt/airflow/dags/etl_alunos.py for tasks to queue
[2026-03-23T09:33:02.670+0000] {logging_mixin.py:190} INFO - [2026-03-23T09:33:02.669+0000] {dagbag.py:587} INFO - Filling up the DagBag from /opt/airflow/dags/etl_alunos.py
[2026-03-23T09:33:03.053+0000] {processor.py:925} INFO - DAG(s) 'etl_alunos' retrieved from /opt/airflow/dags/etl_alunos.py
[2026-03-23T09:33:03.077+0000] {logging_mixin.py:190} INFO - [2026-03-23T09:33:03.077+0000] {dag.py:3211} INFO - Sync 1 DAGs
[2026-03-23T09:33:03.088+0000] {logging_mixin.py:190} INFO - [2026-03-23T09:33:03.088+0000] {dag.py:4138} INFO - Setting next_dagrun for etl_alunos to None, run_after=None
[2026-03-23T09:33:03.107+0000] {processor.py:208} INFO - Processing /opt/airflow/dags/etl_alunos.py took 0.447 seconds
[2026-03-23T09:33:33.455+0000] {processor.py:186} INFO - Started process (PID=271) to work on /opt/airflow/dags/etl_alunos.py
[2026-03-23T09:33:33.456+0000] {processor.py:914} INFO - Processing file /opt/airflow/dags/etl_alunos.py for tasks to queue
[2026-03-23T09:33:33.458+0000] {logging_mixin.py:190} INFO - [2026-03-23T09:33:33.458+0000] {dagbag.py:587} INFO - Filling up the DagBag from /opt/airflow/dags/etl_alunos.py
[2026-03-23T09:33:33.861+0000] {processor.py:925} INFO - DAG(s) 'etl_alunos' retrieved from /opt/airflow/dags/etl_alunos.py
[2026-03-23T09:33:33.881+0000] {logging_mixin.py:190} INFO - [2026-03-23T09:33:33.881+0000] {dag.py:3211} INFO - Sync 1 DAGs
[2026-03-23T09:33:33.892+0000] {logging_mixin.py:190} INFO - [2026-03-23T09:33:33.892+0000] {dag.py:4138} INFO - Setting next_dagrun for etl_alunos to None, run_after=None
[2026-03-23T09:33:33.906+0000] {processor.py:208} INFO - Processing /opt/airflow/dags/etl_alunos.py took 0.458 seconds
[2026-03-23T09:34:04.278+0000] {processor.py:186} INFO - Started process (PID=283) to work on /opt/airflow/dags/etl_alunos.py
[2026-03-23T09:34:04.279+0000] {processor.py:914} INFO - Processing file /opt/airflow/dags/etl_alunos.py for tasks to queue
[2026-03-23T09:34:04.281+0000] {logging_mixin.py:190} INFO - [2026-03-23T09:34:04.281+0000] {dagbag.py:587} INFO - Filling up the DagBag from /opt/airflow/dags/etl_alunos.py
[2026-03-23T09:34:04.684+0000] {processor.py:925} INFO - DAG(s) 'etl_alunos' retrieved from /opt/airflow/dags/etl_alunos.py
[2026-03-23T09:34:04.708+0000] {logging_mixin.py:190} INFO - [2026-03-23T09:34:04.708+0000] {dag.py:3211} INFO - Sync 1 DAGs
[2026-03-23T09:34:04.718+0000] {logging_mixin.py:190} INFO - [2026-03-23T09:34:04.718+0000] {dag.py:4138} INFO - Setting next_dagrun for etl_alunos to None, run_after=None
[2026-03-23T09:34:04.738+0000] {processor.py:208} INFO - Processing /opt/airflow/dags/etl_alunos.py took 0.466 seconds
[2026-03-23T09:34:35.126+0000] {processor.py:186} INFO - Started process (PID=295) to work on /opt/airflow/dags/etl_alunos.py
[2026-03-23T09:34:35.127+0000] {processor.py:914} INFO - Processing file /opt/airflow/dags/etl_alunos.py for tasks to queue
[2026-03-23T09:34:35.129+0000] {logging_mixin.py:190} INFO - [2026-03-23T09:34:35.129+0000] {dagbag.py:587} INFO - Filling up the DagBag from /opt/airflow/dags/etl_alunos.py
[2026-03-23T09:34:35.527+0000] {processor.py:925} INFO - DAG(s) 'etl_alunos' retrieved from /opt/airflow/dags/etl_alunos.py
[2026-03-23T09:34:35.549+0000] {logging_mixin.py:190} INFO - [2026-03-23T09:34:35.549+0000] {dag.py:3211} INFO - Sync 1 DAGs
[2026-03-23T09:34:35.559+0000] {logging_mixin.py:190} INFO - [2026-03-23T09:34:35.559+0000] {dag.py:4138} INFO - Setting next_dagrun for etl_alunos to None, run_after=None
[2026-03-23T09:34:35.578+0000] {processor.py:208} INFO - Processing /opt/airflow/dags/etl_alunos.py took 0.457 seconds
[2026-03-23T09:35:05.958+0000] {processor.py:186} INFO - Started process (PID=307) to work on /opt/airflow/dags/etl_alunos.py
[2026-03-23T09:35:05.959+0000] {processor.py:914} INFO - Processing file /opt/airflow/dags/etl_alunos.py for tasks to queue
[2026-03-23T09:35:05.961+0000] {logging_mixin.py:190} INFO - [2026-03-23T09:35:05.961+0000] {dagbag.py:587} INFO - Filling up the DagBag from /opt/airflow/dags/etl_alunos.py
[2026-03-23T09:35:06.339+0000] {processor.py:925} INFO - DAG(s) 'etl_alunos' retrieved from /opt/airflow/dags/etl_alunos.py
[2026-03-23T09:35:06.361+0000] {logging_mixin.py:190} INFO - [2026-03-23T09:35:06.360+0000] {dag.py:3211} INFO - Sync 1 DAGs
[2026-03-23T09:35:06.370+0000] {logging_mixin.py:190} INFO - [2026-03-23T09:35:06.370+0000] {dag.py:4138} INFO - Setting next_dagrun for etl_alunos to None, run_after=None
[2026-03-23T09:35:06.388+0000] {processor.py:208} INFO - Processing /opt/airflow/dags/etl_alunos.py took 0.435 seconds
[2026-03-23T09:35:36.769+0000] {processor.py:186} INFO - Started process (PID=319) to work on /opt/airflow/dags/etl_alunos.py
[2026-03-23T09:35:36.770+0000] {processor.py:914} INFO - Processing file /opt/airflow/dags/etl_alunos.py for tasks to queue
[2026-03-23T09:35:36.772+0000] {logging_mixin.py:190} INFO - [2026-03-23T09:35:36.772+0000] {dagbag.py:587} INFO - Filling up the DagBag from /opt/airflow/dags/etl_alunos.py
[2026-03-23T09:35:37.178+0000] {processor.py:925} INFO - DAG(s) 'etl_alunos' retrieved from /opt/airflow/dags/etl_alunos.py
[2026-03-23T09:35:37.198+0000] {logging_mixin.py:190} INFO - [2026-03-23T09:35:37.198+0000] {dag.py:3211} INFO - Sync 1 DAGs
[2026-03-23T09:35:37.209+0000] {logging_mixin.py:190} INFO - [2026-03-23T09:35:37.209+0000] {dag.py:4138} INFO - Setting next_dagrun for etl_alunos to None, run_after=None
[2026-03-23T09:35:37.223+0000] {processor.py:208} INFO - Processing /opt/airflow/dags/etl_alunos.py took 0.457 seconds
[2026-03-23T09:36:07.638+0000] {processor.py:186} INFO - Started process (PID=331) to work on /opt/airflow/dags/etl_alunos.py
[2026-03-23T09:36:07.639+0000] {processor.py:914} INFO - Processing file /opt/airflow/dags/etl_alunos.py for tasks to queue
[2026-03-23T09:36:07.641+0000] {logging_mixin.py:190} INFO - [2026-03-23T09:36:07.641+0000] {dagbag.py:587} INFO - Filling up the DagBag from /opt/airflow/dags/etl_alunos.py
[2026-03-23T09:36:08.024+0000] {processor.py:925} INFO - DAG(s) 'etl_alunos' retrieved from /opt/airflow/dags/etl_alunos.py
[2026-03-23T09:36:08.048+0000] {logging_mixin.py:190} INFO - [2026-03-23T09:36:08.048+0000] {dag.py:3211} INFO - Sync 1 DAGs
[2026-03-23T09:36:08.057+0000] {logging_mixin.py:190} INFO - [2026-03-23T09:36:08.056+0000] {dag.py:4138} INFO - Setting next_dagrun for etl_alunos to None, run_after=None
[2026-03-23T09:36:08.074+0000] {processor.py:208} INFO - Processing /opt/airflow/dags/etl_alunos.py took 0.441 seconds
[2026-03-23T09:36:38.385+0000] {processor.py:186} INFO - Started process (PID=343) to work on /opt/airflow/dags/etl_alunos.py
[2026-03-23T09:36:38.386+0000] {processor.py:914} INFO - Processing file /opt/airflow/dags/etl_alunos.py for tasks to queue
[2026-03-23T09:36:38.388+0000] {logging_mixin.py:190} INFO - [2026-03-23T09:36:38.388+0000] {dagbag.py:587} INFO - Filling up the DagBag from /opt/airflow/dags/etl_alunos.py
[2026-03-23T09:36:38.780+0000] {processor.py:925} INFO - DAG(s) 'etl_alunos' retrieved from /opt/airflow/dags/etl_alunos.py
[2026-03-23T09:36:38.805+0000] {logging_mixin.py:190} INFO - [2026-03-23T09:36:38.804+0000] {dag.py:3211} INFO - Sync 1 DAGs
[2026-03-23T09:36:38.815+0000] {logging_mixin.py:190} INFO - [2026-03-23T09:36:38.815+0000] {dag.py:4138} INFO - Setting next_dagrun for etl_alunos to None, run_after=None
[2026-03-23T09:36:38.835+0000] {processor.py:208} INFO - Processing /opt/airflow/dags/etl_alunos.py took 0.456 seconds
[2026-03-23T09:37:09.118+0000] {processor.py:186} INFO - Started process (PID=355) to work on /opt/airflow/dags/etl_alunos.py
[2026-03-23T09:37:09.119+0000] {processor.py:914} INFO - Processing file /opt/airflow/dags/etl_alunos.py for tasks to queue
[2026-03-23T09:37:09.122+0000] {logging_mixin.py:190} INFO - [2026-03-23T09:37:09.122+0000] {dagbag.py:587} INFO - Filling up the DagBag from /opt/airflow/dags/etl_alunos.py
[2026-03-23T09:37:09.520+0000] {processor.py:925} INFO - DAG(s) 'etl_alunos' retrieved from /opt/airflow/dags/etl_alunos.py
[2026-03-23T09:37:09.543+0000] {logging_mixin.py:190} INFO - [2026-03-23T09:37:09.543+0000] {dag.py:3211} INFO - Sync 1 DAGs
[2026-03-23T09:37:09.553+0000] {logging_mixin.py:190} INFO - [2026-03-23T09:37:09.553+0000] {dag.py:4138} INFO - Setting next_dagrun for etl_alunos to None, run_after=None
[2026-03-23T09:37:09.571+0000] {processor.py:208} INFO - Processing /opt/airflow/dags/etl_alunos.py took 0.457 seconds
[2026-03-23T09:37:39.895+0000] {processor.py:186} INFO - Started process (PID=367) to work on /opt/airflow/dags/etl_alunos.py
[2026-03-23T09:37:39.897+0000] {processor.py:914} INFO - Processing file /opt/airflow/dags/etl_alunos.py for tasks to queue
[2026-03-23T09:37:39.899+0000] {logging_mixin.py:190} INFO - [2026-03-23T09:37:39.899+0000] {dagbag.py:587} INFO - Filling up the DagBag from /opt/airflow/dags/etl_alunos.py
[2026-03-23T09:37:40.280+0000] {processor.py:925} INFO - DAG(s) 'etl_alunos' retrieved from /opt/airflow/dags/etl_alunos.py
[2026-03-23T09:37:40.302+0000] {logging_mixin.py:190} INFO - [2026-03-23T09:37:40.302+0000] {dag.py:3211} INFO - Sync 1 DAGs
[2026-03-23T09:37:40.313+0000] {logging_mixin.py:190} INFO - [2026-03-23T09:37:40.312+0000] {dag.py:4138} INFO - Setting next_dagrun for etl_alunos to None, run_after=None
[2026-03-23T09:37:40.331+0000] {processor.py:208} INFO - Processing /opt/airflow/dags/etl_alunos.py took 0.440 seconds
[2026-03-23T09:38:10.697+0000] {processor.py:186} INFO - Started process (PID=379) to work on /opt/airflow/dags/etl_alunos.py
[2026-03-23T09:38:10.698+0000] {processor.py:914} INFO - Processing file /opt/airflow/dags/etl_alunos.py for tasks to queue
[2026-03-23T09:38:10.700+0000] {logging_mixin.py:190} INFO - [2026-03-23T09:38:10.700+0000] {dagbag.py:587} INFO - Filling up the DagBag from /opt/airflow/dags/etl_alunos.py
[2026-03-23T09:38:11.090+0000] {processor.py:925} INFO - DAG(s) 'etl_alunos' retrieved from /opt/airflow/dags/etl_alunos.py
[2026-03-23T09:38:11.119+0000] {logging_mixin.py:190} INFO - [2026-03-23T09:38:11.118+0000] {dag.py:3211} INFO - Sync 1 DAGs
[2026-03-23T09:38:11.129+0000] {logging_mixin.py:190} INFO - [2026-03-23T09:38:11.129+0000] {dag.py:4138} INFO - Setting next_dagrun for etl_alunos to None, run_after=None
[2026-03-23T09:38:11.144+0000] {processor.py:208} INFO - Processing /opt/airflow/dags/etl_alunos.py took 0.453 seconds
[2026-03-23T11:46:26.208+0000] {processor.py:186} INFO - Started process (PID=168) to work on /opt/airflow/dags/etl_alunos.py
[2026-03-23T11:46:26.209+0000] {processor.py:914} INFO - Processing file /opt/airflow/dags/etl_alunos.py for tasks to queue
[2026-03-23T11:46:26.213+0000] {logging_mixin.py:190} INFO - [2026-03-23T11:46:26.213+0000] {dagbag.py:587} INFO - Filling up the DagBag from /opt/airflow/dags/etl_alunos.py
[2026-03-23T11:46:31.196+0000] {processor.py:925} INFO - DAG(s) 'etl_alunos' retrieved from /opt/airflow/dags/etl_alunos.py
[2026-03-23T11:46:32.060+0000] {logging_mixin.py:190} INFO - [2026-03-23T11:46:32.058+0000] {override.py:1858} INFO - Created Permission View: can edit on DAG:etl_alunos
[2026-03-23T11:46:32.362+0000] {logging_mixin.py:190} INFO - [2026-03-23T11:46:32.361+0000] {override.py:1858} INFO - Created Permission View: can read on DAG:etl_alunos
[2026-03-23T11:46:32.375+0000] {logging_mixin.py:190} INFO - [2026-03-23T11:46:32.374+0000] {override.py:1858} INFO - Created Permission View: can delete on DAG:etl_alunos
[2026-03-23T11:46:32.379+0000] {logging_mixin.py:190} INFO - [2026-03-23T11:46:32.378+0000] {dag.py:3211} INFO - Sync 1 DAGs
[2026-03-23T11:46:32.397+0000] {logging_mixin.py:190} INFO - [2026-03-23T11:46:32.397+0000] {dag.py:3234} INFO - Creating ORM DAG for etl_alunos
[2026-03-23T11:46:32.399+0000] {logging_mixin.py:190} INFO - [2026-03-23T11:46:32.398+0000] {dag.py:4138} INFO - Setting next_dagrun for etl_alunos to None, run_after=None
[2026-03-23T11:46:32.425+0000] {processor.py:208} INFO - Processing /opt/airflow/dags/etl_alunos.py took 6.227 seconds
[2026-03-23T11:47:03.136+0000] {processor.py:186} INFO - Started process (PID=180) to work on /opt/airflow/dags/etl_alunos.py
[2026-03-23T11:47:03.138+0000] {processor.py:914} INFO - Processing file /opt/airflow/dags/etl_alunos.py for tasks to queue
[2026-03-23T11:47:03.142+0000] {logging_mixin.py:190} INFO - [2026-03-23T11:47:03.141+0000] {dagbag.py:587} INFO - Filling up the DagBag from /opt/airflow/dags/etl_alunos.py
[2026-03-23T11:47:05.233+0000] {processor.py:925} INFO - DAG(s) 'etl_alunos' retrieved from /opt/airflow/dags/etl_alunos.py
[2026-03-23T11:47:05.294+0000] {logging_mixin.py:190} INFO - [2026-03-23T11:47:05.293+0000] {dag.py:3211} INFO - Sync 1 DAGs
[2026-03-23T11:47:05.645+0000] {logging_mixin.py:190} INFO - [2026-03-23T11:47:05.644+0000] {dag.py:4138} INFO - Setting next_dagrun for etl_alunos to None, run_after=None
[2026-03-23T11:47:05.689+0000] {processor.py:208} INFO - Processing /opt/airflow/dags/etl_alunos.py took 2.558 seconds
[2026-03-23T11:47:36.040+0000] {processor.py:186} INFO - Started process (PID=192) to work on /opt/airflow/dags/etl_alunos.py
[2026-03-23T11:47:36.041+0000] {processor.py:914} INFO - Processing file /opt/airflow/dags/etl_alunos.py for tasks to queue
[2026-03-23T11:47:36.044+0000] {logging_mixin.py:190} INFO - [2026-03-23T11:47:36.043+0000] {dagbag.py:587} INFO - Filling up the DagBag from /opt/airflow/dags/etl_alunos.py
[2026-03-23T11:47:37.000+0000] {processor.py:925} INFO - DAG(s) 'etl_alunos' retrieved from /opt/airflow/dags/etl_alunos.py
[2026-03-23T11:47:37.064+0000] {logging_mixin.py:190} INFO - [2026-03-23T11:47:37.063+0000] {dag.py:3211} INFO - Sync 1 DAGs
[2026-03-23T11:47:37.096+0000] {logging_mixin.py:190} INFO - [2026-03-23T11:47:37.096+0000] {dag.py:4138} INFO - Setting next_dagrun for etl_alunos to None, run_after=None
[2026-03-23T11:47:37.129+0000] {processor.py:208} INFO - Processing /opt/airflow/dags/etl_alunos.py took 1.097 seconds
[2026-03-23T11:48:07.432+0000] {processor.py:186} INFO - Started process (PID=204) to work on /opt/airflow/dags/etl_alunos.py
[2026-03-23T11:48:07.433+0000] {processor.py:914} INFO - Processing file /opt/airflow/dags/etl_alunos.py for tasks to queue
[2026-03-23T11:48:07.436+0000] {logging_mixin.py:190} INFO - [2026-03-23T11:48:07.435+0000] {dagbag.py:587} INFO - Filling up the DagBag from /opt/airflow/dags/etl_alunos.py
[2026-03-23T11:48:08.142+0000] {processor.py:925} INFO - DAG(s) 'etl_alunos' retrieved from /opt/airflow/dags/etl_alunos.py
[2026-03-23T11:48:08.242+0000] {logging_mixin.py:190} INFO - [2026-03-23T11:48:08.242+0000] {dag.py:3211} INFO - Sync 1 DAGs
[2026-03-23T11:48:08.271+0000] {logging_mixin.py:190} INFO - [2026-03-23T11:48:08.271+0000] {dag.py:4138} INFO - Setting next_dagrun for etl_alunos to None, run_after=None
[2026-03-23T11:48:08.287+0000] {processor.py:208} INFO - Processing /opt/airflow/dags/etl_alunos.py took 0.831 seconds
[2026-03-23T11:48:39.133+0000] {processor.py:186} INFO - Started process (PID=216) to work on /opt/airflow/dags/etl_alunos.py
[2026-03-23T11:48:39.400+0000] {processor.py:914} INFO - Processing file /opt/airflow/dags/etl_alunos.py for tasks to queue
[2026-03-23T11:48:39.703+0000] {logging_mixin.py:190} INFO - [2026-03-23T11:48:39.702+0000] {dagbag.py:587} INFO - Filling up the DagBag from /opt/airflow/dags/etl_alunos.py
[2026-03-23T11:48:40.872+0000] {processor.py:925} INFO - DAG(s) 'etl_alunos' retrieved from /opt/airflow/dags/etl_alunos.py
[2026-03-23T11:48:40.904+0000] {logging_mixin.py:190} INFO - [2026-03-23T11:48:40.904+0000] {dag.py:3211} INFO - Sync 1 DAGs
[2026-03-23T11:48:40.915+0000] {logging_mixin.py:190} INFO - [2026-03-23T11:48:40.915+0000] {dag.py:4138} INFO - Setting next_dagrun for etl_alunos to None, run_after=None
[2026-03-23T11:48:40.932+0000] {processor.py:208} INFO - Processing /opt/airflow/dags/etl_alunos.py took 1.805 seconds
[2026-03-23T11:49:11.516+0000] {processor.py:186} INFO - Started process (PID=228) to work on /opt/airflow/dags/etl_alunos.py
[2026-03-23T11:49:11.517+0000] {processor.py:914} INFO - Processing file /opt/airflow/dags/etl_alunos.py for tasks to queue
[2026-03-23T11:49:11.519+0000] {logging_mixin.py:190} INFO - [2026-03-23T11:49:11.519+0000] {dagbag.py:587} INFO - Filling up the DagBag from /opt/airflow/dags/etl_alunos.py
[2026-03-23T11:49:11.927+0000] {processor.py:925} INFO - DAG(s) 'etl_alunos' retrieved from /opt/airflow/dags/etl_alunos.py
[2026-03-23T11:49:11.957+0000] {logging_mixin.py:190} INFO - [2026-03-23T11:49:11.957+0000] {dag.py:3211} INFO - Sync 1 DAGs
[2026-03-23T11:49:11.967+0000] {logging_mixin.py:190} INFO - [2026-03-23T11:49:11.967+0000] {dag.py:4138} INFO - Setting next_dagrun for etl_alunos to None, run_after=None
[2026-03-23T11:49:12.008+0000] {processor.py:208} INFO - Processing /opt/airflow/dags/etl_alunos.py took 0.495 seconds
[2026-03-23T11:49:42.330+0000] {processor.py:186} INFO - Started process (PID=240) to work on /opt/airflow/dags/etl_alunos.py
[2026-03-23T11:49:42.331+0000] {processor.py:914} INFO - Processing file /opt/airflow/dags/etl_alunos.py for tasks to queue
[2026-03-23T11:49:42.335+0000] {logging_mixin.py:190} INFO - [2026-03-23T11:49:42.335+0000] {dagbag.py:587} INFO - Filling up the DagBag from /opt/airflow/dags/etl_alunos.py
[2026-03-23T11:49:43.321+0000] {processor.py:925} INFO - DAG(s) 'etl_alunos' retrieved from /opt/airflow/dags/etl_alunos.py
[2026-03-23T11:49:43.383+0000] {logging_mixin.py:190} INFO - [2026-03-23T11:49:43.382+0000] {dag.py:3211} INFO - Sync 1 DAGs
[2026-03-23T11:49:43.401+0000] {logging_mixin.py:190} INFO - [2026-03-23T11:49:43.401+0000] {dag.py:4138} INFO - Setting next_dagrun for etl_alunos to None, run_after=None
[2026-03-23T11:49:43.426+0000] {processor.py:208} INFO - Processing /opt/airflow/dags/etl_alunos.py took 1.107 seconds
[2026-03-23T11:50:14.184+0000] {processor.py:186} INFO - Started process (PID=252) to work on /opt/airflow/dags/etl_alunos.py
[2026-03-23T11:50:14.186+0000] {processor.py:914} INFO - Processing file /opt/airflow/dags/etl_alunos.py for tasks to queue
[2026-03-23T11:50:14.189+0000] {logging_mixin.py:190} INFO - [2026-03-23T11:50:14.188+0000] {dagbag.py:587} INFO - Filling up the DagBag from /opt/airflow/dags/etl_alunos.py
[2026-03-23T11:50:14.816+0000] {processor.py:925} INFO - DAG(s) 'etl_alunos' retrieved from /opt/airflow/dags/etl_alunos.py
[2026-03-23T11:50:15.040+0000] {logging_mixin.py:190} INFO - [2026-03-23T11:50:15.039+0000] {dag.py:3211} INFO - Sync 1 DAGs
[2026-03-23T11:50:15.050+0000] {logging_mixin.py:190} INFO - [2026-03-23T11:50:15.050+0000] {dag.py:4138} INFO - Setting next_dagrun for etl_alunos to None, run_after=None
[2026-03-23T11:50:15.064+0000] {processor.py:208} INFO - Processing /opt/airflow/dags/etl_alunos.py took 1.199 seconds
[2026-03-23T11:50:45.469+0000] {processor.py:186} INFO - Started process (PID=264) to work on /opt/airflow/dags/etl_alunos.py
[2026-03-23T11:50:45.470+0000] {processor.py:914} INFO - Processing file /opt/airflow/dags/etl_alunos.py for tasks to queue
[2026-03-23T11:50:45.473+0000] {logging_mixin.py:190} INFO - [2026-03-23T11:50:45.472+0000] {dagbag.py:587} INFO - Filling up the DagBag from /opt/airflow/dags/etl_alunos.py
[2026-03-23T11:50:45.977+0000] {processor.py:925} INFO - DAG(s) 'etl_alunos' retrieved from /opt/airflow/dags/etl_alunos.py
[2026-03-23T11:50:46.050+0000] {logging_mixin.py:190} INFO - [2026-03-23T11:50:46.050+0000] {dag.py:3211} INFO - Sync 1 DAGs
[2026-03-23T11:50:46.100+0000] {logging_mixin.py:190} INFO - [2026-03-23T11:50:46.099+0000] {dag.py:4138} INFO - Setting next_dagrun for etl_alunos to None, run_after=None
[2026-03-23T11:50:46.140+0000] {processor.py:208} INFO - Processing /opt/airflow/dags/etl_alunos.py took 0.676 seconds
[2026-03-23T11:51:16.496+0000] {processor.py:186} INFO - Started process (PID=276) to work on /opt/airflow/dags/etl_alunos.py
[2026-03-23T11:51:16.497+0000] {processor.py:914} INFO - Processing file /opt/airflow/dags/etl_alunos.py for tasks to queue
[2026-03-23T11:51:16.500+0000] {logging_mixin.py:190} INFO - [2026-03-23T11:51:16.499+0000] {dagbag.py:587} INFO - Filling up the DagBag from /opt/airflow/dags/etl_alunos.py
[2026-03-23T11:51:18.008+0000] {processor.py:925} INFO - DAG(s) 'etl_alunos' retrieved from /opt/airflow/dags/etl_alunos.py
[2026-03-23T11:51:18.079+0000] {logging_mixin.py:190} INFO - [2026-03-23T11:51:18.079+0000] {dag.py:3211} INFO - Sync 1 DAGs
[2026-03-23T11:51:18.111+0000] {logging_mixin.py:190} INFO - [2026-03-23T11:51:18.111+0000] {dag.py:4138} INFO - Setting next_dagrun for etl_alunos to None, run_after=None
[2026-03-23T11:51:18.135+0000] {processor.py:208} INFO - Processing /opt/airflow/dags/etl_alunos.py took 1.645 seconds
[2026-03-23T11:51:48.404+0000] {processor.py:186} INFO - Started process (PID=288) to work on /opt/airflow/dags/etl_alunos.py
[2026-03-23T11:51:48.406+0000] {processor.py:914} INFO - Processing file /opt/airflow/dags/etl_alunos.py for tasks to queue
[2026-03-23T11:51:48.408+0000] {logging_mixin.py:190} INFO - [2026-03-23T11:51:48.408+0000] {dagbag.py:587} INFO - Filling up the DagBag from /opt/airflow/dags/etl_alunos.py
[2026-03-23T11:51:49.937+0000] {processor.py:925} INFO - DAG(s) 'etl_alunos' retrieved from /opt/airflow/dags/etl_alunos.py
[2026-03-23T11:51:50.014+0000] {logging_mixin.py:190} INFO - [2026-03-23T11:51:50.013+0000] {dag.py:3211} INFO - Sync 1 DAGs
[2026-03-23T11:51:50.053+0000] {logging_mixin.py:190} INFO - [2026-03-23T11:51:50.053+0000] {dag.py:4138} INFO - Setting next_dagrun for etl_alunos to None, run_after=None
[2026-03-23T11:51:50.067+0000] {processor.py:208} INFO - Processing /opt/airflow/dags/etl_alunos.py took 1.667 seconds
